<?xml version="1.0" encoding="UTF-8"?>
<coverage generated="1699115944216" clover="3.2.0">
  <project timestamp="1699115944216" name="All files">
    <metrics statements="1652" coveredstatements="479" conditionals="1314" coveredconditionals="351" methods="259" coveredmethods="77" elements="3225" coveredelements="907" complexity="0" loc="1652" ncloc="1652" packages="2" files="2" classes="2"/>
    <package name="app_lib">
      <metrics statements="823" coveredstatements="428" conditionals="557" coveredconditionals="337" methods="158" coveredmethods="70"/>
      <file name="vault_utils.ts" path="/home/system/Documents/Projects/cryptex-vault-web/src/app_lib/vault_utils.ts">
        <metrics statements="823" coveredstatements="428" conditionals="557" coveredconditionals="337" methods="158" coveredmethods="70"/>
        <line num="1" count="1" type="stmt"/>
        <line num="2" count="1" type="stmt"/>
        <line num="3" count="1" type="stmt"/>
        <line num="4" count="1" type="stmt"/>
        <line num="5" count="1" type="stmt"/>
        <line num="6" count="1" type="stmt"/>
        <line num="8" count="1" type="stmt"/>
        <line num="9" count="1" type="stmt"/>
        <line num="10" count="1" type="stmt"/>
        <line num="12" count="1" type="stmt"/>
        <line num="14" count="1" type="cond" truecount="2" falsecount="0"/>
        <line num="15" count="1" type="stmt"/>
        <line num="22" count="1" type="stmt"/>
        <line num="27" count="0" type="cond" truecount="0" falsecount="1"/>
        <line num="29" count="0" type="stmt"/>
        <line num="31" count="1" type="stmt"/>
        <line num="33" count="1" type="stmt"/>
        <line num="38" count="1" type="stmt"/>
        <line num="39" count="1" type="stmt"/>
        <line num="41" count="1" type="stmt"/>
        <line num="42" count="1" type="stmt"/>
        <line num="44" count="1" type="stmt"/>
        <line num="45" count="1" type="stmt"/>
        <line num="51" count="0" type="cond" truecount="0" falsecount="1"/>
        <line num="52" count="0" type="cond" truecount="0" falsecount="1"/>
        <line num="54" count="0" type="stmt"/>
        <line num="55" count="0" type="stmt"/>
        <line num="57" count="1" type="stmt"/>
        <line num="59" count="1" type="stmt"/>
        <line num="63" count="1" type="stmt"/>
        <line num="67" count="1" type="stmt"/>
        <line num="73" count="0" type="stmt"/>
        <line num="84" count="0" type="stmt"/>
        <line num="107" count="1" type="stmt"/>
        <line num="115" count="1" type="stmt"/>
        <line num="122" count="1" type="stmt"/>
        <line num="126" count="0" type="stmt"/>
        <line num="128" count="0" type="stmt"/>
        <line num="150" count="0" type="stmt"/>
        <line num="151" count="0" type="stmt"/>
        <line num="152" count="0" type="stmt"/>
        <line num="153" count="0" type="cond" truecount="0" falsecount="4"/>
        <line num="154" count="0" type="cond" truecount="0" falsecount="4"/>
        <line num="155" count="0" type="stmt"/>
        <line num="156" count="0" type="stmt"/>
        <line num="157" count="0" type="stmt"/>
        <line num="167" count="1" type="stmt"/>
        <line num="191" count="0" type="stmt"/>
        <line num="199" count="0" type="stmt"/>
        <line num="206" count="0" type="stmt"/>
        <line num="208" count="0" type="stmt"/>
        <line num="210" count="0" type="stmt"/>
        <line num="211" count="0" type="stmt"/>
        <line num="212" count="0" type="stmt"/>
        <line num="215" count="0" type="stmt"/>
        <line num="223" count="1" type="stmt"/>
        <line num="224" count="0" type="stmt"/>
        <line num="235" count="1" type="stmt"/>
        <line num="236" count="0" type="stmt"/>
        <line num="238" count="0" type="stmt"/>
        <line num="254" count="1" type="stmt"/>
        <line num="256" count="1" type="stmt"/>
        <line num="265" count="0" type="stmt"/>
        <line num="273" count="0" type="stmt"/>
        <line num="274" count="0" type="cond" truecount="0" falsecount="2"/>
        <line num="275" count="0" type="stmt"/>
        <line num="281" count="0" type="stmt"/>
        <line num="282" count="0" type="stmt"/>
        <line num="291" count="1" type="stmt"/>
        <line num="300" count="0" type="stmt"/>
        <line num="303" count="0" type="stmt"/>
        <line num="304" count="0" type="cond" truecount="0" falsecount="2"/>
        <line num="305" count="0" type="stmt"/>
        <line num="311" count="0" type="stmt"/>
        <line num="312" count="0" type="stmt"/>
        <line num="319" count="0" type="stmt"/>
        <line num="328" count="1" type="stmt"/>
        <line num="329" count="0" type="stmt"/>
        <line num="330" count="0" type="stmt"/>
        <line num="337" count="1" type="stmt"/>
        <line num="338" count="1" type="stmt"/>
        <line num="343" count="0" type="stmt"/>
        <line num="351" count="0" type="stmt"/>
        <line num="364" count="0" type="stmt"/>
        <line num="367" count="1" type="stmt"/>
        <line num="373" count="0" type="stmt"/>
        <line num="376" count="0" type="stmt"/>
        <line num="378" count="0" type="stmt"/>
        <line num="387" count="1" type="stmt"/>
        <line num="389" count="1" type="stmt"/>
        <line num="390" count="1" type="stmt"/>
        <line num="399" count="0" type="stmt"/>
        <line num="403" count="0" type="stmt"/>
        <line num="409" count="0" type="cond" truecount="0" falsecount="1"/>
        <line num="412" count="0" type="stmt"/>
        <line num="418" count="0" type="cond" truecount="0" falsecount="1"/>
        <line num="421" count="0" type="stmt"/>
        <line num="428" count="0" type="stmt"/>
        <line num="436" count="0" type="stmt"/>
        <line num="439" count="0" type="stmt"/>
        <line num="440" count="0" type="stmt"/>
        <line num="449" count="0" type="stmt"/>
        <line num="451" count="0" type="stmt"/>
        <line num="468" count="1" type="stmt"/>
        <line num="477" count="0" type="stmt"/>
        <line num="480" count="0" type="stmt"/>
        <line num="481" count="0" type="stmt"/>
        <line num="482" count="0" type="stmt"/>
        <line num="488" count="0" type="cond" truecount="0" falsecount="1"/>
        <line num="491" count="0" type="stmt"/>
        <line num="497" count="0" type="cond" truecount="0" falsecount="1"/>
        <line num="500" count="0" type="stmt"/>
        <line num="507" count="0" type="stmt"/>
        <line num="515" count="0" type="stmt"/>
        <line num="518" count="0" type="stmt"/>
        <line num="528" count="0" type="stmt"/>
        <line num="530" count="1" type="stmt"/>
        <line num="532" count="1" type="stmt"/>
        <line num="533" count="1" type="stmt"/>
        <line num="542" count="0" type="stmt"/>
        <line num="545" count="0" type="stmt"/>
        <line num="547" count="0" type="stmt"/>
        <line num="553" count="0" type="cond" truecount="0" falsecount="1"/>
        <line num="556" count="0" type="stmt"/>
        <line num="561" count="0" type="stmt"/>
        <line num="563" count="0" type="stmt"/>
        <line num="565" count="0" type="cond" truecount="0" falsecount="1"/>
        <line num="568" count="0" type="stmt"/>
        <line num="575" count="0" type="stmt"/>
        <line num="578" count="0" type="stmt"/>
        <line num="580" count="0" type="stmt"/>
        <line num="581" count="0" type="stmt"/>
        <line num="588" count="0" type="stmt"/>
        <line num="605" count="1" type="stmt"/>
        <line num="614" count="0" type="stmt"/>
        <line num="617" count="0" type="stmt"/>
        <line num="619" count="0" type="stmt"/>
        <line num="620" count="0" type="stmt"/>
        <line num="621" count="0" type="stmt"/>
        <line num="626" count="0" type="cond" truecount="0" falsecount="1"/>
        <line num="629" count="0" type="stmt"/>
        <line num="634" count="0" type="stmt"/>
        <line num="636" count="0" type="stmt"/>
        <line num="638" count="0" type="cond" truecount="0" falsecount="1"/>
        <line num="641" count="0" type="stmt"/>
        <line num="648" count="0" type="stmt"/>
        <line num="651" count="0" type="stmt"/>
        <line num="656" count="0" type="stmt"/>
        <line num="662" count="0" type="stmt"/>
        <line num="673" count="0" type="stmt"/>
        <line num="675" count="1" type="stmt"/>
        <line num="678" count="1" type="cond" truecount="2" falsecount="0"/>
        <line num="684" count="1" type="stmt"/>
        <line num="688" count="1" type="cond" truecount="2" falsecount="0"/>
        <line num="689" count="1" type="stmt"/>
        <line num="693" count="1" type="stmt"/>
        <line num="695" count="1" type="stmt"/>
        <line num="702" count="1" type="stmt"/>
        <line num="706" count="0" type="cond" truecount="0" falsecount="1"/>
        <line num="707" count="0" type="stmt"/>
        <line num="711" count="0" type="stmt"/>
        <line num="716" count="0" type="stmt"/>
        <line num="723" count="1" type="stmt"/>
        <line num="724" count="0" type="stmt"/>
        <line num="748" count="1" type="cond" truecount="2" falsecount="0"/>
        <line num="749" count="1" type="cond" truecount="2" falsecount="0"/>
        <line num="750" count="1" type="stmt"/>
        <line num="755" count="1" type="stmt"/>
        <line num="762" count="0" type="stmt"/>
        <line num="763" count="0" type="stmt"/>
        <line num="767" count="0" type="stmt"/>
        <line num="769" count="0" type="stmt"/>
        <line num="772" count="0" type="stmt"/>
        <line num="775" count="0" type="stmt"/>
        <line num="784" count="0" type="cond" truecount="0" falsecount="1"/>
        <line num="786" count="0" type="stmt"/>
        <line num="788" count="0" type="stmt"/>
        <line num="792" count="1" type="stmt"/>
        <line num="795" count="0" type="stmt"/>
        <line num="797" count="0" type="stmt"/>
        <line num="798" count="0" type="stmt"/>
        <line num="799" count="0" type="stmt"/>
        <line num="800" count="0" type="stmt"/>
        <line num="801" count="0" type="stmt"/>
        <line num="802" count="0" type="stmt"/>
        <line num="803" count="0" type="stmt"/>
        <line num="807" count="1" type="cond" truecount="2" falsecount="0"/>
        <line num="808" count="1" type="cond" truecount="2" falsecount="0"/>
        <line num="809" count="1" type="stmt"/>
        <line num="810" count="1" type="stmt"/>
        <line num="811" count="1" type="stmt"/>
        <line num="825" count="1" type="stmt"/>
        <line num="838" count="1" type="stmt"/>
        <line num="900" count="1" type="stmt"/>
        <line num="907" count="0" type="stmt"/>
        <line num="913" count="0" type="stmt"/>
        <line num="917" count="0" type="cond" truecount="0" falsecount="12"/>
        <line num="919" count="0" type="stmt"/>
        <line num="923" count="0" type="stmt"/>
        <line num="928" count="1" type="stmt"/>
        <line num="936" count="1" type="stmt"/>
        <line num="944" count="1" type="cond" truecount="0" falsecount="1"/>
        <line num="946" count="1" type="stmt"/>
        <line num="951" count="30" type="cond" truecount="4" falsecount="0"/>
        <line num="952" count="30" type="cond" truecount="3" falsecount="0"/>
        <line num="953" count="18" type="stmt"/>
        <line num="956" count="1" type="stmt"/>
        <line num="959" count="3" type="cond" truecount="2" falsecount="1"/>
        <line num="960" count="3" type="stmt"/>
        <line num="965" count="1" type="stmt"/>
        <line num="968" count="9" type="cond" truecount="2" falsecount="1"/>
        <line num="970" count="0" type="stmt"/>
        <line num="972" count="0" type="cond" truecount="0" falsecount="1"/>
        <line num="974" count="0" type="stmt"/>
        <line num="977" count="1" type="stmt"/>
        <line num="980" count="9" type="cond" truecount="2" falsecount="1"/>
        <line num="982" count="0" type="stmt"/>
        <line num="984" count="0" type="stmt"/>
        <line num="988" count="0" type="stmt"/>
        <line num="992" count="1" type="stmt"/>
        <line num="995" count="3" type="cond" truecount="2" falsecount="1"/>
        <line num="996" count="0" type="stmt"/>
        <line num="997" count="0" type="stmt"/>
        <line num="998" count="0" type="stmt"/>
        <line num="1001" count="1" type="stmt"/>
        <line num="1004" count="3" type="stmt"/>
        <line num="1005" count="3" type="stmt"/>
        <line num="1029" count="3" type="stmt"/>
        <line num="1033" count="2" type="stmt"/>
        <line num="1035" count="0" type="stmt"/>
        <line num="1040" count="0" type="stmt"/>
        <line num="1045" count="1" type="stmt"/>
        <line num="1051" count="1" type="stmt"/>
        <line num="1052" count="1" type="stmt"/>
        <line num="1054" count="1" type="stmt"/>
        <line num="1055" count="1" type="stmt"/>
        <line num="1056" count="1" type="stmt"/>
        <line num="1060" count="1" type="stmt"/>
        <line num="1061" count="1" type="stmt"/>
        <line num="1063" count="3" type="stmt"/>
        <line num="1064" count="3" type="stmt"/>
        <line num="1073" count="3" type="cond" truecount="3" falsecount="1"/>
        <line num="1076" count="3" type="stmt"/>
        <line num="1078" count="3" type="stmt"/>
        <line num="1080" count="3" type="cond" truecount="1" falsecount="0"/>
        <line num="1081" count="3" type="stmt"/>
        <line num="1087" count="3" type="cond" truecount="3" falsecount="1"/>
        <line num="1090" count="3" type="cond" truecount="1" falsecount="1"/>
        <line num="1094" count="3" type="cond" truecount="1" falsecount="1"/>
        <line num="1098" count="3" type="stmt"/>
        <line num="1106" count="0" type="stmt"/>
        <line num="1107" count="0" type="stmt"/>
        <line num="1111" count="3" type="cond" truecount="3" falsecount="1"/>
        <line num="1112" count="0" type="cond" truecount="0" falsecount="1"/>
        <line num="1113" count="0" type="stmt"/>
        <line num="1119" count="0" type="stmt"/>
        <line num="1120" count="0" type="stmt"/>
        <line num="1121" count="0" type="stmt"/>
        <line num="1122" count="0" type="stmt"/>
        <line num="1124" count="0" type="stmt"/>
        <line num="1128" count="3" type="stmt"/>
        <line num="1132" count="1" type="stmt"/>
        <line num="1133" count="3" type="stmt"/>
        <line num="1142" count="0" type="stmt"/>
        <line num="1145" count="1" type="stmt"/>
        <line num="1151" count="1" type="stmt"/>
        <line num="1152" count="0" type="stmt"/>
        <line num="1155" count="1" type="stmt"/>
        <line num="1160" count="1" type="stmt"/>
        <line num="1176" count="0" type="stmt"/>
        <line num="1177" count="0" type="stmt"/>
        <line num="1178" count="0" type="stmt"/>
        <line num="1179" count="0" type="stmt"/>
        <line num="1180" count="0" type="stmt"/>
        <line num="1181" count="0" type="stmt"/>
        <line num="1182" count="0" type="stmt"/>
        <line num="1183" count="0" type="stmt"/>
        <line num="1191" count="1" type="stmt"/>
        <line num="1193" count="0" type="cond" truecount="0" falsecount="1"/>
        <line num="1194" count="0" type="cond" truecount="0" falsecount="1"/>
        <line num="1196" count="0" type="stmt"/>
        <line num="1198" count="0" type="stmt"/>
        <line num="1199" count="0" type="stmt"/>
        <line num="1200" count="0" type="stmt"/>
        <line num="1201" count="0" type="stmt"/>
        <line num="1204" count="0" type="stmt"/>
        <line num="1205" count="0" type="stmt"/>
        <line num="1211" count="0" type="stmt"/>
        <line num="1214" count="0" type="stmt"/>
        <line num="1223" count="0" type="stmt"/>
        <line num="1232" count="1" type="stmt"/>
        <line num="1234" count="0" type="stmt"/>
        <line num="1239" count="0" type="cond" truecount="0" falsecount="1"/>
        <line num="1241" count="0" type="stmt"/>
        <line num="1244" count="0" type="stmt"/>
        <line num="1248" count="0" type="stmt"/>
        <line num="1261" count="0" type="stmt"/>
        <line num="1273" count="1" type="stmt"/>
        <line num="1280" count="0" type="stmt"/>
        <line num="1283" count="0" type="stmt"/>
        <line num="1286" count="0" type="stmt"/>
        <line num="1288" count="0" type="stmt"/>
        <line num="1289" count="0" type="stmt"/>
        <line num="1293" count="0" type="stmt"/>
        <line num="1296" count="0" type="stmt"/>
        <line num="1304" count="0" type="stmt"/>
        <line num="1309" count="0" type="stmt"/>
        <line num="1314" count="0" type="stmt"/>
        <line num="1321" count="0" type="stmt"/>
        <line num="1324" count="0" type="stmt"/>
        <line num="1329" count="0" type="stmt"/>
        <line num="1332" count="0" type="stmt"/>
        <line num="1337" count="0" type="stmt"/>
        <line num="1352" count="0" type="stmt"/>
        <line num="1358" count="0" type="stmt"/>
        <line num="1362" count="0" type="stmt"/>
        <line num="1366" count="0" type="stmt"/>
        <line num="1372" count="1" type="stmt"/>
        <line num="1374" count="0" type="stmt"/>
        <line num="1377" count="0" type="stmt"/>
        <line num="1385" count="1" type="stmt"/>
        <line num="1389" count="0" type="stmt"/>
        <line num="1394" count="0" type="stmt"/>
        <line num="1397" count="0" type="stmt"/>
        <line num="1400" count="0" type="stmt"/>
        <line num="1404" count="0" type="stmt"/>
        <line num="1415" count="0" type="stmt"/>
        <line num="1418" count="1" type="stmt"/>
        <line num="1422" count="0" type="stmt"/>
        <line num="1424" count="0" type="stmt"/>
        <line num="1428" count="0" type="stmt"/>
        <line num="1430" count="0" type="cond" truecount="0" falsecount="1"/>
        <line num="1434" count="0" type="stmt"/>
        <line num="1440" count="0" type="stmt"/>
        <line num="1442" count="1" type="stmt"/>
        <line num="1444" count="1" type="cond" truecount="2" falsecount="0"/>
        <line num="1445" count="1" type="stmt"/>
        <line num="1454" count="1" type="stmt"/>
        <line num="1455" count="1" type="stmt"/>
        <line num="1456" count="1" type="stmt"/>
        <line num="1457" count="1" type="stmt"/>
        <line num="1465" count="39" type="stmt"/>
        <line num="1466" count="39" type="stmt"/>
        <line num="1467" count="39" type="stmt"/>
        <line num="1468" count="39" type="stmt"/>
        <line num="1469" count="39" type="stmt"/>
        <line num="1472" count="1" type="stmt"/>
        <line num="1476" count="0" type="stmt"/>
        <line num="1484" count="0" type="stmt"/>
        <line num="1486" count="0" type="stmt"/>
        <line num="1491" count="1" type="stmt"/>
        <line num="1493" count="1" type="stmt"/>
        <line num="1500" count="0" type="stmt"/>
        <line num="1501" count="0" type="stmt"/>
        <line num="1502" count="0" type="stmt"/>
        <line num="1503" count="0" type="stmt"/>
        <line num="1505" count="1" type="stmt"/>
        <line num="1507" count="1" type="stmt"/>
        <line num="1508" count="1" type="stmt"/>
        <line num="1535" count="1" type="stmt"/>
        <line num="1557" count="10021" type="cond" truecount="6" falsecount="0"/>
        <line num="1559" count="10021" type="cond" truecount="8" falsecount="0"/>
        <line num="1560" count="10021" type="cond" truecount="6" falsecount="0"/>
        <line num="1562" count="10021" type="cond" truecount="6" falsecount="0"/>
        <line num="1563" count="10021" type="cond" truecount="6" falsecount="0"/>
        <line num="1564" count="10021" type="cond" truecount="6" falsecount="0"/>
        <line num="1565" count="10021" type="cond" truecount="6" falsecount="0"/>
        <line num="1568" count="10021" type="cond" truecount="6" falsecount="0"/>
        <line num="1569" count="10021" type="cond" truecount="6" falsecount="0"/>
        <line num="1570" count="10021" type="cond" truecount="6" falsecount="0"/>
        <line num="1572" count="10021" type="cond" truecount="8" falsecount="0"/>
        <line num="1573" count="10021" type="cond" truecount="8" falsecount="0"/>
        <line num="1574" count="10021" type="cond" truecount="8" falsecount="0"/>
        <line num="1576" count="10021" type="cond" truecount="8" falsecount="0"/>
        <line num="1579" count="1" type="stmt"/>
        <line num="1584" count="54" type="cond" truecount="0" falsecount="1"/>
        <line num="1585" count="0" type="cond" truecount="0" falsecount="4"/>
        <line num="1587" count="54" type="cond" truecount="0" falsecount="1"/>
        <line num="1588" count="0" type="cond" truecount="0" falsecount="4"/>
        <line num="1590" count="54" type="cond" truecount="1" falsecount="0"/>
        <line num="1591" count="10" type="cond" truecount="3" falsecount="1"/>
        <line num="1593" count="54" type="cond" truecount="1" falsecount="0"/>
        <line num="1594" count="9" type="cond" truecount="3" falsecount="1"/>
        <line num="1596" count="54" type="cond" truecount="1" falsecount="0"/>
        <line num="1597" count="8" type="cond" truecount="3" falsecount="1"/>
        <line num="1599" count="54" type="cond" truecount="1" falsecount="0"/>
        <line num="1600" count="9" type="cond" truecount="2" falsecount="0"/>
        <line num="1604" count="54" type="cond" truecount="1" falsecount="0"/>
        <line num="1605" count="5" type="cond" truecount="3" falsecount="1"/>
        <line num="1607" count="54" type="cond" truecount="1" falsecount="0"/>
        <line num="1608" count="7" type="cond" truecount="3" falsecount="1"/>
        <line num="1610" count="54" type="cond" truecount="1" falsecount="0"/>
        <line num="1611" count="6" type="cond" truecount="3" falsecount="1"/>
        <line num="1613" count="54" type="cond" truecount="0" falsecount="1"/>
        <line num="1614" count="0" type="stmt"/>
        <line num="1617" count="54" type="cond" truecount="1" falsecount="0"/>
        <line num="1618" count="54" type="stmt"/>
        <line num="1621" count="54" type="cond" truecount="1" falsecount="0"/>
        <line num="1622" count="8" type="stmt"/>
        <line num="1626" count="54" type="cond" truecount="0" falsecount="1"/>
        <line num="1627" count="0" type="stmt"/>
        <line num="1630" count="17" type="stmt"/>
        <line num="1635" count="17" type="cond" truecount="3" falsecount="1"/>
        <line num="1636" count="17" type="cond" truecount="3" falsecount="1"/>
        <line num="1638" count="17" type="cond" truecount="3" falsecount="1"/>
        <line num="1639" count="17" type="cond" truecount="3" falsecount="1"/>
        <line num="1644" count="2" type="cond" truecount="3" falsecount="1"/>
        <line num="1645" count="2" type="stmt"/>
        <line num="1648" count="17" type="cond" truecount="2" falsecount="0"/>
        <line num="1651" count="17" type="cond" truecount="3" falsecount="1"/>
        <line num="1652" count="17" type="cond" truecount="3" falsecount="1"/>
        <line num="1653" count="17" type="cond" truecount="3" falsecount="1"/>
        <line num="1658" count="17" type="stmt"/>
        <line num="1660" count="17" type="cond" truecount="3" falsecount="1"/>
        <line num="1664" count="71" type="stmt"/>
        <line num="1666" count="71" type="stmt"/>
        <line num="1669" count="86" type="stmt"/>
        <line num="1672" count="86" type="stmt"/>
        <line num="1691" count="86" type="stmt"/>
        <line num="1693" count="86" type="stmt"/>
        <line num="1695" count="86" type="stmt"/>
        <line num="1699" count="1118" type="stmt"/>
        <line num="1702" count="1118" type="cond" truecount="4" falsecount="0"/>
        <line num="1707" count="86" type="cond" truecount="8" falsecount="0"/>
        <line num="1708" count="86" type="cond" truecount="8" falsecount="0"/>
        <line num="1709" count="86" type="cond" truecount="8" falsecount="0"/>
        <line num="1710" count="86" type="cond" truecount="8" falsecount="0"/>
        <line num="1711" count="86" type="cond" truecount="8" falsecount="0"/>
        <line num="1713" count="86" type="stmt"/>
        <line num="1722" count="1" type="stmt"/>
        <line num="1725" count="171" type="cond" truecount="1" falsecount="0"/>
        <line num="1727" count="86" type="stmt"/>
        <line num="1729" count="86" type="stmt"/>
        <line num="1734" count="86" type="stmt"/>
        <line num="1736" count="86" type="stmt"/>
        <line num="1738" count="1" type="stmt"/>
        <line num="1748" count="1" type="stmt"/>
        <line num="1754" count="10020" type="stmt"/>
        <line num="1757" count="10020" type="stmt"/>
        <line num="1759" count="10020" type="stmt"/>
        <line num="1767" count="71" type="stmt"/>
        <line num="1768" count="71" type="stmt"/>
        <line num="1770" count="71" type="stmt"/>
        <line num="1786" count="71" type="stmt"/>
        <line num="1793" count="0" type="stmt"/>
        <line num="1794" count="0" type="stmt"/>
        <line num="1798" count="12" type="stmt"/>
        <line num="1799" count="12" type="stmt"/>
        <line num="1803" count="11" type="stmt"/>
        <line num="1804" count="11" type="stmt"/>
        <line num="1808" count="10" type="stmt"/>
        <line num="1809" count="10" type="stmt"/>
        <line num="1816" count="14" type="cond" truecount="2" falsecount="0"/>
        <line num="1819" count="14" type="stmt"/>
        <line num="1823" count="7" type="stmt"/>
        <line num="1824" count="7" type="stmt"/>
        <line num="1828" count="9" type="stmt"/>
        <line num="1829" count="9" type="stmt"/>
        <line num="1833" count="8" type="stmt"/>
        <line num="1834" count="8" type="stmt"/>
        <line num="1838" count="0" type="stmt"/>
        <line num="1839" count="0" type="stmt"/>
        <line num="1843" count="71" type="stmt"/>
        <line num="1844" count="71" type="stmt"/>
        <line num="1851" count="10" type="stmt"/>
        <line num="1853" count="10" type="stmt"/>
        <line num="1860" count="407" type="stmt"/>
        <line num="1865" count="71" type="stmt"/>
        <line num="1875" count="0" type="stmt"/>
        <line num="1879" count="1" type="stmt"/>
        <line num="1890" count="1" type="stmt"/>
        <line num="1896" count="0" type="stmt"/>
        <line num="1897" count="0" type="stmt"/>
        <line num="1903" count="0" type="cond" truecount="0" falsecount="1"/>
        <line num="1904" count="0" type="cond" truecount="0" falsecount="1"/>
        <line num="1905" count="0" type="cond" truecount="0" falsecount="1"/>
        <line num="1906" count="0" type="cond" truecount="0" falsecount="1"/>
        <line num="1907" count="0" type="cond" truecount="0" falsecount="1"/>
        <line num="1908" count="0" type="cond" truecount="0" falsecount="1"/>
        <line num="1909" count="0" type="cond" truecount="0" falsecount="1"/>
        <line num="1911" count="0" type="stmt"/>
        <line num="1912" count="0" type="stmt"/>
        <line num="1913" count="0" type="stmt"/>
        <line num="1914" count="0" type="stmt"/>
        <line num="1915" count="0" type="stmt"/>
        <line num="1916" count="0" type="stmt"/>
        <line num="1917" count="0" type="stmt"/>
        <line num="1920" count="1" type="stmt"/>
        <line num="1921" count="0" type="stmt"/>
        <line num="1923" count="0" type="stmt"/>
        <line num="1926" count="1" type="stmt"/>
        <line num="1928" count="0" type="stmt"/>
        <line num="1932" count="1" type="stmt"/>
        <line num="1933" count="0" type="stmt"/>
        <line num="1936" count="1" type="stmt"/>
        <line num="1937" count="0" type="stmt"/>
        <line num="1940" count="1" type="stmt"/>
        <line num="1941" count="0" type="stmt"/>
        <line num="1943" count="1" type="stmt"/>
        <line num="1951" count="1" type="stmt"/>
        <line num="1957" count="29" type="stmt"/>
        <line num="1959" count="29" type="stmt"/>
        <line num="1961" count="1" type="stmt"/>
        <line num="1966" count="0" type="stmt"/>
        <line num="1967" count="0" type="stmt"/>
        <line num="1968" count="0" type="stmt"/>
        <line num="1969" count="0" type="stmt"/>
        <line num="1972" count="1" type="stmt"/>
        <line num="1973" count="0" type="stmt"/>
        <line num="1974" count="0" type="stmt"/>
        <line num="1975" count="0" type="stmt"/>
        <line num="1976" count="0" type="stmt"/>
        <line num="1977" count="0" type="stmt"/>
        <line num="1980" count="1" type="stmt"/>
        <line num="1981" count="0" type="stmt"/>
        <line num="1989" count="1" type="stmt"/>
        <line num="1992" count="0" type="cond" truecount="0" falsecount="1"/>
        <line num="1993" count="0" type="cond" truecount="0" falsecount="1"/>
        <line num="1998" count="0" type="stmt"/>
        <line num="2011" count="1" type="stmt"/>
        <line num="2012" count="0" type="stmt"/>
        <line num="2013" count="0" type="stmt"/>
        <line num="2017" count="1" type="stmt"/>
        <line num="2018" count="0" type="stmt"/>
        <line num="2019" count="0" type="cond" truecount="0" falsecount="4"/>
        <line num="2023" count="1" type="cond" truecount="0" falsecount="1"/>
        <line num="2024" count="0" type="stmt"/>
        <line num="2025" count="0" type="stmt"/>
        <line num="2038" count="1" type="stmt"/>
        <line num="2043" count="0" type="stmt"/>
        <line num="2047" count="0" type="stmt"/>
        <line num="2051" count="0" type="stmt"/>
        <line num="2052" count="0" type="stmt"/>
        <line num="2053" count="0" type="stmt"/>
        <line num="2054" count="0" type="stmt"/>
        <line num="2056" count="0" type="stmt"/>
        <line num="2057" count="0" type="stmt"/>
        <line num="2058" count="0" type="stmt"/>
        <line num="2067" count="0" type="stmt"/>
        <line num="2080" count="0" type="stmt"/>
        <line num="2083" count="0" type="stmt"/>
        <line num="2093" count="1" type="stmt"/>
        <line num="2103" count="0" type="stmt"/>
        <line num="2109" count="0" type="stmt"/>
        <line num="2111" count="0" type="stmt"/>
        <line num="2113" count="0" type="stmt"/>
        <line num="2116" count="0" type="stmt"/>
        <line num="2122" count="0" type="stmt"/>
        <line num="2127" count="0" type="stmt"/>
        <line num="2137" count="0" type="stmt"/>
        <line num="2141" count="0" type="stmt"/>
        <line num="2143" count="0" type="stmt"/>
        <line num="2148" count="1" type="stmt"/>
        <line num="2153" count="1" type="stmt"/>
        <line num="2161" count="29" type="stmt"/>
        <line num="2168" count="29" type="stmt"/>
        <line num="2175" count="29" type="stmt"/>
        <line num="2177" count="1" type="stmt"/>
        <line num="2178" count="0" type="stmt"/>
        <line num="2180" count="1" type="stmt"/>
        <line num="2182" count="1" type="stmt"/>
        <line num="2189" count="1" type="stmt"/>
        <line num="2195" count="4" type="cond" truecount="0" falsecount="3"/>
        <line num="2196" count="4" type="stmt"/>
        <line num="2197" count="4" type="stmt"/>
        <line num="2198" count="4" type="stmt"/>
        <line num="2199" count="4" type="stmt"/>
        <line num="2201" count="1" type="stmt"/>
        <line num="2203" count="1" type="stmt"/>
        <line num="2207" count="29" type="stmt"/>
        <line num="2214" count="29" type="stmt"/>
        <line num="2217" count="29" type="stmt"/>
        <line num="2218" count="29" type="stmt"/>
        <line num="2220" count="29" type="stmt"/>
        <line num="2222" count="29" type="stmt"/>
        <line num="2224" count="58" type="cond" truecount="3" falsecount="0"/>
        <line num="2225" count="29" type="stmt"/>
        <line num="2226" count="29" type="stmt"/>
        <line num="2228" count="29" type="stmt"/>
        <line num="2229" count="29" type="cond" truecount="1" falsecount="1"/>
        <line num="2236" count="1" type="stmt"/>
        <line num="2248" count="0" type="stmt"/>
        <line num="2252" count="0" type="stmt"/>
        <line num="2255" count="0" type="stmt"/>
        <line num="2257" count="0" type="stmt"/>
        <line num="2266" count="1" type="stmt"/>
        <line num="2267" count="0" type="stmt"/>
        <line num="2272" count="0" type="stmt"/>
        <line num="2273" count="0" type="stmt"/>
        <line num="2274" count="0" type="stmt"/>
        <line num="2275" count="0" type="stmt"/>
        <line num="2276" count="0" type="stmt"/>
        <line num="2277" count="0" type="stmt"/>
        <line num="2278" count="0" type="stmt"/>
        <line num="2282" count="0" type="stmt"/>
        <line num="2289" count="1" type="stmt"/>
        <line num="2290" count="1033611" type="stmt"/>
        <line num="2298" count="1" type="stmt"/>
        <line num="2300" count="1" type="stmt"/>
        <line num="2312" count="1" type="stmt"/>
        <line num="2314" count="90" type="stmt"/>
        <line num="2320" count="90" type="stmt"/>
        <line num="2322" count="90" type="stmt"/>
        <line num="2323" count="262" type="cond" truecount="1" falsecount="0"/>
        <line num="2324" count="86" type="stmt"/>
        <line num="2328" count="90" type="stmt"/>
        <line num="2334" count="90" type="stmt"/>
        <line num="2342" count="1" type="stmt"/>
        <line num="2343" count="46" type="cond" truecount="1" falsecount="0"/>
        <line num="2344" count="2" type="stmt"/>
        <line num="2348" count="22" type="cond" truecount="6" falsecount="2"/>
        <line num="2356" count="1" type="stmt"/>
        <line num="2357" count="22" type="stmt"/>
        <line num="2366" count="1" type="stmt"/>
        <line num="2370" count="28" type="cond" truecount="1" falsecount="0"/>
        <line num="2371" count="2" type="stmt"/>
        <line num="2372" count="2" type="stmt"/>
        <line num="2374" count="4" type="cond" truecount="1" falsecount="0"/>
        <line num="2375" count="2" type="stmt"/>
        <line num="2378" count="2" type="stmt"/>
        <line num="2381" count="77" type="stmt"/>
        <line num="2385" count="2" type="stmt"/>
        <line num="2389" count="11" type="stmt"/>
        <line num="2402" count="1" type="stmt"/>
        <line num="2404" count="10006" type="stmt"/>
        <line num="2407" count="10006" type="stmt"/>
        <line num="2411" count="0" type="stmt"/>
        <line num="2412" count="0" type="stmt"/>
        <line num="2415" count="88" type="stmt"/>
        <line num="2417" count="88" type="stmt"/>
        <line num="2418" count="88" type="stmt"/>
        <line num="2420" count="88" type="stmt"/>
        <line num="2421" count="88" type="stmt"/>
        <line num="2432" count="0" type="stmt"/>
        <line num="2445" count="0" type="stmt"/>
        <line num="2449" count="88" type="stmt"/>
        <line num="2450" count="88" type="stmt"/>
        <line num="2452" count="88" type="stmt"/>
        <line num="2455" count="1" type="stmt"/>
        <line num="2456" count="11" type="stmt"/>
        <line num="2460" count="0" type="stmt"/>
        <line num="2461" count="0" type="stmt"/>
        <line num="2465" count="143" type="cond" truecount="1" falsecount="0"/>
        <line num="2466" count="66" type="cond" truecount="2" falsecount="1"/>
        <line num="2467" count="121" type="cond" truecount="1" falsecount="0"/>
        <line num="2468" count="22" type="stmt"/>
        <line num="2470" count="56" type="cond" truecount="1" falsecount="0"/>
        <line num="2472" count="108" type="stmt"/>
        <line num="2474" count="1" type="cond" truecount="0" falsecount="1"/>
        <line num="2477" count="2" type="stmt"/>
        <line num="2482" count="11" type="stmt"/>
        <line num="2493" count="1" type="stmt"/>
        <line num="2498" count="10020" type="stmt"/>
        <line num="2500" count="10020" type="stmt"/>
        <line num="2501" count="10020" type="stmt"/>
        <line num="2502" count="10020" type="stmt"/>
        <line num="2504" count="20026" type="cond" truecount="1" falsecount="0"/>
        <line num="2506" count="28" type="stmt"/>
        <line num="2510" count="10020" type="stmt"/>
        <line num="2513" count="10020" type="stmt"/>
        <line num="2515" count="10020" type="stmt"/>
        <line num="2516" count="20040" type="stmt"/>
        <line num="2517" count="10020" type="stmt"/>
        <line num="2519" count="10020" type="stmt"/>
        <line num="2521" count="10020" type="stmt"/>
        <line num="2531" count="1" type="stmt"/>
        <line num="2535" count="71" type="stmt"/>
        <line num="2541" count="0" type="stmt"/>
        <line num="2547" count="0" type="stmt"/>
        <line num="2551" count="71" type="cond" truecount="11" falsecount="1"/>
        <line num="2554" count="71" type="stmt"/>
        <line num="2556" count="71" type="cond" truecount="3" falsecount="1"/>
        <line num="2560" count="0" type="stmt"/>
        <line num="2564" count="0" type="stmt"/>
        <line num="2570" count="0" type="stmt"/>
        <line num="2573" count="71" type="stmt"/>
        <line num="2575" count="71" type="stmt"/>
        <line num="2577" count="71" type="cond" truecount="0" falsecount="1"/>
        <line num="2579" count="142" type="stmt"/>
        <line num="2582" count="71" type="stmt"/>
        <line num="2587" count="71" type="cond" truecount="0" falsecount="1"/>
        <line num="2588" count="142" type="stmt"/>
        <line num="2591" count="71" type="stmt"/>
        <line num="2593" count="71" type="stmt"/>
        <line num="2601" count="1" type="stmt"/>
        <line num="2602" count="3" type="stmt"/>
        <line num="2604" count="3" type="stmt"/>
        <line num="2605" count="3" type="stmt"/>
        <line num="2606" count="3" type="stmt"/>
        <line num="2608" count="3" type="cond" truecount="0" falsecount="1"/>
        <line num="2609" count="3" type="stmt"/>
        <line num="2614" count="3" type="stmt"/>
        <line num="2615" count="3" type="stmt"/>
        <line num="2616" count="3" type="stmt"/>
        <line num="2618" count="6" type="stmt"/>
        <line num="2621" count="3" type="stmt"/>
        <line num="2626" count="1" type="stmt"/>
        <line num="2627" count="5" type="stmt"/>
        <line num="2628" count="4" type="stmt"/>
        <line num="2635" count="1" type="cond" truecount="1" falsecount="0"/>
        <line num="2636" count="1" type="cond" truecount="1" falsecount="0"/>
        <line num="2637" count="1" type="cond" truecount="1" falsecount="0"/>
        <line num="2641" count="4" type="stmt"/>
        <line num="2643" count="4" type="cond" truecount="7" falsecount="1"/>
        <line num="2645" count="4" type="cond" truecount="1" falsecount="0"/>
        <line num="2647" count="4" type="stmt"/>
        <line num="2653" count="1" type="stmt"/>
        <line num="2654" count="1" type="stmt"/>
        <line num="2657" count="1" type="stmt"/>
        <line num="2669" count="1" type="stmt"/>
        <line num="2673" count="0" type="stmt"/>
        <line num="2683" count="0" type="stmt"/>
        <line num="2689" count="0" type="stmt"/>
        <line num="2695" count="0" type="stmt"/>
        <line num="2696" count="0" type="stmt"/>
        <line num="2703" count="0" type="stmt"/>
        <line num="2706" count="0" type="stmt"/>
        <line num="2714" count="0" type="stmt"/>
        <line num="2715" count="0" type="stmt"/>
        <line num="2726" count="0" type="stmt"/>
        <line num="2728" count="1" type="stmt"/>
        <line num="2730" count="1" type="cond" truecount="2" falsecount="0"/>
        <line num="2732" count="1" type="stmt"/>
        <line num="2734" count="1" type="stmt"/>
        <line num="2755" count="0" type="stmt"/>
        <line num="2756" count="0" type="stmt"/>
        <line num="2757" count="0" type="stmt"/>
        <line num="2758" count="0" type="cond" truecount="0" falsecount="4"/>
        <line num="2759" count="0" type="cond" truecount="0" falsecount="4"/>
        <line num="2762" count="1" type="stmt"/>
        <line num="2769" count="0" type="stmt"/>
        <line num="2778" count="1" type="stmt"/>
        <line num="2779" count="0" type="stmt"/>
        <line num="2780" count="0" type="stmt"/>
        <line num="2789" count="1" type="stmt"/>
        <line num="2790" count="0" type="stmt"/>
        <line num="2793" count="1" type="stmt"/>
        <line num="2794" count="0" type="cond" truecount="0" falsecount="4"/>
        <line num="2797" count="1" type="stmt"/>
        <line num="2798" count="0" type="cond" truecount="0" falsecount="4"/>
        <line num="2801" count="1" type="stmt"/>
        <line num="2802" count="0" type="stmt"/>
        <line num="2805" count="1" type="stmt"/>
        <line num="2808" count="0" type="stmt"/>
        <line num="2811" count="1" type="stmt"/>
        <line num="2812" count="0" type="stmt"/>
        <line num="2814" count="1" type="stmt"/>
        <line num="2816" count="1" type="cond" truecount="2" falsecount="0"/>
        <line num="2817" count="1" type="stmt"/>
        <line num="2818" count="1" type="stmt"/>
        <line num="2819" count="1" type="stmt"/>
        <line num="2820" count="1" type="stmt"/>
        <line num="2821" count="1" type="stmt"/>
        <line num="2832" count="1" type="stmt"/>
        <line num="2833" count="0" type="stmt"/>
        <line num="2838" count="1" type="stmt"/>
        <line num="2839" count="0" type="stmt"/>
        <line num="2847" count="0" type="stmt"/>
        <line num="2849" count="0" type="stmt"/>
        <line num="2852" count="1" type="stmt"/>
        <line num="2853" count="0" type="stmt"/>
        <line num="2855" count="0" type="stmt"/>
        <line num="2857" count="0" type="stmt"/>
        <line num="2860" count="1" type="stmt"/>
        <line num="2869" count="0" type="stmt"/>
        <line num="2871" count="0" type="stmt"/>
        <line num="2872" count="0" type="stmt"/>
        <line num="2873" count="0" type="stmt"/>
        <line num="2878" count="0" type="stmt"/>
        <line num="2886" count="0" type="stmt"/>
        <line num="2890" count="1" type="stmt"/>
        <line num="2892" count="0" type="stmt"/>
        <line num="2894" count="0" type="cond" truecount="0" falsecount="4"/>
        <line num="2895" count="0" type="cond" truecount="0" falsecount="4"/>
        <line num="2898" count="0" type="stmt"/>
        <line num="2899" count="0" type="stmt"/>
        <line num="2900" count="0" type="stmt"/>
        <line num="2904" count="1" type="stmt"/>
        <line num="2905" count="0" type="stmt"/>
        <line num="2907" count="0" type="stmt"/>
        <line num="2909" count="0" type="stmt"/>
        <line num="2917" count="1" type="stmt"/>
        <line num="2918" count="0" type="stmt"/>
        <line num="2920" count="0" type="stmt"/>
        <line num="2922" count="0" type="stmt"/>
        <line num="2930" count="1" type="stmt"/>
        <line num="2934" count="0" type="stmt"/>
        <line num="2936" count="0" type="stmt"/>
        <line num="2937" count="0" type="cond" truecount="0" falsecount="4"/>
        <line num="2938" count="0" type="cond" truecount="0" falsecount="4"/>
        <line num="2940" count="0" type="stmt"/>
        <line num="2942" count="0" type="stmt"/>
        <line num="2944" count="1" type="stmt"/>
        <line num="2949" count="1" type="stmt"/>
        <line num="2955" count="1" type="stmt"/>
        <line num="2960" count="0" type="stmt"/>
        <line num="2971" count="1" type="stmt"/>
        <line num="2976" count="0" type="cond" truecount="0" falsecount="1"/>
        <line num="2978" count="0" type="stmt"/>
        <line num="2980" count="0" type="stmt"/>
        <line num="2981" count="0" type="stmt"/>
        <line num="2984" count="0" type="stmt"/>
        <line num="2985" count="0" type="stmt"/>
        <line num="2986" count="0" type="stmt"/>
        <line num="2987" count="0" type="stmt"/>
        <line num="2991" count="0" type="stmt"/>
        <line num="2994" count="0" type="stmt"/>
        <line num="2995" count="0" type="stmt"/>
        <line num="2997" count="0" type="stmt"/>
        <line num="2998" count="0" type="stmt"/>
        <line num="3005" count="0" type="cond" truecount="0" falsecount="2"/>
        <line num="3009" count="0" type="stmt"/>
        <line num="3016" count="0" type="stmt"/>
        <line num="3019" count="0" type="cond" truecount="0" falsecount="2"/>
        <line num="3022" count="0" type="cond" truecount="0" falsecount="2"/>
        <line num="3027" count="0" type="stmt"/>
        <line num="3030" count="0" type="stmt"/>
        <line num="3033" count="0" type="stmt"/>
        <line num="3034" count="0" type="stmt"/>
        <line num="3046" count="0" type="stmt"/>
        <line num="3048" count="1" type="stmt"/>
        <line num="3052" count="1" type="stmt"/>
        <line num="3063" count="1" type="stmt"/>
      </file>
    </package>
    <package name="app_lib.proto">
      <metrics statements="829" coveredstatements="51" conditionals="757" coveredconditionals="14" methods="101" coveredmethods="7"/>
      <file name="vault.ts" path="/home/system/Documents/Projects/cryptex-vault-web/src/app_lib/proto/vault.ts">
        <metrics statements="829" coveredstatements="51" conditionals="757" coveredconditionals="14" methods="101" coveredmethods="7"/>
        <line num="2" count="1" type="stmt"/>
        <line num="3" count="1" type="stmt"/>
        <line num="5" count="1" type="stmt"/>
        <line num="7" count="1" type="cond" truecount="2" falsecount="0"/>
        <line num="8" count="1" type="stmt"/>
        <line num="9" count="1" type="stmt"/>
        <line num="12" count="1" type="cond" truecount="2" falsecount="0"/>
        <line num="13" count="1" type="stmt"/>
        <line num="14" count="1" type="stmt"/>
        <line num="17" count="1" type="cond" truecount="2" falsecount="0"/>
        <line num="18" count="1" type="stmt"/>
        <line num="19" count="1" type="stmt"/>
        <line num="20" count="1" type="stmt"/>
        <line num="21" count="1" type="stmt"/>
        <line num="24" count="1" type="cond" truecount="2" falsecount="0"/>
        <line num="25" count="1" type="stmt"/>
        <line num="26" count="1" type="stmt"/>
        <line num="27" count="1" type="stmt"/>
        <line num="28" count="1" type="stmt"/>
        <line num="31" count="1" type="cond" truecount="2" falsecount="0"/>
        <line num="32" count="1" type="stmt"/>
        <line num="33" count="1" type="stmt"/>
        <line num="34" count="1" type="stmt"/>
        <line num="37" count="1" type="cond" truecount="2" falsecount="0"/>
        <line num="38" count="1" type="stmt"/>
        <line num="39" count="1" type="stmt"/>
        <line num="40" count="1" type="stmt"/>
        <line num="44" count="1" type="cond" truecount="2" falsecount="0"/>
        <line num="45" count="1" type="stmt"/>
        <line num="46" count="1" type="stmt"/>
        <line num="47" count="1" type="stmt"/>
        <line num="48" count="1" type="stmt"/>
        <line num="49" count="1" type="stmt"/>
        <line num="50" count="1" type="stmt"/>
        <line num="230" count="0" type="stmt"/>
        <line num="233" count="1" type="stmt"/>
        <line num="236" count="0" type="cond" truecount="0" falsecount="1"/>
        <line num="239" count="0" type="stmt"/>
        <line num="242" count="0" type="stmt"/>
        <line num="244" count="0" type="stmt"/>
        <line num="252" count="0" type="cond" truecount="0" falsecount="2"/>
        <line num="253" count="0" type="cond" truecount="0" falsecount="2"/>
        <line num="254" count="0" type="stmt"/>
        <line num="256" count="0" type="stmt"/>
        <line num="260" count="0" type="stmt"/>
        <line num="263" count="0" type="stmt"/>
        <line num="264" count="0" type="stmt"/>
        <line num="267" count="0" type="stmt"/>
        <line num="270" count="0" type="stmt"/>
        <line num="271" count="0" type="stmt"/>
        <line num="274" count="0" type="stmt"/>
        <line num="276" count="0" type="stmt"/>
        <line num="278" count="0" type="stmt"/>
        <line num="284" count="0" type="cond" truecount="0" falsecount="4"/>
        <line num="289" count="0" type="stmt"/>
        <line num="290" count="0" type="cond" truecount="0" falsecount="4"/>
        <line num="291" count="0" type="cond" truecount="0" falsecount="4"/>
        <line num="292" count="0" type="stmt"/>
        <line num="297" count="0" type="stmt"/>
        <line num="300" count="1" type="stmt"/>
        <line num="303" count="0" type="cond" truecount="0" falsecount="1"/>
        <line num="306" count="0" type="stmt"/>
        <line num="308" count="0" type="stmt"/>
        <line num="316" count="0" type="cond" truecount="0" falsecount="2"/>
        <line num="317" count="0" type="cond" truecount="0" falsecount="2"/>
        <line num="318" count="0" type="stmt"/>
        <line num="320" count="0" type="stmt"/>
        <line num="324" count="0" type="stmt"/>
        <line num="327" count="0" type="stmt"/>
        <line num="328" count="0" type="stmt"/>
        <line num="331" count="0" type="stmt"/>
        <line num="333" count="0" type="stmt"/>
        <line num="335" count="0" type="stmt"/>
        <line num="341" count="0" type="cond" truecount="0" falsecount="4"/>
        <line num="346" count="0" type="stmt"/>
        <line num="347" count="0" type="cond" truecount="0" falsecount="4"/>
        <line num="348" count="0" type="stmt"/>
        <line num="353" count="0" type="stmt"/>
        <line num="363" count="1" type="stmt"/>
        <line num="366" count="0" type="cond" truecount="0" falsecount="1"/>
        <line num="369" count="0" type="stmt"/>
        <line num="372" count="0" type="stmt"/>
        <line num="375" count="0" type="stmt"/>
        <line num="378" count="0" type="stmt"/>
        <line num="381" count="0" type="stmt"/>
        <line num="384" count="0" type="stmt"/>
        <line num="387" count="0" type="stmt"/>
        <line num="390" count="0" type="stmt"/>
        <line num="393" count="0" type="stmt"/>
        <line num="398" count="0" type="stmt"/>
        <line num="403" count="0" type="cond" truecount="0" falsecount="2"/>
        <line num="404" count="0" type="cond" truecount="0" falsecount="2"/>
        <line num="405" count="0" type="stmt"/>
        <line num="407" count="0" type="stmt"/>
        <line num="411" count="0" type="stmt"/>
        <line num="414" count="0" type="stmt"/>
        <line num="415" count="0" type="stmt"/>
        <line num="418" count="0" type="stmt"/>
        <line num="421" count="0" type="stmt"/>
        <line num="422" count="0" type="stmt"/>
        <line num="425" count="0" type="stmt"/>
        <line num="428" count="0" type="stmt"/>
        <line num="429" count="0" type="stmt"/>
        <line num="432" count="0" type="stmt"/>
        <line num="435" count="0" type="stmt"/>
        <line num="436" count="0" type="stmt"/>
        <line num="439" count="0" type="stmt"/>
        <line num="442" count="0" type="stmt"/>
        <line num="443" count="0" type="stmt"/>
        <line num="446" count="0" type="stmt"/>
        <line num="449" count="0" type="stmt"/>
        <line num="450" count="0" type="stmt"/>
        <line num="453" count="0" type="stmt"/>
        <line num="456" count="0" type="stmt"/>
        <line num="457" count="0" type="stmt"/>
        <line num="460" count="0" type="stmt"/>
        <line num="463" count="0" type="stmt"/>
        <line num="464" count="0" type="stmt"/>
        <line num="467" count="0" type="stmt"/>
        <line num="470" count="0" type="stmt"/>
        <line num="474" count="0" type="stmt"/>
        <line num="477" count="0" type="stmt"/>
        <line num="479" count="0" type="stmt"/>
        <line num="481" count="0" type="stmt"/>
        <line num="487" count="0" type="cond" truecount="0" falsecount="4"/>
        <line num="492" count="0" type="stmt"/>
        <line num="493" count="0" type="cond" truecount="0" falsecount="4"/>
        <line num="494" count="0" type="cond" truecount="0" falsecount="4"/>
        <line num="495" count="0" type="cond" truecount="0" falsecount="4"/>
        <line num="496" count="0" type="cond" truecount="0" falsecount="4"/>
        <line num="497" count="0" type="cond" truecount="0" falsecount="4"/>
        <line num="498" count="0" type="cond" truecount="0" falsecount="4"/>
        <line num="499" count="0" type="cond" truecount="0" falsecount="4"/>
        <line num="500" count="0" type="cond" truecount="0" falsecount="4"/>
        <line num="501" count="0" type="stmt"/>
        <line num="505" count="0" type="stmt"/>
        <line num="510" count="0" type="stmt"/>
        <line num="523" count="1" type="stmt"/>
        <line num="526" count="0" type="cond" truecount="0" falsecount="1"/>
        <line num="529" count="0" type="stmt"/>
        <line num="532" count="0" type="stmt"/>
        <line num="535" count="0" type="stmt"/>
        <line num="538" count="0" type="stmt"/>
        <line num="541" count="0" type="stmt"/>
        <line num="547" count="0" type="stmt"/>
        <line num="553" count="0" type="stmt"/>
        <line num="556" count="0" type="stmt"/>
        <line num="559" count="0" type="stmt"/>
        <line num="561" count="0" type="stmt"/>
        <line num="566" count="0" type="cond" truecount="0" falsecount="2"/>
        <line num="567" count="0" type="cond" truecount="0" falsecount="2"/>
        <line num="568" count="0" type="stmt"/>
        <line num="570" count="0" type="stmt"/>
        <line num="574" count="0" type="stmt"/>
        <line num="577" count="0" type="stmt"/>
        <line num="578" count="0" type="stmt"/>
        <line num="581" count="0" type="stmt"/>
        <line num="584" count="0" type="stmt"/>
        <line num="585" count="0" type="stmt"/>
        <line num="588" count="0" type="stmt"/>
        <line num="591" count="0" type="stmt"/>
        <line num="592" count="0" type="stmt"/>
        <line num="595" count="0" type="stmt"/>
        <line num="598" count="0" type="stmt"/>
        <line num="599" count="0" type="stmt"/>
        <line num="602" count="0" type="stmt"/>
        <line num="605" count="0" type="stmt"/>
        <line num="610" count="0" type="stmt"/>
        <line num="613" count="0" type="stmt"/>
        <line num="616" count="0" type="stmt"/>
        <line num="620" count="0" type="stmt"/>
        <line num="623" count="0" type="stmt"/>
        <line num="626" count="0" type="stmt"/>
        <line num="627" count="0" type="stmt"/>
        <line num="630" count="0" type="stmt"/>
        <line num="633" count="0" type="stmt"/>
        <line num="634" count="0" type="stmt"/>
        <line num="637" count="0" type="stmt"/>
        <line num="640" count="0" type="stmt"/>
        <line num="641" count="0" type="stmt"/>
        <line num="644" count="0" type="stmt"/>
        <line num="646" count="0" type="stmt"/>
        <line num="648" count="0" type="stmt"/>
        <line num="654" count="0" type="cond" truecount="0" falsecount="4"/>
        <line num="659" count="0" type="stmt"/>
        <line num="660" count="0" type="cond" truecount="0" falsecount="4"/>
        <line num="661" count="0" type="cond" truecount="0" falsecount="4"/>
        <line num="662" count="0" type="cond" truecount="0" falsecount="4"/>
        <line num="663" count="0" type="cond" truecount="0" falsecount="4"/>
        <line num="664" count="0" type="stmt"/>
        <line num="671" count="0" type="stmt"/>
        <line num="676" count="0" type="cond" truecount="0" falsecount="4"/>
        <line num="677" count="0" type="cond" truecount="0" falsecount="4"/>
        <line num="678" count="0" type="cond" truecount="0" falsecount="4"/>
        <line num="679" count="0" type="stmt"/>
        <line num="684" count="0" type="stmt"/>
        <line num="687" count="1" type="stmt"/>
        <line num="690" count="0" type="cond" truecount="0" falsecount="1"/>
        <line num="693" count="0" type="stmt"/>
        <line num="696" count="0" type="stmt"/>
        <line num="699" count="0" type="stmt"/>
        <line num="702" count="0" type="stmt"/>
        <line num="704" count="0" type="stmt"/>
        <line num="709" count="0" type="cond" truecount="0" falsecount="2"/>
        <line num="710" count="0" type="cond" truecount="0" falsecount="2"/>
        <line num="711" count="0" type="stmt"/>
        <line num="713" count="0" type="stmt"/>
        <line num="717" count="0" type="stmt"/>
        <line num="720" count="0" type="stmt"/>
        <line num="721" count="0" type="stmt"/>
        <line num="724" count="0" type="stmt"/>
        <line num="727" count="0" type="stmt"/>
        <line num="728" count="0" type="stmt"/>
        <line num="731" count="0" type="stmt"/>
        <line num="734" count="0" type="stmt"/>
        <line num="735" count="0" type="stmt"/>
        <line num="738" count="0" type="stmt"/>
        <line num="741" count="0" type="stmt"/>
        <line num="742" count="0" type="stmt"/>
        <line num="745" count="0" type="stmt"/>
        <line num="747" count="0" type="stmt"/>
        <line num="749" count="0" type="stmt"/>
        <line num="753" count="0" type="cond" truecount="0" falsecount="4"/>
        <line num="756" count="0" type="stmt"/>
        <line num="757" count="0" type="cond" truecount="0" falsecount="4"/>
        <line num="758" count="0" type="cond" truecount="0" falsecount="4"/>
        <line num="759" count="0" type="cond" truecount="0" falsecount="4"/>
        <line num="760" count="0" type="cond" truecount="0" falsecount="4"/>
        <line num="761" count="0" type="stmt"/>
        <line num="766" count="0" type="stmt"/>
        <line num="769" count="1" type="stmt"/>
        <line num="772" count="0" type="cond" truecount="0" falsecount="1"/>
        <line num="775" count="0" type="stmt"/>
        <line num="778" count="0" type="stmt"/>
        <line num="781" count="0" type="stmt"/>
        <line num="784" count="0" type="stmt"/>
        <line num="786" count="0" type="stmt"/>
        <line num="791" count="0" type="cond" truecount="0" falsecount="2"/>
        <line num="792" count="0" type="cond" truecount="0" falsecount="2"/>
        <line num="793" count="0" type="stmt"/>
        <line num="795" count="0" type="stmt"/>
        <line num="799" count="0" type="stmt"/>
        <line num="802" count="0" type="stmt"/>
        <line num="803" count="0" type="stmt"/>
        <line num="806" count="0" type="stmt"/>
        <line num="809" count="0" type="stmt"/>
        <line num="810" count="0" type="stmt"/>
        <line num="813" count="0" type="stmt"/>
        <line num="816" count="0" type="stmt"/>
        <line num="817" count="0" type="stmt"/>
        <line num="820" count="0" type="stmt"/>
        <line num="823" count="0" type="stmt"/>
        <line num="824" count="0" type="stmt"/>
        <line num="827" count="0" type="stmt"/>
        <line num="829" count="0" type="stmt"/>
        <line num="831" count="0" type="stmt"/>
        <line num="837" count="0" type="cond" truecount="0" falsecount="4"/>
        <line num="842" count="0" type="stmt"/>
        <line num="843" count="0" type="cond" truecount="0" falsecount="4"/>
        <line num="844" count="0" type="cond" truecount="0" falsecount="4"/>
        <line num="845" count="0" type="cond" truecount="0" falsecount="4"/>
        <line num="846" count="0" type="cond" truecount="0" falsecount="4"/>
        <line num="847" count="0" type="stmt"/>
        <line num="852" count="0" type="stmt"/>
        <line num="863" count="1" type="stmt"/>
        <line num="866" count="0" type="cond" truecount="0" falsecount="1"/>
        <line num="869" count="0" type="stmt"/>
        <line num="872" count="0" type="stmt"/>
        <line num="875" count="0" type="stmt"/>
        <line num="881" count="0" type="stmt"/>
        <line num="886" count="0" type="stmt"/>
        <line num="887" count="0" type="stmt"/>
        <line num="889" count="0" type="stmt"/>
        <line num="890" count="0" type="stmt"/>
        <line num="892" count="0" type="stmt"/>
        <line num="893" count="0" type="stmt"/>
        <line num="895" count="0" type="stmt"/>
        <line num="900" count="0" type="cond" truecount="0" falsecount="2"/>
        <line num="901" count="0" type="cond" truecount="0" falsecount="2"/>
        <line num="902" count="0" type="stmt"/>
        <line num="904" count="0" type="stmt"/>
        <line num="908" count="0" type="stmt"/>
        <line num="911" count="0" type="stmt"/>
        <line num="912" count="0" type="stmt"/>
        <line num="915" count="0" type="stmt"/>
        <line num="918" count="0" type="stmt"/>
        <line num="919" count="0" type="stmt"/>
        <line num="922" count="0" type="stmt"/>
        <line num="925" count="0" type="stmt"/>
        <line num="929" count="0" type="stmt"/>
        <line num="932" count="0" type="stmt"/>
        <line num="935" count="0" type="stmt"/>
        <line num="939" count="0" type="stmt"/>
        <line num="942" count="0" type="stmt"/>
        <line num="945" count="0" type="stmt"/>
        <line num="946" count="0" type="stmt"/>
        <line num="949" count="0" type="stmt"/>
        <line num="952" count="0" type="stmt"/>
        <line num="955" count="0" type="stmt"/>
        <line num="958" count="0" type="stmt"/>
        <line num="961" count="0" type="stmt"/>
        <line num="962" count="0" type="stmt"/>
        <line num="965" count="0" type="stmt"/>
        <line num="967" count="0" type="stmt"/>
        <line num="969" count="0" type="stmt"/>
        <line num="973" count="0" type="cond" truecount="0" falsecount="4"/>
        <line num="976" count="0" type="stmt"/>
        <line num="977" count="0" type="cond" truecount="0" falsecount="4"/>
        <line num="978" count="0" type="cond" truecount="0" falsecount="4"/>
        <line num="979" count="0" type="stmt"/>
        <line num="983" count="0" type="stmt"/>
        <line num="988" count="0" type="cond" truecount="0" falsecount="6"/>
        <line num="989" count="0" type="stmt"/>
        <line num="990" count="0" type="cond" truecount="0" falsecount="6"/>
        <line num="991" count="0" type="cond" truecount="0" falsecount="6"/>
        <line num="992" count="0" type="stmt"/>
        <line num="997" count="0" type="stmt"/>
        <line num="1000" count="1" type="stmt"/>
        <line num="1003" count="0" type="cond" truecount="0" falsecount="1"/>
        <line num="1006" count="0" type="stmt"/>
        <line num="1008" count="0" type="stmt"/>
        <line num="1013" count="0" type="cond" truecount="0" falsecount="2"/>
        <line num="1014" count="0" type="cond" truecount="0" falsecount="2"/>
        <line num="1015" count="0" type="stmt"/>
        <line num="1017" count="0" type="stmt"/>
        <line num="1021" count="0" type="stmt"/>
        <line num="1024" count="0" type="stmt"/>
        <line num="1025" count="0" type="stmt"/>
        <line num="1028" count="0" type="stmt"/>
        <line num="1030" count="0" type="stmt"/>
        <line num="1032" count="0" type="stmt"/>
        <line num="1038" count="0" type="cond" truecount="0" falsecount="4"/>
        <line num="1043" count="0" type="stmt"/>
        <line num="1044" count="0" type="cond" truecount="0" falsecount="4"/>
        <line num="1045" count="0" type="stmt"/>
        <line num="1050" count="0" type="stmt"/>
        <line num="1053" count="1" type="stmt"/>
        <line num="1056" count="0" type="cond" truecount="0" falsecount="1"/>
        <line num="1059" count="0" type="stmt"/>
        <line num="1062" count="0" type="stmt"/>
        <line num="1065" count="0" type="stmt"/>
        <line num="1068" count="0" type="stmt"/>
        <line num="1070" count="0" type="stmt"/>
        <line num="1071" count="0" type="stmt"/>
        <line num="1073" count="0" type="stmt"/>
        <line num="1078" count="0" type="cond" truecount="0" falsecount="2"/>
        <line num="1079" count="0" type="cond" truecount="0" falsecount="2"/>
        <line num="1080" count="0" type="stmt"/>
        <line num="1082" count="0" type="stmt"/>
        <line num="1086" count="0" type="stmt"/>
        <line num="1089" count="0" type="stmt"/>
        <line num="1090" count="0" type="stmt"/>
        <line num="1093" count="0" type="stmt"/>
        <line num="1096" count="0" type="stmt"/>
        <line num="1097" count="0" type="stmt"/>
        <line num="1100" count="0" type="stmt"/>
        <line num="1103" count="0" type="stmt"/>
        <line num="1104" count="0" type="stmt"/>
        <line num="1107" count="0" type="stmt"/>
        <line num="1110" count="0" type="stmt"/>
        <line num="1113" count="0" type="stmt"/>
        <line num="1116" count="0" type="stmt"/>
        <line num="1119" count="0" type="stmt"/>
        <line num="1122" count="0" type="stmt"/>
        <line num="1125" count="0" type="stmt"/>
        <line num="1127" count="0" type="stmt"/>
        <line num="1129" count="0" type="stmt"/>
        <line num="1135" count="0" type="cond" truecount="0" falsecount="4"/>
        <line num="1140" count="0" type="stmt"/>
        <line num="1141" count="0" type="cond" truecount="0" falsecount="4"/>
        <line num="1142" count="0" type="cond" truecount="0" falsecount="4"/>
        <line num="1143" count="0" type="cond" truecount="0" falsecount="4"/>
        <line num="1144" count="0" type="cond" truecount="0" falsecount="4"/>
        <line num="1145" count="0" type="stmt"/>
        <line num="1146" count="0" type="cond" truecount="0" falsecount="6"/>
        <line num="1147" count="0" type="stmt"/>
        <line num="1152" count="0" type="stmt"/>
        <line num="1163" count="1" type="stmt"/>
        <line num="1166" count="0" type="cond" truecount="0" falsecount="1"/>
        <line num="1169" count="0" type="stmt"/>
        <line num="1172" count="0" type="stmt"/>
        <line num="1175" count="0" type="stmt"/>
        <line num="1178" count="0" type="stmt"/>
        <line num="1181" count="0" type="stmt"/>
        <line num="1184" count="0" type="stmt"/>
        <line num="1187" count="0" type="stmt"/>
        <line num="1190" count="0" type="stmt"/>
        <line num="1192" count="0" type="stmt"/>
        <line num="1197" count="0" type="cond" truecount="0" falsecount="2"/>
        <line num="1198" count="0" type="cond" truecount="0" falsecount="2"/>
        <line num="1199" count="0" type="stmt"/>
        <line num="1201" count="0" type="stmt"/>
        <line num="1205" count="0" type="stmt"/>
        <line num="1208" count="0" type="stmt"/>
        <line num="1209" count="0" type="stmt"/>
        <line num="1212" count="0" type="stmt"/>
        <line num="1215" count="0" type="stmt"/>
        <line num="1216" count="0" type="stmt"/>
        <line num="1219" count="0" type="stmt"/>
        <line num="1222" count="0" type="stmt"/>
        <line num="1223" count="0" type="stmt"/>
        <line num="1226" count="0" type="stmt"/>
        <line num="1229" count="0" type="stmt"/>
        <line num="1230" count="0" type="stmt"/>
        <line num="1233" count="0" type="stmt"/>
        <line num="1236" count="0" type="stmt"/>
        <line num="1239" count="0" type="stmt"/>
        <line num="1242" count="0" type="stmt"/>
        <line num="1245" count="0" type="stmt"/>
        <line num="1246" count="0" type="stmt"/>
        <line num="1249" count="0" type="stmt"/>
        <line num="1252" count="0" type="stmt"/>
        <line num="1253" count="0" type="stmt"/>
        <line num="1256" count="0" type="stmt"/>
        <line num="1259" count="0" type="stmt"/>
        <line num="1260" count="0" type="stmt"/>
        <line num="1263" count="0" type="stmt"/>
        <line num="1265" count="0" type="stmt"/>
        <line num="1267" count="0" type="stmt"/>
        <line num="1273" count="0" type="cond" truecount="0" falsecount="4"/>
        <line num="1278" count="0" type="stmt"/>
        <line num="1279" count="0" type="cond" truecount="0" falsecount="4"/>
        <line num="1280" count="0" type="cond" truecount="0" falsecount="4"/>
        <line num="1281" count="0" type="cond" truecount="0" falsecount="4"/>
        <line num="1282" count="0" type="cond" truecount="0" falsecount="4"/>
        <line num="1283" count="0" type="cond" truecount="0" falsecount="4"/>
        <line num="1284" count="0" type="cond" truecount="0" falsecount="4"/>
        <line num="1285" count="0" type="cond" truecount="0" falsecount="4"/>
        <line num="1286" count="0" type="cond" truecount="0" falsecount="4"/>
        <line num="1287" count="0" type="stmt"/>
        <line num="1292" count="0" type="stmt"/>
        <line num="1306" count="1" type="stmt"/>
        <line num="1309" count="0" type="cond" truecount="0" falsecount="1"/>
        <line num="1312" count="0" type="stmt"/>
        <line num="1315" count="0" type="stmt"/>
        <line num="1318" count="0" type="stmt"/>
        <line num="1321" count="0" type="stmt"/>
        <line num="1324" count="0" type="stmt"/>
        <line num="1327" count="0" type="stmt"/>
        <line num="1330" count="0" type="stmt"/>
        <line num="1333" count="0" type="stmt"/>
        <line num="1336" count="0" type="stmt"/>
        <line num="1339" count="0" type="stmt"/>
        <line num="1342" count="0" type="stmt"/>
        <line num="1345" count="0" type="stmt"/>
        <line num="1348" count="0" type="stmt"/>
        <line num="1350" count="0" type="stmt"/>
        <line num="1351" count="0" type="stmt"/>
        <line num="1354" count="0" type="stmt"/>
        <line num="1356" count="0" type="stmt"/>
        <line num="1361" count="0" type="cond" truecount="0" falsecount="2"/>
        <line num="1362" count="0" type="cond" truecount="0" falsecount="2"/>
        <line num="1363" count="0" type="stmt"/>
        <line num="1365" count="0" type="stmt"/>
        <line num="1369" count="0" type="stmt"/>
        <line num="1372" count="0" type="stmt"/>
        <line num="1373" count="0" type="stmt"/>
        <line num="1376" count="0" type="stmt"/>
        <line num="1379" count="0" type="stmt"/>
        <line num="1380" count="0" type="stmt"/>
        <line num="1383" count="0" type="stmt"/>
        <line num="1386" count="0" type="stmt"/>
        <line num="1387" count="0" type="stmt"/>
        <line num="1390" count="0" type="stmt"/>
        <line num="1393" count="0" type="stmt"/>
        <line num="1394" count="0" type="stmt"/>
        <line num="1397" count="0" type="stmt"/>
        <line num="1400" count="0" type="stmt"/>
        <line num="1401" count="0" type="stmt"/>
        <line num="1404" count="0" type="stmt"/>
        <line num="1407" count="0" type="stmt"/>
        <line num="1408" count="0" type="stmt"/>
        <line num="1411" count="0" type="stmt"/>
        <line num="1414" count="0" type="stmt"/>
        <line num="1415" count="0" type="stmt"/>
        <line num="1418" count="0" type="stmt"/>
        <line num="1421" count="0" type="stmt"/>
        <line num="1422" count="0" type="stmt"/>
        <line num="1425" count="0" type="stmt"/>
        <line num="1428" count="0" type="stmt"/>
        <line num="1429" count="0" type="stmt"/>
        <line num="1432" count="0" type="stmt"/>
        <line num="1435" count="0" type="stmt"/>
        <line num="1436" count="0" type="stmt"/>
        <line num="1439" count="0" type="stmt"/>
        <line num="1442" count="0" type="stmt"/>
        <line num="1443" count="0" type="stmt"/>
        <line num="1446" count="0" type="stmt"/>
        <line num="1449" count="0" type="stmt"/>
        <line num="1450" count="0" type="stmt"/>
        <line num="1453" count="0" type="stmt"/>
        <line num="1456" count="0" type="stmt"/>
        <line num="1457" count="0" type="stmt"/>
        <line num="1460" count="0" type="stmt"/>
        <line num="1463" count="0" type="stmt"/>
        <line num="1466" count="0" type="stmt"/>
        <line num="1469" count="0" type="stmt"/>
        <line num="1472" count="0" type="stmt"/>
        <line num="1473" count="0" type="stmt"/>
        <line num="1476" count="0" type="stmt"/>
        <line num="1478" count="0" type="stmt"/>
        <line num="1480" count="0" type="stmt"/>
        <line num="1484" count="0" type="cond" truecount="0" falsecount="4"/>
        <line num="1489" count="0" type="stmt"/>
        <line num="1490" count="0" type="cond" truecount="0" falsecount="4"/>
        <line num="1491" count="0" type="cond" truecount="0" falsecount="4"/>
        <line num="1492" count="0" type="cond" truecount="0" falsecount="4"/>
        <line num="1493" count="0" type="cond" truecount="0" falsecount="4"/>
        <line num="1494" count="0" type="cond" truecount="0" falsecount="4"/>
        <line num="1495" count="0" type="cond" truecount="0" falsecount="4"/>
        <line num="1496" count="0" type="stmt"/>
        <line num="1500" count="0" type="cond" truecount="0" falsecount="4"/>
        <line num="1501" count="0" type="cond" truecount="0" falsecount="4"/>
        <line num="1502" count="0" type="cond" truecount="0" falsecount="4"/>
        <line num="1503" count="0" type="cond" truecount="0" falsecount="4"/>
        <line num="1504" count="0" type="cond" truecount="0" falsecount="4"/>
        <line num="1505" count="0" type="cond" truecount="0" falsecount="4"/>
        <line num="1506" count="0" type="stmt"/>
        <line num="1507" count="0" type="cond" truecount="0" falsecount="6"/>
        <line num="1508" count="0" type="cond" truecount="0" falsecount="4"/>
        <line num="1509" count="0" type="stmt"/>
        <line num="1514" count="0" type="stmt"/>
        <line num="1517" count="1" type="stmt"/>
        <line num="1520" count="0" type="cond" truecount="0" falsecount="1"/>
        <line num="1523" count="0" type="stmt"/>
        <line num="1526" count="0" type="stmt"/>
        <line num="1529" count="0" type="stmt"/>
        <line num="1532" count="0" type="stmt"/>
        <line num="1535" count="0" type="stmt"/>
        <line num="1538" count="0" type="stmt"/>
        <line num="1541" count="0" type="stmt"/>
        <line num="1544" count="0" type="stmt"/>
        <line num="1547" count="0" type="stmt"/>
        <line num="1550" count="0" type="stmt"/>
        <line num="1553" count="0" type="stmt"/>
        <line num="1556" count="0" type="stmt"/>
        <line num="1559" count="0" type="stmt"/>
        <line num="1561" count="0" type="stmt"/>
        <line num="1562" count="0" type="stmt"/>
        <line num="1565" count="0" type="stmt"/>
        <line num="1570" count="0" type="stmt"/>
        <line num="1575" count="0" type="cond" truecount="0" falsecount="2"/>
        <line num="1576" count="0" type="cond" truecount="0" falsecount="2"/>
        <line num="1577" count="0" type="stmt"/>
        <line num="1579" count="0" type="stmt"/>
        <line num="1583" count="0" type="stmt"/>
        <line num="1586" count="0" type="stmt"/>
        <line num="1587" count="0" type="stmt"/>
        <line num="1590" count="0" type="stmt"/>
        <line num="1593" count="0" type="stmt"/>
        <line num="1594" count="0" type="stmt"/>
        <line num="1597" count="0" type="stmt"/>
        <line num="1600" count="0" type="stmt"/>
        <line num="1601" count="0" type="stmt"/>
        <line num="1604" count="0" type="stmt"/>
        <line num="1607" count="0" type="stmt"/>
        <line num="1608" count="0" type="stmt"/>
        <line num="1611" count="0" type="stmt"/>
        <line num="1614" count="0" type="stmt"/>
        <line num="1615" count="0" type="stmt"/>
        <line num="1618" count="0" type="stmt"/>
        <line num="1621" count="0" type="stmt"/>
        <line num="1622" count="0" type="stmt"/>
        <line num="1625" count="0" type="stmt"/>
        <line num="1628" count="0" type="stmt"/>
        <line num="1629" count="0" type="stmt"/>
        <line num="1632" count="0" type="stmt"/>
        <line num="1635" count="0" type="stmt"/>
        <line num="1636" count="0" type="stmt"/>
        <line num="1639" count="0" type="stmt"/>
        <line num="1642" count="0" type="stmt"/>
        <line num="1643" count="0" type="stmt"/>
        <line num="1646" count="0" type="stmt"/>
        <line num="1649" count="0" type="stmt"/>
        <line num="1650" count="0" type="stmt"/>
        <line num="1653" count="0" type="stmt"/>
        <line num="1656" count="0" type="stmt"/>
        <line num="1657" count="0" type="stmt"/>
        <line num="1660" count="0" type="stmt"/>
        <line num="1663" count="0" type="stmt"/>
        <line num="1664" count="0" type="stmt"/>
        <line num="1667" count="0" type="stmt"/>
        <line num="1670" count="0" type="stmt"/>
        <line num="1671" count="0" type="stmt"/>
        <line num="1674" count="0" type="stmt"/>
        <line num="1677" count="0" type="stmt"/>
        <line num="1680" count="0" type="stmt"/>
        <line num="1683" count="0" type="stmt"/>
        <line num="1686" count="0" type="stmt"/>
        <line num="1690" count="0" type="stmt"/>
        <line num="1693" count="0" type="stmt"/>
        <line num="1695" count="0" type="stmt"/>
        <line num="1697" count="0" type="stmt"/>
        <line num="1703" count="0" type="cond" truecount="0" falsecount="4"/>
        <line num="1708" count="0" type="stmt"/>
        <line num="1709" count="0" type="cond" truecount="0" falsecount="4"/>
        <line num="1710" count="0" type="cond" truecount="0" falsecount="4"/>
        <line num="1711" count="0" type="cond" truecount="0" falsecount="4"/>
        <line num="1712" count="0" type="cond" truecount="0" falsecount="4"/>
        <line num="1713" count="0" type="cond" truecount="0" falsecount="4"/>
        <line num="1714" count="0" type="cond" truecount="0" falsecount="4"/>
        <line num="1715" count="0" type="stmt"/>
        <line num="1719" count="0" type="cond" truecount="0" falsecount="4"/>
        <line num="1720" count="0" type="cond" truecount="0" falsecount="4"/>
        <line num="1721" count="0" type="cond" truecount="0" falsecount="4"/>
        <line num="1722" count="0" type="cond" truecount="0" falsecount="4"/>
        <line num="1723" count="0" type="cond" truecount="0" falsecount="4"/>
        <line num="1724" count="0" type="cond" truecount="0" falsecount="4"/>
        <line num="1725" count="0" type="stmt"/>
        <line num="1726" count="0" type="cond" truecount="0" falsecount="6"/>
        <line num="1727" count="0" type="stmt"/>
        <line num="1731" count="0" type="stmt"/>
        <line num="1736" count="0" type="stmt"/>
        <line num="1753" count="1" type="stmt"/>
        <line num="1756" count="0" type="cond" truecount="0" falsecount="1"/>
        <line num="1759" count="0" type="stmt"/>
        <line num="1762" count="0" type="stmt"/>
        <line num="1765" count="0" type="stmt"/>
        <line num="1768" count="0" type="stmt"/>
        <line num="1771" count="0" type="stmt"/>
        <line num="1774" count="0" type="stmt"/>
        <line num="1777" count="0" type="stmt"/>
        <line num="1780" count="0" type="stmt"/>
        <line num="1783" count="0" type="stmt"/>
        <line num="1786" count="0" type="stmt"/>
        <line num="1789" count="0" type="stmt"/>
        <line num="1792" count="0" type="stmt"/>
        <line num="1795" count="0" type="stmt"/>
        <line num="1797" count="0" type="stmt"/>
        <line num="1805" count="0" type="cond" truecount="0" falsecount="2"/>
        <line num="1806" count="0" type="cond" truecount="0" falsecount="2"/>
        <line num="1807" count="0" type="stmt"/>
        <line num="1809" count="0" type="stmt"/>
        <line num="1813" count="0" type="stmt"/>
        <line num="1816" count="0" type="stmt"/>
        <line num="1817" count="0" type="stmt"/>
        <line num="1820" count="0" type="stmt"/>
        <line num="1823" count="0" type="stmt"/>
        <line num="1824" count="0" type="stmt"/>
        <line num="1827" count="0" type="stmt"/>
        <line num="1830" count="0" type="stmt"/>
        <line num="1831" count="0" type="stmt"/>
        <line num="1834" count="0" type="stmt"/>
        <line num="1837" count="0" type="stmt"/>
        <line num="1838" count="0" type="stmt"/>
        <line num="1841" count="0" type="stmt"/>
        <line num="1844" count="0" type="stmt"/>
        <line num="1845" count="0" type="stmt"/>
        <line num="1848" count="0" type="stmt"/>
        <line num="1851" count="0" type="stmt"/>
        <line num="1852" count="0" type="stmt"/>
        <line num="1855" count="0" type="stmt"/>
        <line num="1858" count="0" type="stmt"/>
        <line num="1859" count="0" type="stmt"/>
        <line num="1862" count="0" type="stmt"/>
        <line num="1865" count="0" type="stmt"/>
        <line num="1866" count="0" type="stmt"/>
        <line num="1869" count="0" type="stmt"/>
        <line num="1872" count="0" type="stmt"/>
        <line num="1873" count="0" type="stmt"/>
        <line num="1876" count="0" type="stmt"/>
        <line num="1879" count="0" type="stmt"/>
        <line num="1880" count="0" type="stmt"/>
        <line num="1883" count="0" type="stmt"/>
        <line num="1886" count="0" type="stmt"/>
        <line num="1887" count="0" type="stmt"/>
        <line num="1890" count="0" type="stmt"/>
        <line num="1893" count="0" type="stmt"/>
        <line num="1894" count="0" type="stmt"/>
        <line num="1897" count="0" type="stmt"/>
        <line num="1900" count="0" type="stmt"/>
        <line num="1901" count="0" type="stmt"/>
        <line num="1904" count="0" type="stmt"/>
        <line num="1906" count="0" type="stmt"/>
        <line num="1908" count="0" type="stmt"/>
        <line num="1914" count="0" type="cond" truecount="0" falsecount="4"/>
        <line num="1919" count="0" type="stmt"/>
        <line num="1920" count="0" type="cond" truecount="0" falsecount="4"/>
        <line num="1921" count="0" type="cond" truecount="0" falsecount="4"/>
        <line num="1922" count="0" type="cond" truecount="0" falsecount="4"/>
        <line num="1923" count="0" type="cond" truecount="0" falsecount="4"/>
        <line num="1924" count="0" type="cond" truecount="0" falsecount="4"/>
        <line num="1925" count="0" type="cond" truecount="0" falsecount="4"/>
        <line num="1926" count="0" type="cond" truecount="0" falsecount="4"/>
        <line num="1927" count="0" type="cond" truecount="0" falsecount="4"/>
        <line num="1928" count="0" type="cond" truecount="0" falsecount="4"/>
        <line num="1929" count="0" type="cond" truecount="0" falsecount="4"/>
        <line num="1930" count="0" type="cond" truecount="0" falsecount="4"/>
        <line num="1931" count="0" type="stmt"/>
        <line num="1933" count="0" type="cond" truecount="0" falsecount="4"/>
        <line num="1934" count="0" type="stmt"/>
        <line num="1939" count="0" type="stmt"/>
        <line num="1942" count="1" type="stmt"/>
        <line num="1945" count="0" type="cond" truecount="0" falsecount="1"/>
        <line num="1948" count="0" type="stmt"/>
        <line num="1951" count="0" type="stmt"/>
        <line num="1954" count="0" type="stmt"/>
        <line num="1957" count="0" type="stmt"/>
        <line num="1960" count="0" type="stmt"/>
        <line num="1962" count="0" type="stmt"/>
        <line num="1967" count="0" type="cond" truecount="0" falsecount="2"/>
        <line num="1968" count="0" type="cond" truecount="0" falsecount="2"/>
        <line num="1969" count="0" type="stmt"/>
        <line num="1971" count="0" type="stmt"/>
        <line num="1975" count="0" type="stmt"/>
        <line num="1978" count="0" type="stmt"/>
        <line num="1979" count="0" type="stmt"/>
        <line num="1982" count="0" type="stmt"/>
        <line num="1985" count="0" type="stmt"/>
        <line num="1986" count="0" type="stmt"/>
        <line num="1989" count="0" type="stmt"/>
        <line num="1992" count="0" type="stmt"/>
        <line num="1993" count="0" type="stmt"/>
        <line num="1996" count="0" type="stmt"/>
        <line num="1999" count="0" type="stmt"/>
        <line num="2000" count="0" type="stmt"/>
        <line num="2003" count="0" type="stmt"/>
        <line num="2006" count="0" type="stmt"/>
        <line num="2007" count="0" type="stmt"/>
        <line num="2010" count="0" type="stmt"/>
        <line num="2012" count="0" type="stmt"/>
        <line num="2014" count="0" type="stmt"/>
        <line num="2018" count="0" type="cond" truecount="0" falsecount="4"/>
        <line num="2021" count="0" type="stmt"/>
        <line num="2022" count="0" type="cond" truecount="0" falsecount="4"/>
        <line num="2023" count="0" type="cond" truecount="0" falsecount="4"/>
        <line num="2024" count="0" type="cond" truecount="0" falsecount="4"/>
        <line num="2025" count="0" type="cond" truecount="0" falsecount="4"/>
        <line num="2026" count="0" type="cond" truecount="0" falsecount="4"/>
        <line num="2027" count="0" type="stmt"/>
        <line num="2032" count="0" type="stmt"/>
        <line num="2035" count="1" type="stmt"/>
        <line num="2038" count="0" type="cond" truecount="0" falsecount="1"/>
        <line num="2041" count="0" type="stmt"/>
        <line num="2044" count="0" type="stmt"/>
        <line num="2049" count="0" type="stmt"/>
        <line num="2054" count="0" type="cond" truecount="0" falsecount="2"/>
        <line num="2055" count="0" type="cond" truecount="0" falsecount="2"/>
        <line num="2056" count="0" type="stmt"/>
        <line num="2058" count="0" type="stmt"/>
        <line num="2062" count="0" type="stmt"/>
        <line num="2065" count="0" type="stmt"/>
        <line num="2066" count="0" type="stmt"/>
        <line num="2069" count="0" type="stmt"/>
        <line num="2072" count="0" type="stmt"/>
        <line num="2076" count="0" type="stmt"/>
        <line num="2079" count="0" type="stmt"/>
        <line num="2081" count="0" type="stmt"/>
        <line num="2083" count="0" type="stmt"/>
        <line num="2087" count="0" type="cond" truecount="0" falsecount="4"/>
        <line num="2090" count="0" type="stmt"/>
        <line num="2091" count="0" type="cond" truecount="0" falsecount="4"/>
        <line num="2092" count="0" type="stmt"/>
        <line num="2096" count="0" type="stmt"/>
        <line num="2101" count="0" type="stmt"/>
        <line num="2104" count="1" type="stmt"/>
        <line num="2107" count="0" type="cond" truecount="0" falsecount="1"/>
        <line num="2110" count="0" type="stmt"/>
        <line num="2113" count="0" type="stmt"/>
        <line num="2116" count="0" type="stmt"/>
        <line num="2121" count="0" type="stmt"/>
        <line num="2126" count="0" type="cond" truecount="0" falsecount="2"/>
        <line num="2127" count="0" type="cond" truecount="0" falsecount="2"/>
        <line num="2128" count="0" type="stmt"/>
        <line num="2130" count="0" type="stmt"/>
        <line num="2134" count="0" type="stmt"/>
        <line num="2137" count="0" type="stmt"/>
        <line num="2138" count="0" type="stmt"/>
        <line num="2141" count="0" type="stmt"/>
        <line num="2144" count="0" type="stmt"/>
        <line num="2145" count="0" type="stmt"/>
        <line num="2148" count="0" type="stmt"/>
        <line num="2151" count="0" type="stmt"/>
        <line num="2155" count="0" type="stmt"/>
        <line num="2158" count="0" type="stmt"/>
        <line num="2160" count="0" type="stmt"/>
        <line num="2162" count="0" type="stmt"/>
        <line num="2166" count="0" type="cond" truecount="0" falsecount="4"/>
        <line num="2171" count="0" type="stmt"/>
        <line num="2172" count="0" type="cond" truecount="0" falsecount="4"/>
        <line num="2173" count="0" type="cond" truecount="0" falsecount="4"/>
        <line num="2174" count="0" type="stmt"/>
        <line num="2178" count="0" type="stmt"/>
        <line num="2183" count="0" type="stmt"/>
        <line num="2186" count="1" type="stmt"/>
        <line num="2189" count="0" type="cond" truecount="0" falsecount="1"/>
        <line num="2192" count="0" type="stmt"/>
        <line num="2195" count="0" type="stmt"/>
        <line num="2198" count="0" type="stmt"/>
        <line num="2200" count="0" type="stmt"/>
        <line num="2201" count="0" type="stmt"/>
        <line num="2203" count="0" type="stmt"/>
        <line num="2204" count="0" type="stmt"/>
        <line num="2206" count="0" type="stmt"/>
        <line num="2214" count="0" type="cond" truecount="0" falsecount="2"/>
        <line num="2215" count="0" type="cond" truecount="0" falsecount="2"/>
        <line num="2216" count="0" type="stmt"/>
        <line num="2218" count="0" type="stmt"/>
        <line num="2222" count="0" type="stmt"/>
        <line num="2225" count="0" type="stmt"/>
        <line num="2226" count="0" type="stmt"/>
        <line num="2229" count="0" type="stmt"/>
        <line num="2232" count="0" type="stmt"/>
        <line num="2233" count="0" type="stmt"/>
        <line num="2236" count="0" type="stmt"/>
        <line num="2239" count="0" type="stmt"/>
        <line num="2240" count="0" type="stmt"/>
        <line num="2243" count="0" type="stmt"/>
        <line num="2246" count="0" type="stmt"/>
        <line num="2247" count="0" type="stmt"/>
        <line num="2250" count="0" type="stmt"/>
        <line num="2253" count="0" type="stmt"/>
        <line num="2256" count="0" type="stmt"/>
        <line num="2259" count="0" type="stmt"/>
        <line num="2261" count="0" type="stmt"/>
        <line num="2263" count="0" type="stmt"/>
        <line num="2269" count="0" type="cond" truecount="0" falsecount="4"/>
        <line num="2274" count="0" type="stmt"/>
        <line num="2275" count="0" type="cond" truecount="0" falsecount="4"/>
        <line num="2276" count="0" type="cond" truecount="0" falsecount="4"/>
        <line num="2277" count="0" type="cond" truecount="0" falsecount="4"/>
        <line num="2278" count="0" type="cond" truecount="0" falsecount="6"/>
        <line num="2279" count="0" type="stmt"/>
        <line num="2280" count="0" type="cond" truecount="0" falsecount="6"/>
        <line num="2281" count="0" type="stmt"/>
        <line num="2317" count="0" type="stmt"/>
        <line num="2321" count="0" type="stmt"/>
        <line num="2325" count="0" type="stmt"/>
        <line num="2326" count="0" type="stmt"/>
      </file>
    </package>
  </project>
</coverage>
