{"/home/system/Documents/Projects/cryptex-vault-web/src/app_lib/vault_utils.ts": {"path":"/home/system/Documents/Projects/cryptex-vault-web/src/app_lib/vault_utils.ts","statementMap":{"0":{"start":{"line":1,"column":0},"end":{"line":1,"column":null}},"1":{"start":{"line":2,"column":0},"end":{"line":2,"column":null}},"2":{"start":{"line":3,"column":0},"end":{"line":3,"column":null}},"3":{"start":{"line":4,"column":0},"end":{"line":4,"column":null}},"4":{"start":{"line":5,"column":0},"end":{"line":5,"column":null}},"5":{"start":{"line":6,"column":0},"end":{"line":6,"column":null}},"6":{"start":{"line":8,"column":0},"end":{"line":8,"column":null}},"7":{"start":{"line":9,"column":0},"end":{"line":9,"column":null}},"8":{"start":{"line":10,"column":0},"end":{"line":10,"column":null}},"9":{"start":{"line":12,"column":27},"end":{"line":12,"column":53}},"10":{"start":{"line":14,"column":0},"end":{"line":14,"column":null}},"11":{"start":{"line":15,"column":4},"end":{"line":15,"column":17}},"12":{"start":{"line":27,"column":12},"end":{"line":27,"column":null}},"13":{"start":{"line":29,"column":12},"end":{"line":29,"column":null}},"14":{"start":{"line":22,"column":31},"end":{"line":22,"column":null}},"15":{"start":{"line":31,"column":4},"end":{"line":31,"column":null}},"16":{"start":{"line":15,"column":17},"end":{"line":31,"column":null}},"17":{"start":{"line":33,"column":4},"end":{"line":33,"column":17}},"18":{"start":{"line":51,"column":12},"end":{"line":51,"column":null}},"19":{"start":{"line":52,"column":12},"end":{"line":52,"column":null}},"20":{"start":{"line":54,"column":12},"end":{"line":54,"column":null}},"21":{"start":{"line":55,"column":12},"end":{"line":55,"column":null}},"22":{"start":{"line":38,"column":31},"end":{"line":38,"column":53}},"23":{"start":{"line":39,"column":31},"end":{"line":39,"column":55}},"24":{"start":{"line":41,"column":31},"end":{"line":41,"column":49}},"25":{"start":{"line":42,"column":31},"end":{"line":42,"column":52}},"26":{"start":{"line":44,"column":31},"end":{"line":44,"column":49}},"27":{"start":{"line":45,"column":31},"end":{"line":45,"column":49}},"28":{"start":{"line":57,"column":4},"end":{"line":57,"column":null}},"29":{"start":{"line":33,"column":17},"end":{"line":57,"column":null}},"30":{"start":{"line":59,"column":17},"end":{"line":61,"column":null}},"31":{"start":{"line":63,"column":17},"end":{"line":65,"column":null}},"32":{"start":{"line":67,"column":17},"end":{"line":96,"column":null}},"33":{"start":{"line":73,"column":20},"end":{"line":73,"column":null}},"34":{"start":{"line":84,"column":20},"end":{"line":86,"column":null}},"35":{"start":{"line":107,"column":17},"end":{"line":114,"column":null}},"36":{"start":{"line":115,"column":17},"end":{"line":117,"column":null}},"37":{"start":{"line":122,"column":4},"end":{"line":122,"column":17}},"38":{"start":{"line":126,"column":16},"end":{"line":126,"column":null}},"39":{"start":{"line":128,"column":15},"end":{"line":128,"column":null}},"40":{"start":{"line":150,"column":12},"end":{"line":150,"column":null}},"41":{"start":{"line":151,"column":12},"end":{"line":151,"column":null}},"42":{"start":{"line":152,"column":12},"end":{"line":152,"column":null}},"43":{"start":{"line":153,"column":12},"end":{"line":153,"column":null}},"44":{"start":{"line":154,"column":12},"end":{"line":154,"column":null}},"45":{"start":{"line":155,"column":12},"end":{"line":155,"column":null}},"46":{"start":{"line":156,"column":12},"end":{"line":156,"column":null}},"47":{"start":{"line":157,"column":12},"end":{"line":157,"column":null}},"48":{"start":{"line":167,"column":15},"end":{"line":216,"column":null}},"49":{"start":{"line":191,"column":27},"end":{"line":195,"column":null}},"50":{"start":{"line":199,"column":16},"end":{"line":201,"column":null}},"51":{"start":{"line":206,"column":16},"end":{"line":206,"column":null}},"52":{"start":{"line":208,"column":16},"end":{"line":208,"column":null}},"53":{"start":{"line":210,"column":16},"end":{"line":210,"column":null}},"54":{"start":{"line":211,"column":16},"end":{"line":211,"column":null}},"55":{"start":{"line":212,"column":16},"end":{"line":212,"column":null}},"56":{"start":{"line":215,"column":12},"end":{"line":215,"column":null}},"57":{"start":{"line":223,"column":22},"end":{"line":233,"column":null}},"58":{"start":{"line":224,"column":12},"end":{"line":232,"column":null}},"59":{"start":{"line":235,"column":22},"end":{"line":253,"column":null}},"60":{"start":{"line":236,"column":24},"end":{"line":236,"column":65}},"61":{"start":{"line":238,"column":12},"end":{"line":252,"column":null}},"62":{"start":{"line":254,"column":4},"end":{"line":254,"column":null}},"63":{"start":{"line":122,"column":17},"end":{"line":254,"column":null}},"64":{"start":{"line":256,"column":17},"end":{"line":289,"column":null}},"65":{"start":{"line":265,"column":14},"end":{"line":271,"column":null}},"66":{"start":{"line":273,"column":16},"end":{"line":273,"column":null}},"67":{"start":{"line":274,"column":17},"end":{"line":274,"column":31}},"68":{"start":{"line":281,"column":17},"end":{"line":281,"column":31}},"69":{"start":{"line":275,"column":23},"end":{"line":280,"column":null}},"70":{"start":{"line":275,"column":16},"end":{"line":280,"column":null}},"71":{"start":{"line":282,"column":23},"end":{"line":287,"column":null}},"72":{"start":{"line":282,"column":16},"end":{"line":287,"column":null}},"73":{"start":{"line":291,"column":17},"end":{"line":321,"column":null}},"74":{"start":{"line":300,"column":12},"end":{"line":300,"column":null}},"75":{"start":{"line":303,"column":16},"end":{"line":303,"column":null}},"76":{"start":{"line":304,"column":17},"end":{"line":304,"column":31}},"77":{"start":{"line":311,"column":17},"end":{"line":311,"column":31}},"78":{"start":{"line":305,"column":23},"end":{"line":310,"column":null}},"79":{"start":{"line":305,"column":16},"end":{"line":310,"column":null}},"80":{"start":{"line":312,"column":23},"end":{"line":317,"column":null}},"81":{"start":{"line":312,"column":16},"end":{"line":317,"column":null}},"82":{"start":{"line":319,"column":16},"end":{"line":319,"column":null}},"83":{"start":{"line":328,"column":17},"end":{"line":335,"column":null}},"84":{"start":{"line":329,"column":19},"end":{"line":329,"column":null}},"85":{"start":{"line":330,"column":12},"end":{"line":333,"column":null}},"86":{"start":{"line":329,"column":8},"end":{"line":334,"column":null}},"87":{"start":{"line":337,"column":4},"end":{"line":337,"column":null}},"88":{"start":{"line":338,"column":28},"end":{"line":365,"column":null}},"89":{"start":{"line":343,"column":24},"end":{"line":349,"column":null}},"90":{"start":{"line":343,"column":18},"end":{"line":349,"column":null}},"91":{"start":{"line":351,"column":31},"end":{"line":362,"column":null}},"92":{"start":{"line":351,"column":18},"end":{"line":362,"column":null}},"93":{"start":{"line":364,"column":12},"end":{"line":364,"column":null}},"94":{"start":{"line":367,"column":28},"end":{"line":386,"column":null}},"95":{"start":{"line":373,"column":12},"end":{"line":373,"column":null}},"96":{"start":{"line":376,"column":18},"end":{"line":376,"column":null}},"97":{"start":{"line":378,"column":12},"end":{"line":385,"column":null}},"98":{"start":{"line":387,"column":4},"end":{"line":387,"column":null}},"99":{"start":{"line":389,"column":4},"end":{"line":389,"column":null}},"100":{"start":{"line":390,"column":21},"end":{"line":466,"column":null}},"101":{"start":{"line":399,"column":16},"end":{"line":399,"column":null}},"102":{"start":{"line":403,"column":18},"end":{"line":403,"column":null}},"103":{"start":{"line":409,"column":16},"end":{"line":409,"column":33}},"104":{"start":{"line":412,"column":29},"end":{"line":416,"column":null}},"105":{"start":{"line":412,"column":16},"end":{"line":416,"column":null}},"106":{"start":{"line":418,"column":16},"end":{"line":418,"column":33}},"107":{"start":{"line":421,"column":28},"end":{"line":426,"column":null}},"108":{"start":{"line":421,"column":22},"end":{"line":426,"column":null}},"109":{"start":{"line":428,"column":29},"end":{"line":434,"column":null}},"110":{"start":{"line":428,"column":16},"end":{"line":434,"column":null}},"111":{"start":{"line":436,"column":16},"end":{"line":436,"column":null}},"112":{"start":{"line":439,"column":18},"end":{"line":439,"column":null}},"113":{"start":{"line":440,"column":30},"end":{"line":447,"column":null}},"114":{"start":{"line":440,"column":18},"end":{"line":447,"column":null}},"115":{"start":{"line":449,"column":18},"end":{"line":449,"column":null}},"116":{"start":{"line":451,"column":12},"end":{"line":465,"column":null}},"117":{"start":{"line":468,"column":21},"end":{"line":529,"column":null}},"118":{"start":{"line":477,"column":16},"end":{"line":477,"column":null}},"119":{"start":{"line":480,"column":18},"end":{"line":480,"column":null}},"120":{"start":{"line":481,"column":18},"end":{"line":481,"column":null}},"121":{"start":{"line":482,"column":18},"end":{"line":482,"column":null}},"122":{"start":{"line":488,"column":16},"end":{"line":488,"column":33}},"123":{"start":{"line":491,"column":29},"end":{"line":495,"column":null}},"124":{"start":{"line":491,"column":16},"end":{"line":495,"column":null}},"125":{"start":{"line":497,"column":16},"end":{"line":497,"column":33}},"126":{"start":{"line":500,"column":28},"end":{"line":505,"column":null}},"127":{"start":{"line":500,"column":22},"end":{"line":505,"column":null}},"128":{"start":{"line":507,"column":29},"end":{"line":513,"column":null}},"129":{"start":{"line":507,"column":16},"end":{"line":513,"column":null}},"130":{"start":{"line":515,"column":16},"end":{"line":515,"column":null}},"131":{"start":{"line":518,"column":30},"end":{"line":525,"column":null}},"132":{"start":{"line":518,"column":18},"end":{"line":525,"column":null}},"133":{"start":{"line":528,"column":12},"end":{"line":528,"column":null}},"134":{"start":{"line":530,"column":4},"end":{"line":530,"column":null}},"135":{"start":{"line":532,"column":4},"end":{"line":532,"column":null}},"136":{"start":{"line":533,"column":21},"end":{"line":603,"column":null}},"137":{"start":{"line":542,"column":16},"end":{"line":542,"column":null}},"138":{"start":{"line":545,"column":12},"end":{"line":545,"column":null}},"139":{"start":{"line":547,"column":18},"end":{"line":549,"column":null}},"140":{"start":{"line":553,"column":16},"end":{"line":553,"column":33}},"141":{"start":{"line":556,"column":29},"end":{"line":560,"column":null}},"142":{"start":{"line":556,"column":22},"end":{"line":560,"column":null}},"143":{"start":{"line":561,"column":31},"end":{"line":561,"column":null}},"144":{"start":{"line":561,"column":22},"end":{"line":561,"column":null}},"145":{"start":{"line":563,"column":16},"end":{"line":563,"column":null}},"146":{"start":{"line":565,"column":16},"end":{"line":565,"column":33}},"147":{"start":{"line":568,"column":22},"end":{"line":573,"column":null}},"148":{"start":{"line":568,"column":16},"end":{"line":573,"column":null}},"149":{"start":{"line":575,"column":16},"end":{"line":575,"column":null}},"150":{"start":{"line":578,"column":18},"end":{"line":579,"column":null}},"151":{"start":{"line":580,"column":18},"end":{"line":580,"column":40}},"152":{"start":{"line":581,"column":18},"end":{"line":586,"column":null}},"153":{"start":{"line":588,"column":12},"end":{"line":602,"column":null}},"154":{"start":{"line":605,"column":21},"end":{"line":674,"column":null}},"155":{"start":{"line":614,"column":16},"end":{"line":614,"column":null}},"156":{"start":{"line":617,"column":12},"end":{"line":617,"column":null}},"157":{"start":{"line":619,"column":18},"end":{"line":619,"column":null}},"158":{"start":{"line":620,"column":18},"end":{"line":620,"column":null}},"159":{"start":{"line":621,"column":18},"end":{"line":621,"column":null}},"160":{"start":{"line":626,"column":16},"end":{"line":626,"column":33}},"161":{"start":{"line":629,"column":29},"end":{"line":633,"column":null}},"162":{"start":{"line":629,"column":22},"end":{"line":633,"column":null}},"163":{"start":{"line":634,"column":31},"end":{"line":634,"column":null}},"164":{"start":{"line":634,"column":22},"end":{"line":634,"column":null}},"165":{"start":{"line":636,"column":16},"end":{"line":636,"column":null}},"166":{"start":{"line":638,"column":16},"end":{"line":638,"column":33}},"167":{"start":{"line":641,"column":22},"end":{"line":646,"column":null}},"168":{"start":{"line":641,"column":16},"end":{"line":646,"column":null}},"169":{"start":{"line":648,"column":16},"end":{"line":648,"column":null}},"170":{"start":{"line":651,"column":18},"end":{"line":655,"column":null}},"171":{"start":{"line":656,"column":18},"end":{"line":659,"column":null}},"172":{"start":{"line":662,"column":16},"end":{"line":662,"column":null}},"173":{"start":{"line":673,"column":12},"end":{"line":673,"column":null}},"174":{"start":{"line":675,"column":4},"end":{"line":675,"column":null}},"175":{"start":{"line":678,"column":0},"end":{"line":678,"column":null}},"176":{"start":{"line":684,"column":4},"end":{"line":684,"column":null}},"177":{"start":{"line":684,"column":47},"end":{"line":684,"column":52}},"178":{"start":{"line":688,"column":12},"end":{"line":688,"column":null}},"179":{"start":{"line":689,"column":12},"end":{"line":691,"column":null}},"180":{"start":{"line":693,"column":4},"end":{"line":693,"column":null}},"181":{"start":{"line":684,"column":17},"end":{"line":693,"column":null}},"182":{"start":{"line":695,"column":17},"end":{"line":695,"column":null}},"183":{"start":{"line":706,"column":12},"end":{"line":706,"column":17}},"184":{"start":{"line":707,"column":12},"end":{"line":709,"column":null}},"185":{"start":{"line":711,"column":12},"end":{"line":713,"column":null}},"186":{"start":{"line":716,"column":8},"end":{"line":716,"column":null}},"187":{"start":{"line":702,"column":26},"end":{"line":717,"column":null}},"188":{"start":{"line":724,"column":8},"end":{"line":724,"column":null}},"189":{"start":{"line":723,"column":26},"end":{"line":725,"column":null}},"190":{"start":{"line":748,"column":0},"end":{"line":748,"column":null}},"191":{"start":{"line":749,"column":4},"end":{"line":749,"column":null}},"192":{"start":{"line":750,"column":8},"end":{"line":750,"column":null}},"193":{"start":{"line":755,"column":17},"end":{"line":790,"column":null}},"194":{"start":{"line":762,"column":14},"end":{"line":762,"column":null}},"195":{"start":{"line":763,"column":14},"end":{"line":766,"column":null}},"196":{"start":{"line":767,"column":8},"end":{"line":767,"column":null}},"197":{"start":{"line":769,"column":8},"end":{"line":769,"column":null}},"198":{"start":{"line":772,"column":14},"end":{"line":772,"column":null}},"199":{"start":{"line":775,"column":30},"end":{"line":782,"column":null}},"200":{"start":{"line":775,"column":14},"end":{"line":782,"column":null}},"201":{"start":{"line":784,"column":12},"end":{"line":784,"column":16}},"202":{"start":{"line":786,"column":12},"end":{"line":786,"column":null}},"203":{"start":{"line":788,"column":12},"end":{"line":788,"column":null}},"204":{"start":{"line":792,"column":25},"end":{"line":804,"column":null}},"205":{"start":{"line":795,"column":14},"end":{"line":796,"column":null}},"206":{"start":{"line":797,"column":14},"end":{"line":797,"column":null}},"207":{"start":{"line":798,"column":14},"end":{"line":798,"column":null}},"208":{"start":{"line":799,"column":14},"end":{"line":799,"column":null}},"209":{"start":{"line":800,"column":8},"end":{"line":800,"column":null}},"210":{"start":{"line":801,"column":8},"end":{"line":801,"column":null}},"211":{"start":{"line":802,"column":8},"end":{"line":802,"column":null}},"212":{"start":{"line":803,"column":8},"end":{"line":803,"column":null}},"213":{"start":{"line":807,"column":0},"end":{"line":807,"column":null}},"214":{"start":{"line":808,"column":4},"end":{"line":808,"column":null}},"215":{"start":{"line":809,"column":8},"end":{"line":809,"column":null}},"216":{"start":{"line":810,"column":8},"end":{"line":810,"column":null}},"217":{"start":{"line":811,"column":8},"end":{"line":811,"column":null}},"218":{"start":{"line":825,"column":17},"end":{"line":836,"column":null}},"219":{"start":{"line":838,"column":17},"end":{"line":850,"column":null}},"220":{"start":{"line":900,"column":17},"end":{"line":926,"column":null}},"221":{"start":{"line":907,"column":8},"end":{"line":925,"column":null}},"222":{"start":{"line":913,"column":16},"end":{"line":913,"column":null}},"223":{"start":{"line":917,"column":16},"end":{"line":917,"column":null}},"224":{"start":{"line":919,"column":16},"end":{"line":919,"column":31}},"225":{"start":{"line":923,"column":16},"end":{"line":923,"column":null}},"226":{"start":{"line":928,"column":17},"end":{"line":1043,"column":null}},"227":{"start":{"line":936,"column":8},"end":{"line":1042,"column":null}},"228":{"start":{"line":944,"column":16},"end":{"line":944,"column":null}},"229":{"start":{"line":944,"column":30},"end":{"line":944,"column":null}},"230":{"start":{"line":946,"column":22},"end":{"line":954,"column":null}},"231":{"start":{"line":951,"column":34},"end":{"line":951,"column":60}},"232":{"start":{"line":952,"column":20},"end":{"line":952,"column":null}},"233":{"start":{"line":952,"column":60},"end":{"line":952,"column":null}},"234":{"start":{"line":953,"column":20},"end":{"line":953,"column":null}},"235":{"start":{"line":956,"column":22},"end":{"line":963,"column":null}},"236":{"start":{"line":959,"column":20},"end":{"line":959,"column":null}},"237":{"start":{"line":959,"column":58},"end":{"line":959,"column":null}},"238":{"start":{"line":960,"column":20},"end":{"line":962,"column":null}},"239":{"start":{"line":965,"column":22},"end":{"line":975,"column":null}},"240":{"start":{"line":968,"column":20},"end":{"line":968,"column":null}},"241":{"start":{"line":968,"column":60},"end":{"line":968,"column":null}},"242":{"start":{"line":970,"column":35},"end":{"line":970,"column":48}},"243":{"start":{"line":972,"column":20},"end":{"line":972,"column":null}},"244":{"start":{"line":972,"column":39},"end":{"line":972,"column":null}},"245":{"start":{"line":974,"column":20},"end":{"line":974,"column":null}},"246":{"start":{"line":977,"column":22},"end":{"line":990,"column":null}},"247":{"start":{"line":980,"column":20},"end":{"line":980,"column":null}},"248":{"start":{"line":980,"column":58},"end":{"line":980,"column":null}},"249":{"start":{"line":982,"column":24},"end":{"line":982,"column":null}},"250":{"start":{"line":984,"column":24},"end":{"line":987,"column":null}},"251":{"start":{"line":988,"column":24},"end":{"line":988,"column":null}},"252":{"start":{"line":992,"column":22},"end":{"line":999,"column":null}},"253":{"start":{"line":995,"column":20},"end":{"line":995,"column":null}},"254":{"start":{"line":995,"column":62},"end":{"line":995,"column":null}},"255":{"start":{"line":996,"column":33},"end":{"line":996,"column":54}},"256":{"start":{"line":997,"column":20},"end":{"line":997,"column":null}},"257":{"start":{"line":998,"column":20},"end":{"line":998,"column":null}},"258":{"start":{"line":1001,"column":22},"end":{"line":1001,"column":null}},"259":{"start":{"line":1004,"column":31},"end":{"line":1004,"column":38}},"260":{"start":{"line":1005,"column":30},"end":{"line":1028,"column":null}},"261":{"start":{"line":1029,"column":24},"end":{"line":1029,"column":null}},"262":{"start":{"line":1033,"column":20},"end":{"line":1033,"column":null}},"263":{"start":{"line":1035,"column":20},"end":{"line":1035,"column":null}},"264":{"start":{"line":1040,"column":16},"end":{"line":1040,"column":null}},"265":{"start":{"line":1045,"column":17},"end":{"line":1157,"column":null}},"266":{"start":{"line":1051,"column":8},"end":{"line":1156,"column":null}},"267":{"start":{"line":1052,"column":27},"end":{"line":1052,"column":43}},"268":{"start":{"line":1054,"column":12},"end":{"line":1149,"column":null}},"269":{"start":{"line":1055,"column":72},"end":{"line":1055,"column":74}},"270":{"start":{"line":1056,"column":40},"end":{"line":1056,"column":42}},"271":{"start":{"line":1060,"column":33},"end":{"line":1060,"column":56}},"272":{"start":{"line":1061,"column":35},"end":{"line":1061,"column":68}},"273":{"start":{"line":1064,"column":77},"end":{"line":1069,"column":null}},"274":{"start":{"line":1073,"column":24},"end":{"line":1073,"column":null}},"275":{"start":{"line":1076,"column":28},"end":{"line":1077,"column":null}},"276":{"start":{"line":1078,"column":28},"end":{"line":1079,"column":null}},"277":{"start":{"line":1080,"column":28},"end":{"line":1082,"column":null}},"278":{"start":{"line":1081,"column":32},"end":{"line":1082,"column":null}},"279":{"start":{"line":1087,"column":24},"end":{"line":1087,"column":null}},"280":{"start":{"line":1090,"column":24},"end":{"line":1092,"column":null}},"281":{"start":{"line":1094,"column":24},"end":{"line":1096,"column":null}},"282":{"start":{"line":1098,"column":24},"end":{"line":1103,"column":null}},"283":{"start":{"line":1106,"column":28},"end":{"line":1106,"column":null}},"284":{"start":{"line":1107,"column":28},"end":{"line":1107,"column":null}},"285":{"start":{"line":1111,"column":24},"end":{"line":1126,"column":null}},"286":{"start":{"line":1112,"column":28},"end":{"line":1113,"column":null}},"287":{"start":{"line":1113,"column":32},"end":{"line":1113,"column":null}},"288":{"start":{"line":1119,"column":36},"end":{"line":1119,"column":64}},"289":{"start":{"line":1120,"column":32},"end":{"line":1120,"column":null}},"290":{"start":{"line":1121,"column":32},"end":{"line":1121,"column":null}},"291":{"start":{"line":1122,"column":32},"end":{"line":1122,"column":null}},"292":{"start":{"line":1124,"column":32},"end":{"line":1124,"column":null}},"293":{"start":{"line":1128,"column":24},"end":{"line":1128,"column":null}},"294":{"start":{"line":1063,"column":39},"end":{"line":1063,"column":45}},"295":{"start":{"line":1063,"column":39},"end":{"line":1063,"column":51}},"296":{"start":{"line":1063,"column":35},"end":{"line":1063,"column":39}},"297":{"start":{"line":1063,"column":31},"end":{"line":1063,"column":39}},"298":{"start":{"line":1132,"column":24},"end":{"line":1139,"column":null}},"299":{"start":{"line":1133,"column":28},"end":{"line":1138,"column":null}},"300":{"start":{"line":1142,"column":20},"end":{"line":1142,"column":null}},"301":{"start":{"line":1145,"column":16},"end":{"line":1148,"column":null}},"302":{"start":{"line":1151,"column":12},"end":{"line":1153,"column":null}},"303":{"start":{"line":1152,"column":16},"end":{"line":1152,"column":null}},"304":{"start":{"line":1155,"column":12},"end":{"line":1155,"column":null}},"305":{"start":{"line":1160,"column":0},"end":{"line":1160,"column":13}},"306":{"start":{"line":1176,"column":8},"end":{"line":1176,"column":null}},"307":{"start":{"line":1177,"column":8},"end":{"line":1177,"column":null}},"308":{"start":{"line":1178,"column":8},"end":{"line":1178,"column":null}},"309":{"start":{"line":1179,"column":8},"end":{"line":1179,"column":null}},"310":{"start":{"line":1180,"column":8},"end":{"line":1180,"column":null}},"311":{"start":{"line":1181,"column":8},"end":{"line":1181,"column":null}},"312":{"start":{"line":1182,"column":8},"end":{"line":1182,"column":null}},"313":{"start":{"line":1183,"column":8},"end":{"line":1183,"column":null}},"314":{"start":{"line":1191,"column":24},"end":{"line":1224,"column":null}},"315":{"start":{"line":1193,"column":8},"end":{"line":1193,"column":null}},"316":{"start":{"line":1194,"column":8},"end":{"line":1194,"column":null}},"317":{"start":{"line":1196,"column":14},"end":{"line":1196,"column":null}},"318":{"start":{"line":1198,"column":8},"end":{"line":1198,"column":null}},"319":{"start":{"line":1199,"column":8},"end":{"line":1199,"column":null}},"320":{"start":{"line":1200,"column":8},"end":{"line":1200,"column":null}},"321":{"start":{"line":1201,"column":8},"end":{"line":1201,"column":null}},"322":{"start":{"line":1204,"column":31},"end":{"line":1204,"column":null}},"323":{"start":{"line":1205,"column":12},"end":{"line":1205,"column":null}},"324":{"start":{"line":1204,"column":14},"end":{"line":1208,"column":null}},"325":{"start":{"line":1211,"column":14},"end":{"line":1211,"column":null}},"326":{"start":{"line":1214,"column":8},"end":{"line":1214,"column":22}},"327":{"start":{"line":1214,"column":29},"end":{"line":1221,"column":null}},"328":{"start":{"line":1214,"column":8},"end":{"line":1221,"column":null}},"329":{"start":{"line":1223,"column":8},"end":{"line":1223,"column":null}},"330":{"start":{"line":1232,"column":17},"end":{"line":1265,"column":null}},"331":{"start":{"line":1234,"column":12},"end":{"line":1234,"column":null}},"332":{"start":{"line":1239,"column":12},"end":{"line":1239,"column":25}},"333":{"start":{"line":1241,"column":12},"end":{"line":1241,"column":null}},"334":{"start":{"line":1244,"column":18},"end":{"line":1245,"column":null}},"335":{"start":{"line":1248,"column":12},"end":{"line":1248,"column":17}},"336":{"start":{"line":1248,"column":24},"end":{"line":1257,"column":null}},"337":{"start":{"line":1248,"column":12},"end":{"line":1257,"column":null}},"338":{"start":{"line":1261,"column":8},"end":{"line":1264,"column":null}},"339":{"start":{"line":1273,"column":17},"end":{"line":1367,"column":null}},"340":{"start":{"line":1280,"column":12},"end":{"line":1280,"column":null}},"341":{"start":{"line":1283,"column":14},"end":{"line":1283,"column":null}},"342":{"start":{"line":1286,"column":29},"end":{"line":1286,"column":null}},"343":{"start":{"line":1286,"column":14},"end":{"line":1286,"column":null}},"344":{"start":{"line":1288,"column":14},"end":{"line":1288,"column":null}},"345":{"start":{"line":1289,"column":12},"end":{"line":1289,"column":null}},"346":{"start":{"line":1293,"column":12},"end":{"line":1293,"column":null}},"347":{"start":{"line":1296,"column":37},"end":{"line":1302,"column":null}},"348":{"start":{"line":1296,"column":14},"end":{"line":1302,"column":null}},"349":{"start":{"line":1304,"column":14},"end":{"line":1305,"column":null}},"350":{"start":{"line":1309,"column":14},"end":{"line":1312,"column":null}},"351":{"start":{"line":1314,"column":8},"end":{"line":1317,"column":null}},"352":{"start":{"line":1321,"column":8},"end":{"line":1326,"column":null}},"353":{"start":{"line":1324,"column":20},"end":{"line":1324,"column":null}},"354":{"start":{"line":1329,"column":8},"end":{"line":1342,"column":null}},"355":{"start":{"line":1332,"column":20},"end":{"line":1335,"column":null}},"356":{"start":{"line":1337,"column":16},"end":{"line":1340,"column":null}},"357":{"start":{"line":1352,"column":8},"end":{"line":1355,"column":null}},"358":{"start":{"line":1358,"column":8},"end":{"line":1358,"column":null}},"359":{"start":{"line":1362,"column":12},"end":{"line":1362,"column":null}},"360":{"start":{"line":1366,"column":8},"end":{"line":1366,"column":null}},"361":{"start":{"line":1372,"column":17},"end":{"line":1378,"column":null}},"362":{"start":{"line":1374,"column":12},"end":{"line":1374,"column":null}},"363":{"start":{"line":1377,"column":8},"end":{"line":1377,"column":null}},"364":{"start":{"line":1385,"column":17},"end":{"line":1416,"column":null}},"365":{"start":{"line":1389,"column":12},"end":{"line":1391,"column":null}},"366":{"start":{"line":1394,"column":14},"end":{"line":1394,"column":null}},"367":{"start":{"line":1397,"column":8},"end":{"line":1397,"column":null}},"368":{"start":{"line":1400,"column":14},"end":{"line":1401,"column":null}},"369":{"start":{"line":1404,"column":8},"end":{"line":1404,"column":20}},"370":{"start":{"line":1404,"column":27},"end":{"line":1413,"column":null}},"371":{"start":{"line":1404,"column":8},"end":{"line":1413,"column":null}},"372":{"start":{"line":1415,"column":8},"end":{"line":1415,"column":null}},"373":{"start":{"line":1418,"column":18},"end":{"line":1441,"column":null}},"374":{"start":{"line":1422,"column":24},"end":{"line":1422,"column":65}},"375":{"start":{"line":1424,"column":8},"end":{"line":1426,"column":null}},"376":{"start":{"line":1428,"column":30},"end":{"line":1428,"column":73}},"377":{"start":{"line":1430,"column":8},"end":{"line":1430,"column":null}},"378":{"start":{"line":1430,"column":29},"end":{"line":1430,"column":null}},"379":{"start":{"line":1434,"column":12},"end":{"line":1437,"column":null}},"380":{"start":{"line":1440,"column":8},"end":{"line":1440,"column":null}},"381":{"start":{"line":1442,"column":0},"end":{"line":1442,"column":null}},"382":{"start":{"line":1160,"column":13},"end":{"line":1160,"column":null}},"383":{"start":{"line":1444,"column":0},"end":{"line":1444,"column":null}},"384":{"start":{"line":1445,"column":17},"end":{"line":1451,"column":null}},"385":{"start":{"line":1454,"column":17},"end":{"line":1454,"column":null}},"386":{"start":{"line":1455,"column":17},"end":{"line":1455,"column":null}},"387":{"start":{"line":1456,"column":17},"end":{"line":1456,"column":null}},"388":{"start":{"line":1457,"column":4},"end":{"line":1457,"column":17}},"389":{"start":{"line":1465,"column":12},"end":{"line":1465,"column":null}},"390":{"start":{"line":1466,"column":12},"end":{"line":1466,"column":null}},"391":{"start":{"line":1467,"column":12},"end":{"line":1467,"column":null}},"392":{"start":{"line":1468,"column":12},"end":{"line":1468,"column":null}},"393":{"start":{"line":1469,"column":12},"end":{"line":1469,"column":null}},"394":{"start":{"line":1472,"column":15},"end":{"line":1490,"column":null}},"395":{"start":{"line":1476,"column":25},"end":{"line":1481,"column":14}},"396":{"start":{"line":1484,"column":16},"end":{"line":1484,"column":69}},"397":{"start":{"line":1486,"column":12},"end":{"line":1489,"column":null}},"398":{"start":{"line":1491,"column":4},"end":{"line":1491,"column":null}},"399":{"start":{"line":1457,"column":17},"end":{"line":1491,"column":null}},"400":{"start":{"line":1493,"column":4},"end":{"line":1493,"column":17}},"401":{"start":{"line":1500,"column":12},"end":{"line":1500,"column":null}},"402":{"start":{"line":1501,"column":12},"end":{"line":1501,"column":null}},"403":{"start":{"line":1502,"column":12},"end":{"line":1502,"column":null}},"404":{"start":{"line":1503,"column":12},"end":{"line":1503,"column":null}},"405":{"start":{"line":1505,"column":4},"end":{"line":1505,"column":null}},"406":{"start":{"line":1493,"column":17},"end":{"line":1505,"column":null}},"407":{"start":{"line":1507,"column":17},"end":{"line":1507,"column":null}},"408":{"start":{"line":1508,"column":17},"end":{"line":1533,"column":null}},"409":{"start":{"line":1535,"column":4},"end":{"line":1535,"column":17}},"410":{"start":{"line":1557,"column":12},"end":{"line":1557,"column":null}},"411":{"start":{"line":1559,"column":12},"end":{"line":1559,"column":null}},"412":{"start":{"line":1560,"column":12},"end":{"line":1560,"column":null}},"413":{"start":{"line":1562,"column":12},"end":{"line":1562,"column":null}},"414":{"start":{"line":1563,"column":12},"end":{"line":1563,"column":null}},"415":{"start":{"line":1564,"column":12},"end":{"line":1564,"column":null}},"416":{"start":{"line":1565,"column":12},"end":{"line":1567,"column":null}},"417":{"start":{"line":1568,"column":12},"end":{"line":1568,"column":null}},"418":{"start":{"line":1569,"column":12},"end":{"line":1569,"column":null}},"419":{"start":{"line":1570,"column":12},"end":{"line":1570,"column":null}},"420":{"start":{"line":1572,"column":12},"end":{"line":1572,"column":null}},"421":{"start":{"line":1573,"column":12},"end":{"line":1573,"column":null}},"422":{"start":{"line":1574,"column":12},"end":{"line":1574,"column":null}},"423":{"start":{"line":1576,"column":12},"end":{"line":1576,"column":null}},"424":{"start":{"line":1579,"column":15},"end":{"line":1667,"column":null}},"425":{"start":{"line":1584,"column":16},"end":{"line":1585,"column":null}},"426":{"start":{"line":1585,"column":20},"end":{"line":1585,"column":null}},"427":{"start":{"line":1587,"column":16},"end":{"line":1588,"column":null}},"428":{"start":{"line":1588,"column":20},"end":{"line":1588,"column":null}},"429":{"start":{"line":1590,"column":16},"end":{"line":1591,"column":null}},"430":{"start":{"line":1591,"column":20},"end":{"line":1591,"column":null}},"431":{"start":{"line":1593,"column":16},"end":{"line":1594,"column":null}},"432":{"start":{"line":1594,"column":20},"end":{"line":1594,"column":null}},"433":{"start":{"line":1596,"column":16},"end":{"line":1597,"column":null}},"434":{"start":{"line":1597,"column":20},"end":{"line":1597,"column":null}},"435":{"start":{"line":1599,"column":16},"end":{"line":1602,"column":null}},"436":{"start":{"line":1600,"column":20},"end":{"line":1602,"column":null}},"437":{"start":{"line":1604,"column":16},"end":{"line":1605,"column":null}},"438":{"start":{"line":1605,"column":20},"end":{"line":1605,"column":null}},"439":{"start":{"line":1607,"column":16},"end":{"line":1608,"column":null}},"440":{"start":{"line":1608,"column":20},"end":{"line":1608,"column":null}},"441":{"start":{"line":1610,"column":16},"end":{"line":1611,"column":null}},"442":{"start":{"line":1611,"column":20},"end":{"line":1611,"column":null}},"443":{"start":{"line":1613,"column":16},"end":{"line":1615,"column":null}},"444":{"start":{"line":1614,"column":20},"end":{"line":1615,"column":null}},"445":{"start":{"line":1617,"column":16},"end":{"line":1619,"column":null}},"446":{"start":{"line":1618,"column":20},"end":{"line":1619,"column":null}},"447":{"start":{"line":1621,"column":16},"end":{"line":1624,"column":null}},"448":{"start":{"line":1622,"column":20},"end":{"line":1624,"column":null}},"449":{"start":{"line":1626,"column":16},"end":{"line":1628,"column":null}},"450":{"start":{"line":1627,"column":20},"end":{"line":1628,"column":null}},"451":{"start":{"line":1630,"column":30},"end":{"line":1630,"column":54}},"452":{"start":{"line":1635,"column":16},"end":{"line":1635,"column":null}},"453":{"start":{"line":1636,"column":16},"end":{"line":1636,"column":null}},"454":{"start":{"line":1638,"column":16},"end":{"line":1638,"column":null}},"455":{"start":{"line":1639,"column":16},"end":{"line":1639,"column":null}},"456":{"start":{"line":1644,"column":20},"end":{"line":1644,"column":null}},"457":{"start":{"line":1645,"column":20},"end":{"line":1645,"column":null}},"458":{"start":{"line":1648,"column":16},"end":{"line":1650,"column":null}},"459":{"start":{"line":1651,"column":16},"end":{"line":1651,"column":null}},"460":{"start":{"line":1652,"column":16},"end":{"line":1652,"column":null}},"461":{"start":{"line":1653,"column":16},"end":{"line":1653,"column":null}},"462":{"start":{"line":1658,"column":16},"end":{"line":1658,"column":null}},"463":{"start":{"line":1660,"column":16},"end":{"line":1660,"column":null}},"464":{"start":{"line":1664,"column":12},"end":{"line":1664,"column":null}},"465":{"start":{"line":1666,"column":12},"end":{"line":1666,"column":null}},"466":{"start":{"line":1669,"column":16},"end":{"line":1714,"column":null}},"467":{"start":{"line":1669,"column":8},"end":{"line":1669,"column":16}},"468":{"start":{"line":1672,"column":62},"end":{"line":1687,"column":null}},"469":{"start":{"line":1691,"column":35},"end":{"line":1691,"column":51}},"470":{"start":{"line":1693,"column":37},"end":{"line":1693,"column":39}},"471":{"start":{"line":1695,"column":12},"end":{"line":1704,"column":null}},"472":{"start":{"line":1699,"column":37},"end":{"line":1699,"column":65}},"473":{"start":{"line":1702,"column":20},"end":{"line":1702,"column":null}},"474":{"start":{"line":1707,"column":12},"end":{"line":1707,"column":null}},"475":{"start":{"line":1708,"column":12},"end":{"line":1708,"column":null}},"476":{"start":{"line":1709,"column":12},"end":{"line":1709,"column":null}},"477":{"start":{"line":1710,"column":12},"end":{"line":1710,"column":null}},"478":{"start":{"line":1711,"column":12},"end":{"line":1711,"column":null}},"479":{"start":{"line":1713,"column":12},"end":{"line":1713,"column":null}},"480":{"start":{"line":1722,"column":21},"end":{"line":1737,"column":null}},"481":{"start":{"line":1725,"column":12},"end":{"line":1725,"column":null}},"482":{"start":{"line":1725,"column":27},"end":{"line":1725,"column":null}},"483":{"start":{"line":1727,"column":18},"end":{"line":1727,"column":null}},"484":{"start":{"line":1729,"column":25},"end":{"line":1732,"column":null}},"485":{"start":{"line":1729,"column":18},"end":{"line":1732,"column":null}},"486":{"start":{"line":1734,"column":12},"end":{"line":1734,"column":null}},"487":{"start":{"line":1736,"column":12},"end":{"line":1736,"column":null}},"488":{"start":{"line":1738,"column":4},"end":{"line":1738,"column":null}},"489":{"start":{"line":1535,"column":17},"end":{"line":1738,"column":null}},"490":{"start":{"line":1748,"column":17},"end":{"line":1876,"column":null}},"491":{"start":{"line":1754,"column":38},"end":{"line":1754,"column":71}},"492":{"start":{"line":1757,"column":12},"end":{"line":1757,"column":null}},"493":{"start":{"line":1759,"column":12},"end":{"line":1763,"column":null}},"494":{"start":{"line":1767,"column":8},"end":{"line":1767,"column":null}},"495":{"start":{"line":1768,"column":8},"end":{"line":1768,"column":null}},"496":{"start":{"line":1770,"column":69},"end":{"line":1784,"column":null}},"497":{"start":{"line":1786,"column":69},"end":{"line":1788,"column":null}},"498":{"start":{"line":1793,"column":12},"end":{"line":1793,"column":null}},"499":{"start":{"line":1794,"column":12},"end":{"line":1794,"column":null}},"500":{"start":{"line":1798,"column":12},"end":{"line":1798,"column":null}},"501":{"start":{"line":1799,"column":12},"end":{"line":1799,"column":null}},"502":{"start":{"line":1803,"column":12},"end":{"line":1803,"column":null}},"503":{"start":{"line":1804,"column":12},"end":{"line":1804,"column":null}},"504":{"start":{"line":1808,"column":12},"end":{"line":1808,"column":null}},"505":{"start":{"line":1809,"column":12},"end":{"line":1809,"column":null}},"506":{"start":{"line":1816,"column":12},"end":{"line":1818,"column":null}},"507":{"start":{"line":1819,"column":12},"end":{"line":1819,"column":null}},"508":{"start":{"line":1823,"column":12},"end":{"line":1823,"column":null}},"509":{"start":{"line":1824,"column":12},"end":{"line":1824,"column":null}},"510":{"start":{"line":1828,"column":12},"end":{"line":1828,"column":null}},"511":{"start":{"line":1829,"column":12},"end":{"line":1829,"column":null}},"512":{"start":{"line":1833,"column":12},"end":{"line":1833,"column":null}},"513":{"start":{"line":1834,"column":12},"end":{"line":1834,"column":null}},"514":{"start":{"line":1838,"column":12},"end":{"line":1838,"column":null}},"515":{"start":{"line":1839,"column":12},"end":{"line":1839,"column":null}},"516":{"start":{"line":1843,"column":12},"end":{"line":1843,"column":null}},"517":{"start":{"line":1844,"column":12},"end":{"line":1844,"column":null}},"518":{"start":{"line":1851,"column":12},"end":{"line":1852,"column":null}},"519":{"start":{"line":1853,"column":12},"end":{"line":1853,"column":null}},"520":{"start":{"line":1860,"column":20},"end":{"line":1862,"column":null}},"521":{"start":{"line":1865,"column":12},"end":{"line":1872,"column":null}},"522":{"start":{"line":1875,"column":8},"end":{"line":1875,"column":null}},"523":{"start":{"line":1879,"column":13},"end":{"line":1888,"column":null}},"524":{"start":{"line":1890,"column":0},"end":{"line":1890,"column":13}},"525":{"start":{"line":1903,"column":8},"end":{"line":1903,"column":null}},"526":{"start":{"line":1904,"column":8},"end":{"line":1904,"column":null}},"527":{"start":{"line":1905,"column":8},"end":{"line":1905,"column":null}},"528":{"start":{"line":1906,"column":8},"end":{"line":1906,"column":null}},"529":{"start":{"line":1907,"column":8},"end":{"line":1907,"column":null}},"530":{"start":{"line":1908,"column":8},"end":{"line":1908,"column":null}},"531":{"start":{"line":1909,"column":8},"end":{"line":1909,"column":null}},"532":{"start":{"line":1896,"column":11},"end":{"line":1896,"column":null}},"533":{"start":{"line":1897,"column":11},"end":{"line":1897,"column":null}},"534":{"start":{"line":1911,"column":8},"end":{"line":1911,"column":null}},"535":{"start":{"line":1912,"column":8},"end":{"line":1912,"column":null}},"536":{"start":{"line":1913,"column":8},"end":{"line":1913,"column":null}},"537":{"start":{"line":1914,"column":8},"end":{"line":1914,"column":null}},"538":{"start":{"line":1915,"column":8},"end":{"line":1915,"column":null}},"539":{"start":{"line":1916,"column":8},"end":{"line":1916,"column":null}},"540":{"start":{"line":1917,"column":8},"end":{"line":1917,"column":null}},"541":{"start":{"line":1920,"column":11},"end":{"line":1924,"column":null}},"542":{"start":{"line":1921,"column":8},"end":{"line":1921,"column":null}},"543":{"start":{"line":1923,"column":8},"end":{"line":1923,"column":null}},"544":{"start":{"line":1926,"column":11},"end":{"line":1930,"column":null}},"545":{"start":{"line":1928,"column":12},"end":{"line":1928,"column":null}},"546":{"start":{"line":1932,"column":11},"end":{"line":1934,"column":null}},"547":{"start":{"line":1933,"column":8},"end":{"line":1933,"column":null}},"548":{"start":{"line":1936,"column":11},"end":{"line":1938,"column":null}},"549":{"start":{"line":1937,"column":8},"end":{"line":1937,"column":null}},"550":{"start":{"line":1940,"column":11},"end":{"line":1942,"column":null}},"551":{"start":{"line":1941,"column":8},"end":{"line":1941,"column":null}},"552":{"start":{"line":1943,"column":0},"end":{"line":1943,"column":null}},"553":{"start":{"line":1890,"column":13},"end":{"line":1890,"column":null}},"554":{"start":{"line":1951,"column":0},"end":{"line":1951,"column":13}},"555":{"start":{"line":1957,"column":11},"end":{"line":1957,"column":null}},"556":{"start":{"line":1959,"column":11},"end":{"line":1959,"column":null}},"557":{"start":{"line":1961,"column":11},"end":{"line":1970,"column":null}},"558":{"start":{"line":1966,"column":8},"end":{"line":1966,"column":null}},"559":{"start":{"line":1967,"column":8},"end":{"line":1967,"column":null}},"560":{"start":{"line":1968,"column":8},"end":{"line":1968,"column":null}},"561":{"start":{"line":1969,"column":8},"end":{"line":1969,"column":null}},"562":{"start":{"line":1972,"column":11},"end":{"line":1978,"column":null}},"563":{"start":{"line":1973,"column":8},"end":{"line":1973,"column":null}},"564":{"start":{"line":1974,"column":8},"end":{"line":1974,"column":null}},"565":{"start":{"line":1975,"column":8},"end":{"line":1975,"column":null}},"566":{"start":{"line":1976,"column":8},"end":{"line":1976,"column":null}},"567":{"start":{"line":1977,"column":8},"end":{"line":1977,"column":null}},"568":{"start":{"line":1980,"column":11},"end":{"line":1986,"column":null}},"569":{"start":{"line":1981,"column":8},"end":{"line":1984,"column":null}},"570":{"start":{"line":1989,"column":11},"end":{"line":2009,"column":null}},"571":{"start":{"line":1992,"column":8},"end":{"line":1992,"column":null}},"572":{"start":{"line":1993,"column":8},"end":{"line":1993,"column":null}},"573":{"start":{"line":1998,"column":8},"end":{"line":2008,"column":null}},"574":{"start":{"line":2011,"column":11},"end":{"line":2015,"column":null}},"575":{"start":{"line":2012,"column":8},"end":{"line":2014,"column":null}},"576":{"start":{"line":2013,"column":24},"end":{"line":2013,"column":null}},"577":{"start":{"line":2017,"column":11},"end":{"line":2021,"column":null}},"578":{"start":{"line":2018,"column":8},"end":{"line":2019,"column":null}},"579":{"start":{"line":2019,"column":48},"end":{"line":2019,"column":71}},"580":{"start":{"line":2023,"column":11},"end":{"line":2027,"column":null}},"581":{"start":{"line":2023,"column":28},"end":{"line":2023,"column":null}},"582":{"start":{"line":2024,"column":8},"end":{"line":2026,"column":null}},"583":{"start":{"line":2025,"column":24},"end":{"line":2025,"column":null}},"584":{"start":{"line":2038,"column":24},"end":{"line":2084,"column":null}},"585":{"start":{"line":2043,"column":14},"end":{"line":2043,"column":40}},"586":{"start":{"line":2047,"column":12},"end":{"line":2047,"column":null}},"587":{"start":{"line":2051,"column":14},"end":{"line":2051,"column":null}},"588":{"start":{"line":2052,"column":8},"end":{"line":2052,"column":null}},"589":{"start":{"line":2053,"column":8},"end":{"line":2053,"column":null}},"590":{"start":{"line":2054,"column":8},"end":{"line":2054,"column":null}},"591":{"start":{"line":2056,"column":32},"end":{"line":2056,"column":null}},"592":{"start":{"line":2057,"column":12},"end":{"line":2057,"column":null}},"593":{"start":{"line":2058,"column":12},"end":{"line":2058,"column":null}},"594":{"start":{"line":2056,"column":26},"end":{"line":2065,"column":null}},"595":{"start":{"line":2056,"column":14},"end":{"line":2065,"column":null}},"596":{"start":{"line":2067,"column":14},"end":{"line":2069,"column":null}},"597":{"start":{"line":2080,"column":12},"end":{"line":2080,"column":null}},"598":{"start":{"line":2083,"column":8},"end":{"line":2083,"column":null}},"599":{"start":{"line":2093,"column":24},"end":{"line":2147,"column":null}},"600":{"start":{"line":2103,"column":12},"end":{"line":2105,"column":null}},"601":{"start":{"line":2109,"column":14},"end":{"line":2109,"column":null}},"602":{"start":{"line":2111,"column":23},"end":{"line":2111,"column":null}},"603":{"start":{"line":2111,"column":14},"end":{"line":2111,"column":null}},"604":{"start":{"line":2113,"column":14},"end":{"line":2114,"column":null}},"605":{"start":{"line":2116,"column":14},"end":{"line":2120,"column":null}},"606":{"start":{"line":2122,"column":8},"end":{"line":2124,"column":null}},"607":{"start":{"line":2127,"column":31},"end":{"line":2134,"column":null}},"608":{"start":{"line":2127,"column":14},"end":{"line":2134,"column":null}},"609":{"start":{"line":2137,"column":14},"end":{"line":2139,"column":null}},"610":{"start":{"line":2141,"column":14},"end":{"line":2141,"column":null}},"611":{"start":{"line":2143,"column":8},"end":{"line":2146,"column":null}},"612":{"start":{"line":2148,"column":0},"end":{"line":2148,"column":null}},"613":{"start":{"line":1951,"column":13},"end":{"line":1951,"column":null}},"614":{"start":{"line":2153,"column":0},"end":{"line":2153,"column":null}},"615":{"start":{"line":2161,"column":11},"end":{"line":2161,"column":null}},"616":{"start":{"line":2168,"column":11},"end":{"line":2168,"column":null}},"617":{"start":{"line":2175,"column":11},"end":{"line":2175,"column":null}},"618":{"start":{"line":2177,"column":11},"end":{"line":2179,"column":null}},"619":{"start":{"line":2178,"column":8},"end":{"line":2178,"column":null}},"620":{"start":{"line":2180,"column":0},"end":{"line":2180,"column":null}},"621":{"start":{"line":2182,"column":20},"end":{"line":2187,"column":2}},"622":{"start":{"line":2189,"column":0},"end":{"line":2189,"column":null}},"623":{"start":{"line":2195,"column":16},"end":{"line":2195,"column":27}},"624":{"start":{"line":2195,"column":27},"end":{"line":2195,"column":38}},"625":{"start":{"line":2195,"column":38},"end":{"line":2195,"column":null}},"626":{"start":{"line":2196,"column":8},"end":{"line":2196,"column":null}},"627":{"start":{"line":2197,"column":8},"end":{"line":2197,"column":null}},"628":{"start":{"line":2198,"column":8},"end":{"line":2198,"column":null}},"629":{"start":{"line":2199,"column":8},"end":{"line":2199,"column":null}},"630":{"start":{"line":2201,"column":0},"end":{"line":2201,"column":null}},"631":{"start":{"line":2203,"column":0},"end":{"line":2203,"column":13}},"632":{"start":{"line":2224,"column":16},"end":{"line":2224,"column":43}},"633":{"start":{"line":2224,"column":43},"end":{"line":2224,"column":61}},"634":{"start":{"line":2224,"column":61},"end":{"line":2224,"column":null}},"635":{"start":{"line":2207,"column":12},"end":{"line":2207,"column":null}},"636":{"start":{"line":2214,"column":11},"end":{"line":2214,"column":null}},"637":{"start":{"line":2217,"column":11},"end":{"line":2217,"column":null}},"638":{"start":{"line":2218,"column":11},"end":{"line":2218,"column":null}},"639":{"start":{"line":2220,"column":11},"end":{"line":2220,"column":null}},"640":{"start":{"line":2222,"column":11},"end":{"line":2222,"column":null}},"641":{"start":{"line":2225,"column":8},"end":{"line":2225,"column":null}},"642":{"start":{"line":2226,"column":8},"end":{"line":2226,"column":null}},"643":{"start":{"line":2228,"column":8},"end":{"line":2228,"column":null}},"644":{"start":{"line":2229,"column":8},"end":{"line":2229,"column":null}},"645":{"start":{"line":2236,"column":11},"end":{"line":2259,"column":null}},"646":{"start":{"line":2248,"column":12},"end":{"line":2250,"column":null}},"647":{"start":{"line":2252,"column":12},"end":{"line":2252,"column":null}},"648":{"start":{"line":2255,"column":12},"end":{"line":2255,"column":null}},"649":{"start":{"line":2257,"column":12},"end":{"line":2257,"column":null}},"650":{"start":{"line":2266,"column":12},"end":{"line":2283,"column":null}},"651":{"start":{"line":2267,"column":52},"end":{"line":2267,"column":54}},"652":{"start":{"line":2272,"column":25},"end":{"line":2272,"column":26}},"653":{"start":{"line":2273,"column":33},"end":{"line":2273,"column":65}},"654":{"start":{"line":2274,"column":16},"end":{"line":2274,"column":null}},"655":{"start":{"line":2275,"column":16},"end":{"line":2275,"column":null}},"656":{"start":{"line":2276,"column":16},"end":{"line":2276,"column":null}},"657":{"start":{"line":2277,"column":16},"end":{"line":2277,"column":null}},"658":{"start":{"line":2278,"column":16},"end":{"line":2278,"column":null}},"659":{"start":{"line":2282,"column":8},"end":{"line":2282,"column":null}},"660":{"start":{"line":2289,"column":11},"end":{"line":2291,"column":null}},"661":{"start":{"line":2290,"column":8},"end":{"line":2290,"column":null}},"662":{"start":{"line":2290,"column":47},"end":{"line":2290,"column":72}},"663":{"start":{"line":2298,"column":11},"end":{"line":2301,"column":null}},"664":{"start":{"line":2300,"column":8},"end":{"line":2300,"column":null}},"665":{"start":{"line":2312,"column":18},"end":{"line":2335,"column":null}},"666":{"start":{"line":2314,"column":14},"end":{"line":2314,"column":null}},"667":{"start":{"line":2320,"column":8},"end":{"line":2320,"column":null}},"668":{"start":{"line":2322,"column":12},"end":{"line":2322,"column":null}},"669":{"start":{"line":2323,"column":38},"end":{"line":2323,"column":null}},"670":{"start":{"line":2323,"column":27},"end":{"line":2323,"column":null}},"671":{"start":{"line":2323,"column":19},"end":{"line":2323,"column":27}},"672":{"start":{"line":2324,"column":12},"end":{"line":2324,"column":30}},"673":{"start":{"line":2324,"column":30},"end":{"line":2324,"column":null}},"674":{"start":{"line":2324,"column":12},"end":{"line":2324,"column":null}},"675":{"start":{"line":2328,"column":32},"end":{"line":2331,"column":null}},"676":{"start":{"line":2328,"column":14},"end":{"line":2331,"column":null}},"677":{"start":{"line":2334,"column":8},"end":{"line":2334,"column":null}},"678":{"start":{"line":2342,"column":17},"end":{"line":2349,"column":null}},"679":{"start":{"line":2343,"column":12},"end":{"line":2343,"column":16}},"680":{"start":{"line":2344,"column":19},"end":{"line":2344,"column":null}},"681":{"start":{"line":2344,"column":12},"end":{"line":2344,"column":null}},"682":{"start":{"line":2348,"column":8},"end":{"line":2348,"column":null}},"683":{"start":{"line":2356,"column":11},"end":{"line":2358,"column":null}},"684":{"start":{"line":2357,"column":8},"end":{"line":2357,"column":null}},"685":{"start":{"line":2357,"column":40},"end":{"line":2357,"column":50}},"686":{"start":{"line":2366,"column":17},"end":{"line":2390,"column":null}},"687":{"start":{"line":2370,"column":12},"end":{"line":2370,"column":16}},"688":{"start":{"line":2371,"column":18},"end":{"line":2371,"column":null}},"689":{"start":{"line":2372,"column":12},"end":{"line":2372,"column":null}},"690":{"start":{"line":2374,"column":58},"end":{"line":2374,"column":null}},"691":{"start":{"line":2374,"column":31},"end":{"line":2374,"column":null}},"692":{"start":{"line":2374,"column":23},"end":{"line":2374,"column":31}},"693":{"start":{"line":2375,"column":16},"end":{"line":2375,"column":null}},"694":{"start":{"line":2378,"column":12},"end":{"line":2378,"column":null}},"695":{"start":{"line":2381,"column":14},"end":{"line":2381,"column":null}},"696":{"start":{"line":2381,"column":58},"end":{"line":2381,"column":77}},"697":{"start":{"line":2385,"column":12},"end":{"line":2385,"column":null}},"698":{"start":{"line":2389,"column":8},"end":{"line":2389,"column":null}},"699":{"start":{"line":2402,"column":18},"end":{"line":2453,"column":null}},"700":{"start":{"line":2404,"column":12},"end":{"line":2406,"column":null}},"701":{"start":{"line":2407,"column":12},"end":{"line":2407,"column":null}},"702":{"start":{"line":2411,"column":12},"end":{"line":2411,"column":null}},"703":{"start":{"line":2412,"column":12},"end":{"line":2412,"column":null}},"704":{"start":{"line":2415,"column":8},"end":{"line":2415,"column":null}},"705":{"start":{"line":2417,"column":24},"end":{"line":2417,"column":null}},"706":{"start":{"line":2417,"column":14},"end":{"line":2417,"column":null}},"707":{"start":{"line":2418,"column":8},"end":{"line":2418,"column":null}},"708":{"start":{"line":2420,"column":8},"end":{"line":2420,"column":null}},"709":{"start":{"line":2421,"column":14},"end":{"line":2424,"column":null}},"710":{"start":{"line":2432,"column":12},"end":{"line":2434,"column":null}},"711":{"start":{"line":2445,"column":12},"end":{"line":2445,"column":null}},"712":{"start":{"line":2449,"column":8},"end":{"line":2449,"column":null}},"713":{"start":{"line":2450,"column":8},"end":{"line":2450,"column":null}},"714":{"start":{"line":2452,"column":8},"end":{"line":2452,"column":null}},"715":{"start":{"line":2455,"column":17},"end":{"line":2483,"column":null}},"716":{"start":{"line":2456,"column":8},"end":{"line":2456,"column":null}},"717":{"start":{"line":2460,"column":12},"end":{"line":2460,"column":null}},"718":{"start":{"line":2461,"column":12},"end":{"line":2461,"column":null}},"719":{"start":{"line":2465,"column":32},"end":{"line":2465,"column":null}},"720":{"start":{"line":2465,"column":27},"end":{"line":2465,"column":null}},"721":{"start":{"line":2465,"column":19},"end":{"line":2465,"column":27}},"722":{"start":{"line":2466,"column":16},"end":{"line":2466,"column":20}},"723":{"start":{"line":2467,"column":20},"end":{"line":2467,"column":24}},"724":{"start":{"line":2468,"column":20},"end":{"line":2468,"column":null}},"725":{"start":{"line":2470,"column":20},"end":{"line":2470,"column":24}},"726":{"start":{"line":2472,"column":20},"end":{"line":2472,"column":null}},"727":{"start":{"line":2474,"column":20},"end":{"line":2474,"column":24}},"728":{"start":{"line":2477,"column":20},"end":{"line":2477,"column":null}},"729":{"start":{"line":2482,"column":8},"end":{"line":2482,"column":null}},"730":{"start":{"line":2493,"column":17},"end":{"line":2522,"column":null}},"731":{"start":{"line":2498,"column":8},"end":{"line":2498,"column":null}},"732":{"start":{"line":2500,"column":8},"end":{"line":2500,"column":null}},"733":{"start":{"line":2501,"column":14},"end":{"line":2501,"column":null}},"734":{"start":{"line":2502,"column":8},"end":{"line":2502,"column":null}},"735":{"start":{"line":2504,"column":12},"end":{"line":2504,"column":13}},"736":{"start":{"line":2506,"column":12},"end":{"line":2506,"column":null}},"737":{"start":{"line":2510,"column":8},"end":{"line":2510,"column":null}},"738":{"start":{"line":2513,"column":14},"end":{"line":2513,"column":null}},"739":{"start":{"line":2515,"column":8},"end":{"line":2515,"column":null}},"740":{"start":{"line":2516,"column":8},"end":{"line":2516,"column":null}},"741":{"start":{"line":2517,"column":8},"end":{"line":2517,"column":null}},"742":{"start":{"line":2519,"column":8},"end":{"line":2519,"column":null}},"743":{"start":{"line":2521,"column":8},"end":{"line":2521,"column":null}},"744":{"start":{"line":2531,"column":17},"end":{"line":2594,"column":null}},"745":{"start":{"line":2535,"column":8},"end":{"line":2535,"column":null}},"746":{"start":{"line":2541,"column":12},"end":{"line":2541,"column":null}},"747":{"start":{"line":2547,"column":12},"end":{"line":2547,"column":null}},"748":{"start":{"line":2551,"column":14},"end":{"line":2551,"column":null}},"749":{"start":{"line":2554,"column":14},"end":{"line":2557,"column":null}},"750":{"start":{"line":2556,"column":23},"end":{"line":2556,"column":null}},"751":{"start":{"line":2560,"column":12},"end":{"line":2563,"column":null}},"752":{"start":{"line":2564,"column":12},"end":{"line":2564,"column":null}},"753":{"start":{"line":2570,"column":12},"end":{"line":2570,"column":null}},"754":{"start":{"line":2573,"column":14},"end":{"line":2573,"column":null}},"755":{"start":{"line":2575,"column":14},"end":{"line":2575,"column":null}},"756":{"start":{"line":2577,"column":12},"end":{"line":2577,"column":13}},"757":{"start":{"line":2579,"column":12},"end":{"line":2579,"column":null}},"758":{"start":{"line":2582,"column":14},"end":{"line":2585,"column":null}},"759":{"start":{"line":2587,"column":12},"end":{"line":2587,"column":19}},"760":{"start":{"line":2588,"column":12},"end":{"line":2588,"column":null}},"761":{"start":{"line":2591,"column":8},"end":{"line":2591,"column":null}},"762":{"start":{"line":2593,"column":8},"end":{"line":2593,"column":null}},"763":{"start":{"line":2601,"column":17},"end":{"line":2622,"column":null}},"764":{"start":{"line":2602,"column":8},"end":{"line":2602,"column":null}},"765":{"start":{"line":2604,"column":8},"end":{"line":2604,"column":null}},"766":{"start":{"line":2605,"column":14},"end":{"line":2605,"column":null}},"767":{"start":{"line":2605,"column":56},"end":{"line":2605,"column":68}},"768":{"start":{"line":2606,"column":8},"end":{"line":2606,"column":null}},"769":{"start":{"line":2608,"column":12},"end":{"line":2608,"column":17}},"770":{"start":{"line":2609,"column":18},"end":{"line":2612,"column":null}},"771":{"start":{"line":2614,"column":12},"end":{"line":2614,"column":null}},"772":{"start":{"line":2615,"column":12},"end":{"line":2615,"column":null}},"773":{"start":{"line":2616,"column":12},"end":{"line":2616,"column":null}},"774":{"start":{"line":2618,"column":12},"end":{"line":2618,"column":null}},"775":{"start":{"line":2621,"column":8},"end":{"line":2621,"column":null}},"776":{"start":{"line":2626,"column":11},"end":{"line":2651,"column":null}},"777":{"start":{"line":2627,"column":49},"end":{"line":2628,"column":null}},"778":{"start":{"line":2628,"column":19},"end":{"line":2628,"column":null}},"779":{"start":{"line":2635,"column":12},"end":{"line":2635,"column":null}},"780":{"start":{"line":2635,"column":27},"end":{"line":2635,"column":null}},"781":{"start":{"line":2636,"column":12},"end":{"line":2636,"column":null}},"782":{"start":{"line":2636,"column":27},"end":{"line":2636,"column":null}},"783":{"start":{"line":2637,"column":12},"end":{"line":2637,"column":null}},"784":{"start":{"line":2637,"column":28},"end":{"line":2637,"column":null}},"785":{"start":{"line":2641,"column":29},"end":{"line":2641,"column":72}},"786":{"start":{"line":2643,"column":12},"end":{"line":2643,"column":null}},"787":{"start":{"line":2645,"column":12},"end":{"line":2645,"column":null}},"788":{"start":{"line":2645,"column":25},"end":{"line":2645,"column":null}},"789":{"start":{"line":2647,"column":12},"end":{"line":2647,"column":null}},"790":{"start":{"line":2653,"column":11},"end":{"line":2659,"column":null}},"791":{"start":{"line":2654,"column":22},"end":{"line":2654,"column":63}},"792":{"start":{"line":2654,"column":51},"end":{"line":2654,"column":63}},"793":{"start":{"line":2657,"column":12},"end":{"line":2657,"column":null}},"794":{"start":{"line":2669,"column":11},"end":{"line":2727,"column":null}},"795":{"start":{"line":2673,"column":12},"end":{"line":2675,"column":null}},"796":{"start":{"line":2683,"column":12},"end":{"line":2685,"column":null}},"797":{"start":{"line":2689,"column":26},"end":{"line":2689,"column":69}},"798":{"start":{"line":2695,"column":8},"end":{"line":2695,"column":null}},"799":{"start":{"line":2696,"column":8},"end":{"line":2700,"column":null}},"800":{"start":{"line":2703,"column":27},"end":{"line":2703,"column":40}},"801":{"start":{"line":2706,"column":8},"end":{"line":2711,"column":null}},"802":{"start":{"line":2714,"column":8},"end":{"line":2724,"column":null}},"803":{"start":{"line":2715,"column":12},"end":{"line":2723,"column":null}},"804":{"start":{"line":2726,"column":8},"end":{"line":2726,"column":null}},"805":{"start":{"line":2728,"column":0},"end":{"line":2728,"column":null}},"806":{"start":{"line":2203,"column":13},"end":{"line":2203,"column":null}},"807":{"start":{"line":2730,"column":0},"end":{"line":2730,"column":null}},"808":{"start":{"line":2732,"column":18},"end":{"line":2732,"column":null}},"809":{"start":{"line":2734,"column":4},"end":{"line":2734,"column":17}},"810":{"start":{"line":2755,"column":12},"end":{"line":2755,"column":null}},"811":{"start":{"line":2756,"column":12},"end":{"line":2756,"column":null}},"812":{"start":{"line":2757,"column":12},"end":{"line":2757,"column":null}},"813":{"start":{"line":2758,"column":12},"end":{"line":2758,"column":null}},"814":{"start":{"line":2759,"column":12},"end":{"line":2759,"column":null}},"815":{"start":{"line":2762,"column":22},"end":{"line":2776,"column":null}},"816":{"start":{"line":2769,"column":12},"end":{"line":2775,"column":null}},"817":{"start":{"line":2778,"column":22},"end":{"line":2787,"column":null}},"818":{"start":{"line":2779,"column":28},"end":{"line":2779,"column":78}},"819":{"start":{"line":2780,"column":12},"end":{"line":2786,"column":null}},"820":{"start":{"line":2789,"column":15},"end":{"line":2791,"column":null}},"821":{"start":{"line":2790,"column":12},"end":{"line":2790,"column":null}},"822":{"start":{"line":2793,"column":15},"end":{"line":2795,"column":null}},"823":{"start":{"line":2794,"column":12},"end":{"line":2794,"column":null}},"824":{"start":{"line":2797,"column":15},"end":{"line":2799,"column":null}},"825":{"start":{"line":2798,"column":12},"end":{"line":2798,"column":null}},"826":{"start":{"line":2801,"column":15},"end":{"line":2803,"column":null}},"827":{"start":{"line":2802,"column":12},"end":{"line":2802,"column":null}},"828":{"start":{"line":2805,"column":15},"end":{"line":2809,"column":null}},"829":{"start":{"line":2808,"column":12},"end":{"line":2808,"column":null}},"830":{"start":{"line":2811,"column":15},"end":{"line":2813,"column":null}},"831":{"start":{"line":2812,"column":12},"end":{"line":2812,"column":null}},"832":{"start":{"line":2814,"column":4},"end":{"line":2814,"column":null}},"833":{"start":{"line":2734,"column":17},"end":{"line":2814,"column":null}},"834":{"start":{"line":2816,"column":4},"end":{"line":2816,"column":null}},"835":{"start":{"line":2817,"column":8},"end":{"line":2817,"column":null}},"836":{"start":{"line":2818,"column":8},"end":{"line":2818,"column":null}},"837":{"start":{"line":2819,"column":8},"end":{"line":2819,"column":null}},"838":{"start":{"line":2820,"column":8},"end":{"line":2820,"column":null}},"839":{"start":{"line":2821,"column":8},"end":{"line":2821,"column":null}},"840":{"start":{"line":2832,"column":4},"end":{"line":2832,"column":17}},"841":{"start":{"line":2833,"column":15},"end":{"line":2836,"column":null}},"842":{"start":{"line":2838,"column":16},"end":{"line":2850,"column":null}},"843":{"start":{"line":2839,"column":28},"end":{"line":2845,"column":null}},"844":{"start":{"line":2847,"column":12},"end":{"line":2847,"column":null}},"845":{"start":{"line":2849,"column":12},"end":{"line":2849,"column":null}},"846":{"start":{"line":2852,"column":15},"end":{"line":2858,"column":null}},"847":{"start":{"line":2853,"column":31},"end":{"line":2853,"column":55}},"848":{"start":{"line":2855,"column":16},"end":{"line":2855,"column":null}},"849":{"start":{"line":2857,"column":12},"end":{"line":2857,"column":null}},"850":{"start":{"line":2860,"column":15},"end":{"line":2888,"column":null}},"851":{"start":{"line":2869,"column":29},"end":{"line":2869,"column":53}},"852":{"start":{"line":2871,"column":20},"end":{"line":2871,"column":null}},"853":{"start":{"line":2872,"column":20},"end":{"line":2872,"column":null}},"854":{"start":{"line":2873,"column":20},"end":{"line":2873,"column":null}},"855":{"start":{"line":2878,"column":32},"end":{"line":2884,"column":null}},"856":{"start":{"line":2886,"column":16},"end":{"line":2886,"column":null}},"857":{"start":{"line":2890,"column":15},"end":{"line":2902,"column":null}},"858":{"start":{"line":2892,"column":31},"end":{"line":2892,"column":55}},"859":{"start":{"line":2894,"column":16},"end":{"line":2894,"column":null}},"860":{"start":{"line":2895,"column":16},"end":{"line":2895,"column":null}},"861":{"start":{"line":2898,"column":16},"end":{"line":2898,"column":null}},"862":{"start":{"line":2899,"column":16},"end":{"line":2899,"column":null}},"863":{"start":{"line":2900,"column":16},"end":{"line":2900,"column":null}},"864":{"start":{"line":2904,"column":15},"end":{"line":2915,"column":null}},"865":{"start":{"line":2905,"column":31},"end":{"line":2905,"column":55}},"866":{"start":{"line":2907,"column":16},"end":{"line":2907,"column":null}},"867":{"start":{"line":2909,"column":16},"end":{"line":2913,"column":null}},"868":{"start":{"line":2917,"column":15},"end":{"line":2928,"column":null}},"869":{"start":{"line":2918,"column":31},"end":{"line":2918,"column":55}},"870":{"start":{"line":2920,"column":16},"end":{"line":2920,"column":null}},"871":{"start":{"line":2922,"column":16},"end":{"line":2926,"column":null}},"872":{"start":{"line":2930,"column":15},"end":{"line":2943,"column":null}},"873":{"start":{"line":2934,"column":35},"end":{"line":2934,"column":56}},"874":{"start":{"line":2936,"column":12},"end":{"line":2939,"column":null}},"875":{"start":{"line":2937,"column":16},"end":{"line":2937,"column":null}},"876":{"start":{"line":2938,"column":16},"end":{"line":2938,"column":null}},"877":{"start":{"line":2940,"column":12},"end":{"line":2940,"column":null}},"878":{"start":{"line":2942,"column":12},"end":{"line":2942,"column":null}},"879":{"start":{"line":2944,"column":4},"end":{"line":2944,"column":null}},"880":{"start":{"line":2832,"column":17},"end":{"line":2944,"column":null}},"881":{"start":{"line":2949,"column":4},"end":{"line":2949,"column":17}},"882":{"start":{"line":2955,"column":28},"end":{"line":2961,"column":null}},"883":{"start":{"line":2960,"column":12},"end":{"line":2960,"column":null}},"884":{"start":{"line":2971,"column":22},"end":{"line":3047,"column":null}},"885":{"start":{"line":2976,"column":12},"end":{"line":2976,"column":null}},"886":{"start":{"line":2976,"column":47},"end":{"line":2976,"column":null}},"887":{"start":{"line":2978,"column":33},"end":{"line":2978,"column":38}},"888":{"start":{"line":2980,"column":42},"end":{"line":2981,"column":null}},"889":{"start":{"line":2981,"column":23},"end":{"line":2981,"column":null}},"890":{"start":{"line":2984,"column":16},"end":{"line":2984,"column":75}},"891":{"start":{"line":2984,"column":70},"end":{"line":2984,"column":75}},"892":{"start":{"line":2985,"column":39},"end":{"line":2985,"column":66}},"893":{"start":{"line":2986,"column":33},"end":{"line":2987,"column":null}},"894":{"start":{"line":2987,"column":16},"end":{"line":2987,"column":null}},"895":{"start":{"line":2991,"column":12},"end":{"line":3013,"column":null}},"896":{"start":{"line":2994,"column":24},"end":{"line":2995,"column":null}},"897":{"start":{"line":2995,"column":36},"end":{"line":2995,"column":null}},"898":{"start":{"line":2997,"column":49},"end":{"line":2998,"column":null}},"899":{"start":{"line":2998,"column":32},"end":{"line":2998,"column":null}},"900":{"start":{"line":3005,"column":24},"end":{"line":3007,"column":null}},"901":{"start":{"line":3009,"column":24},"end":{"line":3010,"column":null}},"902":{"start":{"line":3016,"column":12},"end":{"line":3021,"column":null}},"903":{"start":{"line":3019,"column":24},"end":{"line":3020,"column":null}},"904":{"start":{"line":3022,"column":12},"end":{"line":3024,"column":null}},"905":{"start":{"line":3027,"column":12},"end":{"line":3044,"column":null}},"906":{"start":{"line":3030,"column":32},"end":{"line":3030,"column":null}},"907":{"start":{"line":3033,"column":20},"end":{"line":3033,"column":null}},"908":{"start":{"line":3034,"column":20},"end":{"line":3042,"column":null}},"909":{"start":{"line":3046,"column":12},"end":{"line":3046,"column":null}},"910":{"start":{"line":3048,"column":4},"end":{"line":3048,"column":null}},"911":{"start":{"line":2949,"column":17},"end":{"line":3048,"column":null}},"912":{"start":{"line":3052,"column":13},"end":{"line":3060,"column":null}},"913":{"start":{"line":3063,"column":13},"end":{"line":3065,"column":null}}},"fnMap":{"0":{"name":"(anonymous_28)","decl":{"start":{"line":14,"column":0},"end":{"line":14,"column":17}},"loc":{"start":{"line":14,"column":32},"end":{"line":676,"column":1}}},"1":{"name":"(anonymous_29)","decl":{"start":{"line":15,"column":4},"end":{"line":15,"column":17}},"loc":{"start":{"line":15,"column":4},"end":{"line":31,"column":null}}},"2":{"name":"KeyDerivationConfig_PBKDF2","decl":{"start":{"line":26,"column":8},"end":{"line":26,"column":null}},"loc":{"start":{"line":27,"column":78},"end":{"line":30,"column":null}}},"3":{"name":"(anonymous_31)","decl":{"start":{"line":33,"column":4},"end":{"line":33,"column":17}},"loc":{"start":{"line":33,"column":4},"end":{"line":57,"column":null}}},"4":{"name":"KeyDerivationConfig_Argon2ID","decl":{"start":{"line":50,"column":8},"end":{"line":50,"column":null}},"loc":{"start":{"line":52,"column":77},"end":{"line":56,"column":null}}},"5":{"name":"(anonymous_33)","decl":{"start":{"line":72,"column":16},"end":{"line":72,"column":17}},"loc":{"start":{"line":72,"column":18},"end":{"line":74,"column":17}}},"6":{"name":"(anonymous_34)","decl":{"start":{"line":83,"column":16},"end":{"line":83,"column":17}},"loc":{"start":{"line":83,"column":18},"end":{"line":88,"column":17}}},"7":{"name":"(anonymous_35)","decl":{"start":{"line":122,"column":4},"end":{"line":122,"column":17}},"loc":{"start":{"line":122,"column":4},"end":{"line":254,"column":5}}},"8":{"name":"EncryptedBlob","decl":{"start":{"line":141,"column":8},"end":{"line":141,"column":null}},"loc":{"start":{"line":148,"column":28},"end":{"line":158,"column":null}}},"9":{"name":"(anonymous_37)","decl":{"start":{"line":167,"column":8},"end":{"line":167,"column":15}},"loc":{"start":{"line":167,"column":8},"end":{"line":216,"column":9}}},"10":{"name":"(anonymous_38)","decl":{"start":{"line":223,"column":8},"end":{"line":223,"column":22}},"loc":{"start":{"line":223,"column":8},"end":{"line":233,"column":9}}},"11":{"name":"(anonymous_39)","decl":{"start":{"line":235,"column":8},"end":{"line":235,"column":22}},"loc":{"start":{"line":235,"column":49},"end":{"line":253,"column":9}}},"12":{"name":"(anonymous_40)","decl":{"start":{"line":256,"column":35},"end":{"line":256,"column":null}},"loc":{"start":{"line":262,"column":51},"end":{"line":289,"column":null}}},"13":{"name":"(anonymous_43)","decl":{"start":{"line":291,"column":35},"end":{"line":291,"column":null}},"loc":{"start":{"line":296,"column":80},"end":{"line":321,"column":null}}},"14":{"name":"(anonymous_46)","decl":{"start":{"line":328,"column":30},"end":{"line":328,"column":37}},"loc":{"start":{"line":328,"column":49},"end":{"line":335,"column":null}}},"15":{"name":"(anonymous_49)","decl":{"start":{"line":337,"column":4},"end":{"line":337,"column":null}},"loc":{"start":{"line":337,"column":4},"end":{"line":387,"column":5}}},"16":{"name":"(anonymous_51)","decl":{"start":{"line":338,"column":8},"end":{"line":338,"column":28}},"loc":{"start":{"line":341,"column":53},"end":{"line":365,"column":null}}},"17":{"name":"(anonymous_54)","decl":{"start":{"line":367,"column":8},"end":{"line":367,"column":28}},"loc":{"start":{"line":371,"column":55},"end":{"line":386,"column":null}}},"18":{"name":"(anonymous_57)","decl":{"start":{"line":389,"column":4},"end":{"line":389,"column":null}},"loc":{"start":{"line":389,"column":4},"end":{"line":530,"column":5}}},"19":{"name":"(anonymous_59)","decl":{"start":{"line":390,"column":8},"end":{"line":390,"column":21}},"loc":{"start":{"line":396,"column":44},"end":{"line":466,"column":null}}},"20":{"name":"(anonymous_62)","decl":{"start":{"line":468,"column":8},"end":{"line":468,"column":21}},"loc":{"start":{"line":474,"column":44},"end":{"line":529,"column":null}}},"21":{"name":"(anonymous_65)","decl":{"start":{"line":532,"column":4},"end":{"line":532,"column":null}},"loc":{"start":{"line":532,"column":4},"end":{"line":675,"column":5}}},"22":{"name":"(anonymous_67)","decl":{"start":{"line":533,"column":8},"end":{"line":533,"column":21}},"loc":{"start":{"line":539,"column":44},"end":{"line":603,"column":null}}},"23":{"name":"(anonymous_70)","decl":{"start":{"line":605,"column":8},"end":{"line":605,"column":21}},"loc":{"start":{"line":611,"column":44},"end":{"line":674,"column":null}}},"24":{"name":"(anonymous_73)","decl":{"start":{"line":678,"column":0},"end":{"line":678,"column":17}},"loc":{"start":{"line":678,"column":29},"end":{"line":746,"column":1}}},"25":{"name":"(anonymous_74)","decl":{"start":{"line":684,"column":4},"end":{"line":684,"column":17}},"loc":{"start":{"line":684,"column":4},"end":{"line":693,"column":5}}},"26":{"name":"VaultMetadataDatabase","decl":{"start":{"line":687,"column":8},"end":{"line":687,"column":null}},"loc":{"start":{"line":687,"column":8},"end":{"line":692,"column":null}}},"27":{"name":"(anonymous_82)","decl":{"start":{"line":748,"column":0},"end":{"line":748,"column":17}},"loc":{"start":{"line":748,"column":23},"end":{"line":805,"column":1}}},"28":{"name":"(anonymous_83)","decl":{"start":{"line":749,"column":4},"end":{"line":749,"column":16}},"loc":{"start":{"line":749,"column":20},"end":{"line":753,"column":5}}},"29":{"name":"(anonymous_84)","decl":{"start":{"line":755,"column":27},"end":{"line":755,"column":null}},"loc":{"start":{"line":758,"column":60},"end":{"line":790,"column":null}}},"30":{"name":"(anonymous_87)","decl":{"start":{"line":792,"column":25},"end":{"line":792,"column":null}},"loc":{"start":{"line":793,"column":52},"end":{"line":804,"column":null}}},"31":{"name":"(anonymous_90)","decl":{"start":{"line":807,"column":0},"end":{"line":807,"column":17}},"loc":{"start":{"line":807,"column":23},"end":{"line":1158,"column":1}}},"32":{"name":"(anonymous_91)","decl":{"start":{"line":808,"column":4},"end":{"line":808,"column":16}},"loc":{"start":{"line":808,"column":20},"end":{"line":812,"column":5}}},"33":{"name":"(anonymous_92)","decl":{"start":{"line":900,"column":34},"end":{"line":900,"column":null}},"loc":{"start":{"line":903,"column":41},"end":{"line":926,"column":5}}},"34":{"name":"(anonymous_93)","decl":{"start":{"line":912,"column":18},"end":{"line":912,"column":28}},"loc":{"start":{"line":912,"column":37},"end":{"line":914,"column":13}}},"35":{"name":"(anonymous_94)","decl":{"start":{"line":915,"column":22},"end":{"line":915,"column":32}},"loc":{"start":{"line":915,"column":73},"end":{"line":920,"column":13}}},"36":{"name":"(anonymous_95)","decl":{"start":{"line":921,"column":19},"end":{"line":921,"column":29}},"loc":{"start":{"line":921,"column":34},"end":{"line":924,"column":null}}},"37":{"name":"(anonymous_96)","decl":{"start":{"line":928,"column":23},"end":{"line":928,"column":null}},"loc":{"start":{"line":934,"column":41},"end":{"line":1043,"column":null}}},"38":{"name":"(anonymous_99)","decl":{"start":{"line":941,"column":22},"end":{"line":941,"column":null}},"loc":{"start":{"line":942,"column":57},"end":{"line":1037,"column":null}}},"39":{"name":"(anonymous_102)","decl":{"start":{"line":946,"column":37},"end":{"line":946,"column":null}},"loc":{"start":{"line":949,"column":41},"end":{"line":954,"column":17}}},"40":{"name":"(anonymous_103)","decl":{"start":{"line":956,"column":34},"end":{"line":956,"column":null}},"loc":{"start":{"line":957,"column":44},"end":{"line":963,"column":17}}},"41":{"name":"(anonymous_104)","decl":{"start":{"line":965,"column":39},"end":{"line":965,"column":null}},"loc":{"start":{"line":966,"column":45},"end":{"line":975,"column":17}}},"42":{"name":"(anonymous_105)","decl":{"start":{"line":977,"column":34},"end":{"line":977,"column":null}},"loc":{"start":{"line":978,"column":53},"end":{"line":990,"column":17}}},"43":{"name":"(anonymous_106)","decl":{"start":{"line":992,"column":35},"end":{"line":992,"column":null}},"loc":{"start":{"line":993,"column":46},"end":{"line":999,"column":17}}},"44":{"name":"(anonymous_107)","decl":{"start":{"line":1038,"column":19},"end":{"line":1038,"column":29}},"loc":{"start":{"line":1038,"column":34},"end":{"line":1041,"column":null}}},"45":{"name":"(anonymous_108)","decl":{"start":{"line":1045,"column":33},"end":{"line":1045,"column":null}},"loc":{"start":{"line":1046,"column":18},"end":{"line":1157,"column":5}}},"46":{"name":"(anonymous_109)","decl":{"start":{"line":1051,"column":27},"end":{"line":1051,"column":28}},"loc":{"start":{"line":1051,"column":43},"end":{"line":1156,"column":9}}},"47":{"name":"(anonymous_110)","decl":{"start":{"line":1054,"column":28},"end":{"line":1054,"column":null}},"loc":{"start":{"line":1054,"column":28},"end":{"line":1149,"column":13}}},"48":{"name":"(anonymous_112)","decl":{"start":{"line":1111,"column":45},"end":{"line":1111,"column":46}},"loc":{"start":{"line":1111,"column":51},"end":{"line":1126,"column":25}}},"49":{"name":"(anonymous_113)","decl":{"start":{"line":1132,"column":47},"end":{"line":1132,"column":48}},"loc":{"start":{"line":1132,"column":54},"end":{"line":1139,"column":25}}},"50":{"name":"(anonymous_114)","decl":{"start":{"line":1151,"column":29},"end":{"line":1151,"column":null}},"loc":{"start":{"line":1151,"column":29},"end":{"line":1153,"column":13}}},"51":{"name":"(anonymous_115)","decl":{"start":{"line":1160,"column":0},"end":{"line":1160,"column":13}},"loc":{"start":{"line":1160,"column":0},"end":{"line":1442,"column":1}}},"52":{"name":"VaultMetadata","decl":{"start":{"line":1173,"column":4},"end":{"line":1173,"column":null}},"loc":{"start":{"line":1173,"column":4},"end":{"line":1184,"column":null}}},"53":{"name":"(anonymous_117)","decl":{"start":{"line":1191,"column":4},"end":{"line":1191,"column":24}},"loc":{"start":{"line":1194,"column":21},"end":{"line":1224,"column":null}}},"54":{"name":"(anonymous_120)","decl":{"start":{"line":1232,"column":4},"end":{"line":1232,"column":17}},"loc":{"start":{"line":1232,"column":49},"end":{"line":1265,"column":null}}},"55":{"name":"(anonymous_123)","decl":{"start":{"line":1273,"column":4},"end":{"line":1273,"column":17}},"loc":{"start":{"line":1277,"column":93},"end":{"line":1367,"column":null}}},"56":{"name":"(anonymous_126)","decl":{"start":{"line":1323,"column":16},"end":{"line":1323,"column":17}},"loc":{"start":{"line":1323,"column":37},"end":{"line":1325,"column":17}}},"57":{"name":"(anonymous_127)","decl":{"start":{"line":1330,"column":12},"end":{"line":1330,"column":13}},"loc":{"start":{"line":1330,"column":51},"end":{"line":1341,"column":13}}},"58":{"name":"(anonymous_128)","decl":{"start":{"line":1372,"column":4},"end":{"line":1372,"column":17}},"loc":{"start":{"line":1372,"column":4},"end":{"line":1378,"column":null}}},"59":{"name":"(anonymous_131)","decl":{"start":{"line":1385,"column":4},"end":{"line":1385,"column":17}},"loc":{"start":{"line":1386,"column":33},"end":{"line":1416,"column":null}}},"60":{"name":"(anonymous_134)","decl":{"start":{"line":1418,"column":4},"end":{"line":1418,"column":18}},"loc":{"start":{"line":1420,"column":24},"end":{"line":1441,"column":5}}},"61":{"name":"(anonymous_135)","decl":{"start":{"line":1444,"column":0},"end":{"line":1444,"column":17}},"loc":{"start":{"line":1444,"column":27},"end":{"line":1877,"column":1}}},"62":{"name":"(anonymous_136)","decl":{"start":{"line":1457,"column":4},"end":{"line":1457,"column":17}},"loc":{"start":{"line":1457,"column":4},"end":{"line":1491,"column":5}}},"63":{"name":"TOTP","decl":{"start":{"line":1464,"column":8},"end":{"line":1464,"column":null}},"loc":{"start":{"line":1464,"column":8},"end":{"line":1470,"column":null}}},"64":{"name":"(anonymous_138)","decl":{"start":{"line":1472,"column":8},"end":{"line":14
[...]
d":{"line":2093,"column":67}},"type":"binary-expr","locations":[{"start":{"line":2093,"column":12},"end":{"line":2093,"column":40}},{"start":{"line":2093,"column":44},"end":{"line":2093,"column":67}}]},"318":{"loc":{"start":{"line":2107,"column":8},"end":{"line":2107,"column":null}},"type":"if","locations":[{"start":{"line":2107,"column":8},"end":{"line":2107,"column":null}}]},"319":{"loc":{"start":{"line":2126,"column":12},"end":{"line":2126,"column":74}},"type":"cond-expr","locations":[{"start":{"line":2126,"column":42},"end":{"line":2126,"column":47}},{"start":{"line":2126,"column":50},"end":{"line":2126,"column":74}}]},"320":{"loc":{"start":{"line":2127,"column":18},"end":{"line":2127,"column":73}},"type":"cond-expr","locations":[{"start":{"line":2127,"column":41},"end":{"line":2127,"column":51}},{"start":{"line":2127,"column":54},"end":{"line":2127,"column":73}}]},"321":{"loc":{"start":{"line":2132,"column":16},"end":{"line":2138,"column":null}},"type":"switch","locations":[{"start":{"line":2132,"column":16},"end":{"line":2138,"column":null}},{"start":{"line":2139,"column":16},"end":{"line":2145,"column":null}},{"start":{"line":2146,"column":16},"end":{"line":2155,"column":null}}]},"322":{"loc":{"start":{"line":2157,"column":16},"end":{"line":2157,"column":44}},"type":"binary-expr","locations":[{"start":{"line":2157,"column":16},"end":{"line":2157,"column":31}},{"start":{"line":2157,"column":35},"end":{"line":2157,"column":44}}]},"323":{"loc":{"start":{"line":2166,"column":38},"end":{"line":2166,"column":57}},"type":"cond-expr","locations":[{"start":{"line":2166,"column":38},"end":{"line":2166,"column":42}},{"start":{"line":2166,"column":47},"end":{"line":2166,"column":57}}]},"324":{"loc":{"start":{"line":2166,"column":38},"end":{"line":2166,"column":47}},"type":"binary-expr","locations":[{"start":{"line":2166,"column":38},"end":{"line":2166,"column":47}},{"start":{"line":2166,"column":38},"end":{"line":2166,"column":47}}]},"325":{"loc":{"start":{"line":2172,"column":23},"end":{"line":2172,"column":39}},"type":"cond-expr","locations":[{"start":{"line":2172,"column":34},"end":{"line":2172,"column":38}},{"start":{"line":2172,"column":38},"end":{"line":2172,"column":39}}]},"326":{"loc":{"start":{"line":2172,"column":23},"end":{"line":2172,"column":38}},"type":"binary-expr","locations":[{"start":{"line":2172,"column":23},"end":{"line":2172,"column":38}},{"start":{"line":2172,"column":34},"end":{"line":2172,"column":38}}]},"327":{"loc":{"start":{"line":2173,"column":21},"end":{"line":2173,"column":36}},"type":"cond-expr","locations":[{"start":{"line":2173,"column":30},"end":{"line":2173,"column":34}},{"start":{"line":2173,"column":34},"end":{"line":2173,"column":36}}]},"328":{"loc":{"start":{"line":2173,"column":21},"end":{"line":2173,"column":34}},"type":"binary-expr","locations":[{"start":{"line":2173,"column":21},"end":{"line":2173,"column":34}},{"start":{"line":2173,"column":30},"end":{"line":2173,"column":34}}]},"329":{"loc":{"start":{"line":2175,"column":12},"end":{"line":2177,"column":27}},"type":"cond-expr","locations":[{"start":{"line":2176,"column":18},"end":{"line":2176,"column":61}},{"start":{"line":2177,"column":18},"end":{"line":2177,"column":27}}]},"330":{"loc":{"start":{"line":2175,"column":12},"end":{"line":2175,"column":63}},"type":"binary-expr","locations":[{"start":{"line":2175,"column":12},"end":{"line":2175,"column":38}},{"start":{"line":2175,"column":42},"end":{"line":2175,"column":63}}]},"331":{"loc":{"start":{"line":2189,"column":8},"end":{"line":2189,"column":null}},"type":"if","locations":[{"start":{"line":2189,"column":8},"end":{"line":2189,"column":null}}]},"332":{"loc":{"start":{"line":2214,"column":12},"end":{"line":2214,"column":74}},"type":"cond-expr","locations":[{"start":{"line":2214,"column":42},"end":{"line":2214,"column":47}},{"start":{"line":2214,"column":50},"end":{"line":2214,"column":74}}]},"333":{"loc":{"start":{"line":2215,"column":18},"end":{"line":2215,"column":73}},"type":"cond-expr","locations":[{"start":{"line":2215,"column":41},"end":{"line":2215,"column":51}},{"start":{"line":2215,"column":54},"end":{"line":2215,"column":73}}]},"334":{"loc":{"start":{"line":2220,"column":16},"end":{"line":2226,"column":null}},"type":"switch","locations":[{"start":{"line":2220,"column":16},"end":{"line":2226,"column":null}},{"start":{"line":2227,"column":16},"end":{"line":2233,"column":null}},{"start":{"line":2234,"column":16},"end":{"line":2240,"column":null}},{"start":{"line":2241,"column":16},"end":{"line":2247,"column":null}},{"start":{"line":2248,"column":16},"end":{"line":2256,"column":null}}]},"335":{"loc":{"start":{"line":2258,"column":16},"end":{"line":2258,"column":44}},"type":"binary-expr","locations":[{"start":{"line":2258,"column":16},"end":{"line":2258,"column":31}},{"start":{"line":2258,"column":35},"end":{"line":2258,"column":44}}]},"336":{"loc":{"start":{"line":2269,"column":50},"end":{"line":2269,"column":69}},"type":"cond-expr","locations":[{"start":{"line":2269,"column":50},"end":{"line":2269,"column":54}},{"start":{"line":2269,"column":59},"end":{"line":2269,"column":69}}]},"337":{"loc":{"start":{"line":2269,"column":50},"end":{"line":2269,"column":59}},"type":"binary-expr","locations":[{"start":{"line":2269,"column":50},"end":{"line":2269,"column":59}},{"start":{"line":2269,"column":50},"end":{"line":2269,"column":59}}]},"338":{"loc":{"start":{"line":2275,"column":26},"end":{"line":2275,"column":45}},"type":"cond-expr","locations":[{"start":{"line":2275,"column":40},"end":{"line":2275,"column":44}},{"start":{"line":2275,"column":44},"end":{"line":2275,"column":45}}]},"339":{"loc":{"start":{"line":2275,"column":26},"end":{"line":2275,"column":44}},"type":"binary-expr","locations":[{"start":{"line":2275,"column":26},"end":{"line":2275,"column":44}},{"start":{"line":2275,"column":40},"end":{"line":2275,"column":44}}]},"340":{"loc":{"start":{"line":2276,"column":23},"end":{"line":2276,"column":47}},"type":"cond-expr","locations":[{"start":{"line":2276,"column":34},"end":{"line":2276,"column":38}},{"start":{"line":2276,"column":38},"end":{"line":2276,"column":47}}]},"341":{"loc":{"start":{"line":2276,"column":23},"end":{"line":2276,"column":38}},"type":"binary-expr","locations":[{"start":{"line":2276,"column":23},"end":{"line":2276,"column":38}},{"start":{"line":2276,"column":34},"end":{"line":2276,"column":38}}]},"342":{"loc":{"start":{"line":2277,"column":33},"end":{"line":2277,"column":67}},"type":"cond-expr","locations":[{"start":{"line":2277,"column":54},"end":{"line":2277,"column":58}},{"start":{"line":2277,"column":58},"end":{"line":2277,"column":67}}]},"343":{"loc":{"start":{"line":2277,"column":33},"end":{"line":2277,"column":58}},"type":"binary-expr","locations":[{"start":{"line":2277,"column":33},"end":{"line":2277,"column":58}},{"start":{"line":2277,"column":54},"end":{"line":2277,"column":58}}]},"344":{"loc":{"start":{"line":2278,"column":24},"end":{"line":2278,"column":75}},"type":"binary-expr","locations":[{"start":{"line":2278,"column":24},"end":{"line":2278,"column":69}},{"start":{"line":2278,"column":73},"end":{"line":2278,"column":75}}]},"345":{"loc":{"start":{"line":2278,"column":24},"end":{"line":2278,"column":69}},"type":"cond-expr","locations":[{"start":{"line":2278,"column":36},"end":{"line":2278,"column":38}},{"start":{"line":2278,"column":36},"end":{"line":2278,"column":69}}]},"346":{"loc":{"start":{"line":2278,"column":24},"end":{"line":2278,"column":38}},"type":"binary-expr","locations":[{"start":{"line":2278,"column":24},"end":{"line":2278,"column":38}},{"start":{"line":2278,"column":36},"end":{"line":2278,"column":38}}]},"347":{"loc":{"start":{"line":2280,"column":12},"end":{"line":2280,"column":79}},"type":"binary-expr","locations":[{"start":{"line":2280,"column":12},"end":{"line":2280,"column":73}},{"start":{"line":2280,"column":77},"end":{"line":2280,"column":79}}]},"348":{"loc":{"start":{"line":2280,"column":12},"end":{"line":2280,"column":73}},"type":"cond-expr","locations":[{"start":{"line":2280,"column":32},"end":{"line":2280,"column":34}},{"start":{"line":2280,"column":32},"end":{"line":2280,"column":73}}]},"349":{"loc":{"start":{"line":2280,"column":12},"end":{"line":2280,"column":34}},"type":"binary-expr","locations":[{"start":{"line":2280,"column":12},"end":{"line":2280,"column":34}},{"start":{"line":2280,"column":32},"end":{"line":2280,"column":34}}]}},"s":{"0":1,"1":1,"2":1,"3":1,"4":1,"5":1,"6":1,"7":1,"8":1,"9":1,"10":1,"11":1,"12":1,"13":1,"14":1,"15":1,"16":1,"17":1,"18":1,"19":1,"20":1,"21":1,"22":1,"23":1,"24":1,"25":1,"26":1,"27":1,"28":1,"29":1,"30":1,"31":1,"32":1,"33":1,"34":0,"35":1,"36":0,"37":0,"38":0,"39":0,"40":0,"41":0,"42":0,"43":0,"44":0,"45":0,"46":0,"47":0,"48":0,"49":0,"50":0,"51":0,"52":0,"53":0,"54":0,"55":0,"56":0,"57":0,"58":0,"59":1,"60":0,"61":0,"62":0,"63":0,"64":0,"65":0,"66":0,"67":0,"68":0,"69":0,"70":0,"71":0,"72":0,"73":0,"74":0,"75":0,"76":0,"77":0,"78":1,"79":0,"80":0,"81":0,"82":0,"83":0,"84":0,"85":0,"86":0,"87":0,"88":0,"89":0,"90":0,"91":0,"92":0,"93":0,"94":0,"95":0,"96":0,"97":0,"98":0,"99":0,"100":0,"101":0,"102":0,"103":0,"104":0,"105":0,"106":0,"107":0,"108":0,"109":0,"110":0,"111":0,"112":0,"113":0,"114":0,"115":0,"116":0,"117":0,"118":0,"119":0,"120":0,"121":0,"122":0,"123":0,"124":0,"125":0,"126":0,"127":0,"128":0,"129":0,"130":0,"131":0,"132":0,"133":0,"134":0,"135":0,"136":0,"137":1,"138":0,"139":0,"140":0,"141":0,"142":0,"143":0,"144":0,"145":0,"146":0,"147":0,"148":0,"149":0,"150":0,"151":0,"152":0,"153":0,"154":0,"155":0,"156":0,"157":0,"158":0,"159":0,"160":0,"161":0,"162":0,"163":0,"164":0,"165":0,"166":0,"167":0,"168":0,"169":0,"170":0,"171":0,"172":0,"173":0,"174":0,"175":0,"176":0,"177":0,"178":0,"179":0,"180":0,"181":0,"182":0,"183":0,"184":0,"185":0,"186":0,"187":0,"188":0,"189":0,"190":0,"191":0,"192":0,"193":0,"194":0,"195":0,"196":1,"197":0,"198":0,"199":0,"200":0,"201":0,"202":0,"203":0,"204":0,"205":0,"206":0,"207":0,"208":0,"209":0,"210":0,"211":0,"212":0,"213":0,"214":0,"215":0,"216":0,"217":0,"218":0,"219":0,"220":0,"221":0,"222":0,"223":0,"224":0,"225":0,"226":0,"227":0,"228":0,"229":0,"230":1,"231":0,"232":0,"233":0,"234":0,"235":0,"236":0,"237":0,"238":0,"239":0,"240":0,"241":0,"242":0,"243":0,"244":0,"245":0,"246":0,"247":0,"248":0,"249":0,"250":0,"251":0,"252":0,"253":0,"254":0,"255":0,"256":0,"257":0,"258":0,"259":0,"260":0,"261":0,"262":0,"263":0,"264":1,"265":0,"266":0,"267":0,"268":0,"269":0,"270":0,"271":0,"272":0,"273":0,"274":0,"275":0,"276":0,"277":0,"278":0,"279":0,"280":0,"281":0,"282":0,"283":0,"284":0,"285":0,"286":0,"287":0,"288":0,"289":0,"290":0,"291":0,"292":0,"293":0,"294":0,"295":0,"296":0,"297":0,"298":0,"299":0,"300":0,"301":0,"302":0,"303":0,"304":0,"305":0,"306":0,"307":0,"308":0,"309":0,"310":0,"311":0,"312":0,"313":0,"314":0,"315":0,"316":0,"317":0,"318":0,"319":0,"320":0,"321":0,"322":0,"323":0,"324":0,"325":1,"326":0,"327":0,"328":0,"329":0,"330":0,"331":0,"332":0,"333":0,"334":0,"335":0,"336":0,"337":0,"338":0,"339":0,"340":0,"341":0,"342":0,"343":0,"344":1,"345":0,"346":0,"347":0,"348":0,"349":0,"350":0,"351":0,"352":0,"353":0,"354":0,"355":0,"356":0,"357":0,"358":0,"359":0,"360":0,"361":0,"362":0,"363":0,"364":0,"365":0,"366":0,"367":0,"368":0,"369":0,"370":0,"371":0,"372":0,"373":0,"374":0,"375":0,"376":0,"377":0,"378":0,"379":0,"380":0,"381":0,"382":0,"383":0,"384":0,"385":0,"386":0,"387":1,"388":0,"389":0,"390":0,"391":0,"392":0,"393":0,"394":0,"395":0,"396":0,"397":0,"398":0,"399":0,"400":0,"401":0,"402":0,"403":0,"404":0,"405":0,"406":0,"407":0,"408":0,"409":0,"410":0,"411":0,"412":0,"413":0,"414":0,"415":0,"416":0,"417":0,"418":0,"419":0,"420":0,"421":0,"422":0,"423":0,"424":0,"425":0,"426":0,"427":0,"428":0,"429":0,"430":0,"431":0,"432":0,"433":0,"434":0,"435":0,"436":0,"437":0,"438":0,"439":0,"440":0,"441":1,"442":0,"443":0,"444":0,"445":0,"446":0,"447":0,"448":0,"449":0,"450":0,"451":0,"452":0,"453":0,"454":0,"455":0,"456":0,"457":0,"458":0,"459":0,"460":0,"461":0,"462":0,"463":0,"464":0,"465":0,"466":0,"467":0,"468":0,"469":0,"470":0,"471":0,"472":0,"473":0,"474":0,"475":0,"476":0,"477":0,"478":0,"479":0,"480":0,"481":0,"482":0,"483":0,"484":0,"485":0,"486":0,"487":0,"488":0,"489":0,"490":0,"491":0,"492":0,"493":0,"494":0,"495":0,"496":0,"497":0,"498":0,"499":0,"500":0,"501":0,"502":0,"503":0,"504":0,"505":0,"506":0,"507":0,"508":0,"509":0,"510":0,"511":0,"512":0,"513":0,"514":0,"515":0,"516":0,"517":0,"518":0,"519":0,"520":0,"521":0,"522":0,"523":0,"524":0,"525":0,"526":0,"527":0,"528":0,"529":0,"530":0,"531":0,"532":0,"533":0,"534":1,"535":0,"536":0,"537":0,"538":0,"539":0,"540":0,"541":0,"542":0,"543":0,"544":0,"545":0,"546":0,"547":0,"548":0,"549":0,"550":0,"551":0,"552":0,"553":0,"554":0,"555":0,"556":0,"557":0,"558":0,"559":0,"560":0,"561":0,"562":0,"563":0,"564":0,"565":0,"566":0,"567":0,"568":0,"569":0,"570":0,"571":0,"572":0,"573":0,"574":0,"575":0,"576":0,"577":0,"578":0,"579":0,"580":0,"581":0,"582":0,"583":0,"584":0,"585":0,"586":0,"587":0,"588":0,"589":0,"590":0,"591":0,"592":0,"593":0,"594":0,"595":0,"596":0,"597":0,"598":0,"599":0,"600":0,"601":0,"602":0,"603":0,"604":0,"605":0,"606":0,"607":0,"608":0,"609":0,"610":0,"611":0,"612":0,"613":0,"614":0,"615":0,"616":0,"617":0,"618":0,"619":0,"620":0,"621":0,"622":0,"623":0,"624":0,"625":0,"626":0,"627":1,"628":0,"629":0,"630":0,"631":0,"632":0,"633":0,"634":0,"635":0,"636":0,"637":0,"638":0,"639":0,"640":0,"641":0,"642":0,"643":0,"644":0,"645":0,"646":0,"647":0,"648":0,"649":0,"650":0,"651":0,"652":0,"653":0,"654":0,"655":0,"656":0,"657":0,"658":0,"659":0,"660":0,"661":0,"662":0,"663":0,"664":0,"665":0,"666":0,"667":0,"668":0,"669":0,"670":0,"671":0,"672":0,"673":0,"674":0,"675":0,"676":0,"677":0,"678":0,"679":0,"680":0,"681":0,"682":0,"683":0,"684":0,"685":0,"686":0,"687":0,"688":0,"689":0,"690":0,"691":0,"692":0,"693":0,"694":0,"695":0,"696":0,"697":0,"698":0,"699":0,"700":0,"701":0,"702":0,"703":0,"704":0,"705":0,"706":1,"707":0,"708":0,"709":0,"710":0,"711":0,"712":0,"713":0,"714":0,"715":0,"716":0,"717":0,"718":0,"719":0,"720":0,"721":0,"722":0,"723":0,"724":0,"725":0,"726":0,"727":0,"728":0,"729":0,"730":0,"731":0,"732":0,"733":0,"734":0,"735":0,"736":0,"737":0,"738":0,"739":0,"740":0,"741":0,"742":0,"743":0,"744":0,"745":1,"746":0,"747":0,"748":0,"749":0,"750":0,"751":0,"752":0,"753":0,"754":0,"755":0,"756":0,"757":0,"758":0,"759":0,"760":0,"761":0,"762":0,"763":0,"764":0,"765":0,"766":0,"767":0,"768":0,"769":1,"770":0,"771":0,"772":0,"773":0,"774":0,"775":0,"776":0,"777":0,"778":0,"779":0,"780":0,"781":0,"782":0,"783":0,"784":0,"785":0,"786":0,"787":0,"788":0,"789":0,"790":0,"791":0,"792":0,"793":0,"794":0,"795":0,"796":0,"797":0,"798":1,"799":0,"800":0,"801":0,"802":0,"803":0,"804":0,"805":0,"806":0,"807":0,"808":0,"809":0,"810":0,"811":0,"812":0,"813":0,"814":0,"815":0,"816":0,"817":0,"818":0,"819":0,"820":0,"821":0,"822":0,"823":0,"824":0,"825":0,"826":0,"827":0,"828":0,"829":0,"830":0,"831":0,"832":0,"833":0,"834":0,"835":0,"836":0,"837":0,"838":0,"839":0,"840":0,"841":0,"842":0,"843":0,"844":0,"845":0,"846":0,"847":0},"f":{"0":1,"1":1,"2":1,"3":1,"4":1,"5":1,"6":1,"7":0,"8":0,"9":0,"10":0,"11":0,"12":0,"13":0,"14":0,"15":0,"16":0,"17":0,"18":0,"19":0,"20":0,"21":0,"22":0,"23":0,"24":0,"25":0,"26":0,"27":0,"28":0,"29":0,"30":0,"31":0,"32":0,"33":0,"34":0,"35":0,"36":0,"37":0,"38":0,"39":0,"40":0,"41":0,"42":0,"43":0,"44":0,"45":0,"46":0,"47":0,"48":0,"49":0,"50":0,"51":0,"52":0,"53":0,"54":0,"55":0,"56":0,"57":0,"58":0,"59":0,"60":0,"61":0,"62":0,"63":0,"64":0,"65":0,"66":0,"67":0,"68":0,"69":0,"70":0,"71":0,"72":0,"73":0,"74":0,"75":0,"76":0,"77":0,"78":0,"79":0,"80":0,"81":0,"82":0,"83":0,"84":0,"85":0,"86":0,"87":0,"88":0,"89":0,"90":0,"91":0,"92":0,"93":0,"94":0,"95":0,"96":0,"97":0,"98":0,"99":0,"100":0},"b":{"0":[1,1],"1":[1,1],"2":[1,1],"3":[1,1],"4":[1,1],"5":[1,1],"6":[1,1],"7":[0],"8":[0,0],"9":[0,0],"10":[0,0],"11":[0,0],"12":[0,0],"13":[0,0],"14":[0,0],"15":[0,0],"16":[0,0],"17":[0,0],"18":[0],"19":[0,0],"20":[0,0],"21":[0],"22":[0,0],"23":[0,0],"24":[0,0],"25":[0,0],"26":[0,0],"27":[0],"28":[0,0],"29":[0,0],"30":[0,0,0,0,0,0,0,0,0],"31":[0,0],"32":[0,0],"33":[0,0],"34":[0,0],"35":[0,0],"36":[0,0],"37":[0,0],"38":[0,0],"39":[0,0],"40":[0,0],"41":[0,0],"42":[0,0],"43":[0,0],"44":[0,0],"45":[0,0],"46":[0,0],"47":[0,0],"48":[0,0],"49":[0,0],"50":[0,0],"51":[0,0],"52":[0],"53":[0,0],"54":[0,0],"55":[0,0,0,0,0,0,0,0,0],"56":[0,0],"57":[0,0],"58":[0,0],"59":[0,0],"60":[0,0],"61":[0,0],"62":[0,0],"63":[0,0],"64":[0,0],"65":[0,0],"66":[0,0],"67":[0,0],"68":[0,0],"69":[0,0],"70":[0,0],"71":[0,0],"72":[0,0],"73":[0,0],"74":[0,0],"75":[0,0],"76":[0,0],"77":[0],"78":[0,0],"79":[0,0],"80":[0,0,0,0],"81":[0,0],"82":[0,0],"83":[0,0],"84":[0,0],"85":[0,0],"86":[0,0],"87":[0,0],"88":[0,0],"89":[0,0],"90":[0,0],"91":[0,0],"92":[0],"93":[0,0],"94":[0,0],"95":[0,0,0,0],"96":[0,0],"97":[0,0],"98":[0,0],"99":[0,0],"100":[0,0],"101":[0,0],"102":[0,0],"103":[0,0],"104":[0,0],"105":[0,0],"106":[0,0],"107":[0],"108":[0,0],"109":[0,0],"110":[0,0,0,0,0,0,0],"111":[0,0],"112":[0,0],"113":[0,0],"114":[0,0],"115":[0,0],"116":[0,0],"117":[0,0],"118":[0,0],"119":[0,0],"120":[0,0],"121":[0,0],"122":[0,0],"123":[0,0],"124":[0,0],"125":[0,0],"126":[0,0],"127":[0,0],"128":[0,0],"129":[0,0],"130":[0,0],"131":[0],"132":[0,0],"133":[0,0],"134":[0],"135":[0,0],"136":[0,0],"137":[0,0],"138":[0,0],"139":[0,0],"140":[0],"141":[0,0],"142":[0,0],"143":[0,0,0,0,0],"144":[0,0],"145":[0,0],"146":[0,0],"147":[0,0],"148":[0,0],"149":[0,0],"150":[0,0],"151":[0,0],"152":[0,0],"153":[0,0],"154":[0,0],"155":[0,0],"156":[0,0],"157":[0,0],"158":[0],"159":[0,0],"160":[0,0],"161":[0,0,0,0,0,0,0,0],"162":[0,0],"163":[0,0],"164":[0,0],"165":[0,0],"166":[0,0],"167":[0,0],"168":[0,0],"169":[0,0],"170":[0,0],"171":[0,0],"172":[0,0],"173":[0,0],"174":[0,0],"175":[0,0],"176":[0,0],"177":[0,0],"178":[0,0],"179":[0,0],"180":[0,0],"181":[0],"182":[0,0],"183":[0,0],"184":[0,0,0,0,0,0,0,0,0,0,0,0,0,0,0],"185":[0,0],"186":[0,0],"187":[0,0],"188":[0,0],"189":[0,0],"190":[0,0],"191":[0,0],"192":[0,0],"193":[0,0],"194":[0,0],"195":[0,0],"196":[0,0],"197":[0,0],"198":[0,0],"199":[0,0],"200":[0,0],"201":[0,0],"202":[0,0],"203":[0,0],"204":[0,0],"205":[0,0],"206":[0,0],"207":[0,0],"208":[0,0],"209":[0,0],"210":[0,0],"211":[0,0],"212":[0,0],"213":[0,0],"214":[0,0],"215":[0,0],"216":[0,0],"217":[0,0],"218":[0,0],"219":[0],"220":[0,0],"221":[0,0],"222":[0,0,0,0,0,0,0,0,0,0,0,0,0,0,0],"223":[0,0],"224":[0,0],"225":[0,0],"226":[0,0],"227":[0,0],"228":[0,0],"229":[0,0],"230":[0,0],"231":[0,0],"232":[0,0],"233":[0,0],"234":[0,0],"235":[0,0],"236":[0,0],"237":[0,0],"238":[0,0],"239":[0,0],"240":[0,0],"241":[0,0],"242":[0,0],"243":[0,0],"244":[0,0],"245":[0,0],"246":[0,0],"247":[0,0],"248":[0,0],"249":[0,0],"250":[0,0],"251":[0,0],"252":[0,0],"253":[0,0],"254":[0,0],"255":[0,0],"256":[0,0],"257":[0],"258":[0,0],"259":[0,0],"260":[0,0,0,0,0,0,0,0,0,0,0,0,0],"261":[0,0],"262":[0,0],"263":[0,0],"264":[0,0],"265":[0,0],"266":[0,0],"267":[0,0],"268":[0,0],"269":[0,0],"270":[0,0],"271":[0,0],"272":[0,0],"273":[0,0],"274":[0,0],"275":[0,0],"276":[0,0],"277":[0,0],"278":[0,0],"279":[0,0],"280":[0,0],"281":[0,0],"282":[0,0],"283":[0,0],"284":[0,0],"285":[0,0],"286":[0,0],"287":[0,0],"288":[0,0],"289":[0,0],"290":[0],"291":[0,0],"292":[0,0],"293":[0,0,0,0,0],"294":[0,0],"295":[0,0],"296":[0,0],"297":[0,0],"298":[0,0],"299":[0,0],"300":[0,0],"301":[0,0],"302":[0,0],"303":[0,0],"304":[0,0],"305":[0,0],"306":[0,0],"307":[0],"308":[0,0],"309":[0,0],"310":[0,0],"311":[0,0],"312":[0,0],"313":[0,0],"314":[0,0],"315":[0,0],"316":[0,0],"317":[0,0],"318":[0],"319":[0,0],"320":[0,0],"321":[0,0,0],"322":[0,0],"323":[0,0],"324":[0,0],"325":[0,0],"326":[0,0],"327":[0,0],"328":[0,0],"329":[0,0],"330":[0,0],"331":[0],"332":[0,0],"333":[0,0],"334":[0,0,0,0,0],"335":[0,0],"336":[0,0],"337":[0,0],"338":[0,0],"339":[0,0],"340":[0,0],"341":[0,0],"342":[0,0],"343":[0,0],"344":[0,0],"345":[0,0],"346":[0,0],"347":[0,0],"348":[0,0],"349":[0,0]}}
}
