TN:
SF:src/app_lib/vault_utils.ts
FN:14,(anonymous_28)
FN:15,(anonymous_29)
FN:26,KeyDerivationConfig_PBKDF2
FN:33,(anonymous_31)
FN:50,KeyDerivationConfig_Argon2ID
FN:72,(anonymous_33)
FN:83,(anonymous_34)
FN:122,(anonymous_35)
FN:141,EncryptedBlob
FN:167,(anonymous_37)
FN:223,(anonymous_38)
FN:235,(anonymous_39)
FN:256,(anonymous_40)
FN:291,(anonymous_43)
FN:328,(anonymous_46)
FN:337,(anonymous_49)
FN:338,(anonymous_51)
FN:367,(anonymous_54)
FN:389,(anonymous_57)
FN:390,(anonymous_59)
FN:468,(anonymous_62)
FN:532,(anonymous_65)
FN:533,(anonymous_67)
FN:605,(anonymous_70)
FN:678,(anonymous_73)
FN:684,(anonymous_74)
FN:687,VaultMetadataDatabase
FN:748,(anonymous_82)
FN:749,(anonymous_83)
FN:755,(anonymous_84)
FN:792,(anonymous_87)
FN:807,(anonymous_90)
FN:808,(anonymous_91)
FN:900,(anonymous_92)
FN:912,(anonymous_93)
FN:915,(anonymous_94)
FN:921,(anonymous_95)
FN:928,(anonymous_96)
FN:941,(anonymous_99)
FN:946,(anonymous_102)
FN:956,(anonymous_103)
FN:965,(anonymous_104)
FN:977,(anonymous_105)
FN:992,(anonymous_106)
FN:1038,(anonymous_107)
FN:1045,(anonymous_108)
FN:1051,(anonymous_109)
FN:1054,(anonymous_110)
FN:1111,(anonymous_112)
FN:1132,(anonymous_113)
FN:1151,(anonymous_114)
FN:1160,(anonymous_115)
FN:1173,VaultMetadata
FN:1191,(anonymous_117)
FN:1232,(anonymous_120)
FN:1273,(anonymous_123)
FN:1323,(anonymous_126)
FN:1330,(anonymous_127)
FN:1372,(anonymous_128)
FN:1385,(anonymous_131)
FN:1418,(anonymous_134)
FN:1444,(anonymous_135)
FN:1457,(anonymous_136)
FN:1464,TOTP
FN:1472,(anonymous_138)
FN:1493,(anonymous_139)
FN:1499,CustomField
FN:1535,(anonymous_141)
FN:1554,VaultCredential
FN:1579,(anonymous_143)
FN:1669,(anonymous_144)
FN:1695,(anonymous_145)
FN:1722,(anonymous_146)
FN:1748,(anonymous_149)
FN:1859,(anonymous_150)
FN:1890,(anonymous_151)
FN:1902,LinkedDevice
FN:1920,(anonymous_153)
FN:1926,(anonymous_154)
FN:1932,(anonymous_155)
FN:1936,(anonymous_156)
FN:1940,(anonymous_157)
FN:1951,(anonymous_158)
FN:1961,(anonymous_160)
FN:1972,(anonymous_161)
FN:1980,(anonymous_162)
FN:1989,(anonymous_163)
FN:2011,(anonymous_164)
FN:2013,(anonymous_165)
FN:2017,(anonymous_166)
FN:2019,(anonymous_167)
FN:2023,(anonymous_168)
FN:2025,(anonymous_169)
FN:2038,(anonymous_170)
FN:2093,(anonymous_173)
FN:2153,(anonymous_176)
FN:2177,(anonymous_178)
FN:2189,(anonymous_179)
FN:2195,Group
FN:2203,(anonymous_181)
FN:2224,Vault
FN:2236,(anonymous_183)
FN:2266,(anonymous_184)
FN:2289,(anonymous_185)
FN:2290,(anonymous_186)
FN:2298,(anonymous_187)
FN:2312,(anonymous_188)
FN:2342,(anonymous_191)
FN:2356,(anonymous_194)
FN:2357,(anonymous_195)
FN:2366,(anonymous_196)
FN:2381,(anonymous_199)
FN:2402,(anonymous_200)
FN:2455,(anonymous_203)
FN:2493,(anonymous_206)
FN:2531,(anonymous_209)
FN:2556,(anonymous_212)
FN:2601,(anonymous_213)
FN:2605,(anonymous_216)
FN:2626,(anonymous_217)
FN:2628,(anonymous_218)
FN:2653,(anonymous_219)
FN:2654,(anonymous_220)
FN:2669,(anonymous_221)
FN:2714,(anonymous_222)
FN:2730,(anonymous_223)
FN:2734,(anonymous_224)
FN:2748,Message
FN:2762,(anonymous_226)
FN:2778,(anonymous_227)
FN:2789,(anonymous_228)
FN:2793,(anonymous_229)
FN:2797,(anonymous_230)
FN:2801,(anonymous_231)
FN:2805,(anonymous_232)
FN:2811,(anonymous_233)
FN:2816,(anonymous_234)
FN:2832,(anonymous_235)
FN:2838,(anonymous_237)
FN:2852,(anonymous_238)
FN:2860,(anonymous_239)
FN:2890,(anonymous_240)
FN:2904,(anonymous_241)
FN:2917,(anonymous_242)
FN:2930,(anonymous_243)
FN:2936,(anonymous_244)
FN:2949,(anonymous_245)
FN:2955,(anonymous_247)
FN:2971,(anonymous_250)
FN:2981,(anonymous_251)
FN:2984,(anonymous_252)
FN:2986,(anonymous_253)
FN:2991,(anonymous_254)
FN:2995,(anonymous_255)
FN:2998,(anonymous_256)
FN:3018,(anonymous_257)
FN:3027,(anonymous_258)
FN:3030,(anonymous_259)
FNF:158
FNH:70
FNDA:1,(anonymous_28)
FNDA:1,(anonymous_29)
FNDA:0,KeyDerivationConfig_PBKDF2
FNDA:1,(anonymous_31)
FNDA:0,KeyDerivationConfig_Argon2ID
FNDA:0,(anonymous_33)
FNDA:0,(anonymous_34)
FNDA:1,(anonymous_35)
FNDA:0,EncryptedBlob
FNDA:0,(anonymous_37)
FNDA:0,(anonymous_38)
FNDA:0,(anonymous_39)
FNDA:0,(anonymous_40)
FNDA:0,(anonymous_43)
FNDA:0,(anonymous_46)
FNDA:1,(anonymous_49)
FNDA:0,(anonymous_51)
FNDA:0,(anonymous_54)
FNDA:1,(anonymous_57)
FNDA:0,(anonymous_59)
FNDA:0,(anonymous_62)
FNDA:1,(anonymous_65)
FNDA:0,(anonymous_67)
FNDA:0,(anonymous_70)
FNDA:1,(anonymous_73)
FNDA:1,(anonymous_74)
FNDA:1,VaultMetadataDatabase
FNDA:1,(anonymous_82)
FNDA:1,(anonymous_83)
FNDA:0,(anonymous_84)
FNDA:0,(anonymous_87)
FNDA:1,(anonymous_90)
FNDA:1,(anonymous_91)
FNDA:0,(anonymous_92)
FNDA:0,(anonymous_93)
FNDA:0,(anonymous_94)
FNDA:0,(anonymous_95)
FNDA:1,(anonymous_96)
FNDA:1,(anonymous_99)
FNDA:30,(anonymous_102)
FNDA:3,(anonymous_103)
FNDA:9,(anonymous_104)
FNDA:9,(anonymous_105)
FNDA:3,(anonymous_106)
FNDA:0,(anonymous_107)
FNDA:1,(anonymous_108)
FNDA:1,(anonymous_109)
FNDA:1,(anonymous_110)
FNDA:0,(anonymous_112)
FNDA:3,(anonymous_113)
FNDA:0,(anonymous_114)
FNDA:1,(anonymous_115)
FNDA:0,VaultMetadata
FNDA:0,(anonymous_117)
FNDA:0,(anonymous_120)
FNDA:0,(anonymous_123)
FNDA:0,(anonymous_126)
FNDA:0,(anonymous_127)
FNDA:0,(anonymous_128)
FNDA:0,(anonymous_131)
FNDA:0,(anonymous_134)
FNDA:1,(anonymous_135)
FNDA:1,(anonymous_136)
FNDA:39,TOTP
FNDA:0,(anonymous_138)
FNDA:1,(anonymous_139)
FNDA:0,CustomField
FNDA:1,(anonymous_141)
FNDA:10021,VaultCredential
FNDA:71,(anonymous_143)
FNDA:86,(anonymous_144)
FNDA:1118,(anonymous_145)
FNDA:171,(anonymous_146)
FNDA:10091,(anonymous_149)
FNDA:407,(anonymous_150)
FNDA:1,(anonymous_151)
FNDA:0,LinkedDevice
FNDA:0,(anonymous_153)
FNDA:0,(anonymous_154)
FNDA:0,(anonymous_155)
FNDA:0,(anonymous_156)
FNDA:0,(anonymous_157)
FNDA:30,(anonymous_158)
FNDA:0,(anonymous_160)
FNDA:0,(anonymous_161)
FNDA:0,(anonymous_162)
FNDA:0,(anonymous_163)
FNDA:0,(anonymous_164)
FNDA:0,(anonymous_165)
FNDA:0,(anonymous_166)
FNDA:0,(anonymous_167)
FNDA:0,(anonymous_168)
FNDA:0,(anonymous_169)
FNDA:0,(anonymous_170)
FNDA:0,(anonymous_173)
FNDA:30,(anonymous_176)
FNDA:0,(anonymous_178)
FNDA:1,(anonymous_179)
FNDA:4,Group
FNDA:1,(anonymous_181)
FNDA:29,Vault
FNDA:0,(anonymous_183)
FNDA:0,(anonymous_184)
FNDA:1092,(anonymous_185)
FNDA:1033611,(anonymous_186)
FNDA:1,(anonymous_187)
FNDA:90,(anonymous_188)
FNDA:24,(anonymous_191)
FNDA:2,(anonymous_194)
FNDA:22,(anonymous_195)
FNDA:15,(anonymous_196)
FNDA:77,(anonymous_199)
FNDA:10094,(anonymous_200)
FNDA:11,(anonymous_203)
FNDA:10020,(anonymous_206)
FNDA:71,(anonymous_209)
FNDA:71,(anonymous_212)
FNDA:3,(anonymous_213)
FNDA:3,(anonymous_216)
FNDA:5,(anonymous_217)
FNDA:4,(anonymous_218)
FNDA:1,(anonymous_219)
FNDA:1,(anonymous_220)
FNDA:0,(anonymous_221)
FNDA:0,(anonymous_222)
FNDA:1,(anonymous_223)
FNDA:1,(anonymous_224)
FNDA:0,Message
FNDA:0,(anonymous_226)
FNDA:0,(anonymous_227)
FNDA:0,(anonymous_228)
FNDA:0,(anonymous_229)
FNDA:0,(anonymous_230)
FNDA:0,(anonymous_231)
FNDA:0,(anonymous_232)
FNDA:0,(anonymous_233)
FNDA:1,(anonymous_234)
FNDA:1,(anonymous_235)
FNDA:0,(anonymous_237)
FNDA:0,(anonymous_238)
FNDA:0,(anonymous_239)
FNDA:0,(anonymous_240)
FNDA:0,(anonymous_241)
FNDA:0,(anonymous_242)
FNDA:0,(anonymous_243)
FNDA:0,(anonymous_244)
FNDA:1,(anonymous_245)
FNDA:0,(anonymous_247)
FNDA:0,(anonymous_250)
FNDA:0,(anonymous_251)
FNDA:0,(anonymous_252)
FNDA:0,(anonymous_253)
FNDA:0,(anonymous_254)
FNDA:0,(anonymous_255)
FNDA:0,(anonymous_256)
FNDA:0,(anonymous_257)
FNDA:0,(anonymous_258)
FNDA:0,(anonymous_259)
DA:1,1
DA:2,1
DA:3,1
DA:4,1
DA:5,1
DA:6,1
DA:8,1
DA:9,1
DA:10,1
DA:12,1
DA:14,1
DA:15,1
DA:22,1
DA:27,0
DA:29,0
DA:31,1
DA:33,1
DA:38,1
DA:39,1
DA:41,1
DA:42,1
DA:44,1
DA:45,1
DA:51,0
DA:52,0
DA:54,0
DA:55,0
DA:57,1
DA:59,1
DA:63,1
DA:67,1
DA:73,0
DA:84,0
DA:107,1
DA:115,1
DA:122,1
DA:126,0
DA:128,0
DA:150,0
DA:151,0
DA:152,0
DA:153,0
DA:154,0
DA:155,0
DA:156,0
DA:157,0
DA:167,1
DA:191,0
DA:199,0
DA:206,0
DA:208,0
DA:210,0
DA:211,0
DA:212,0
DA:215,0
DA:223,1
DA:224,0
DA:235,1
DA:236,0
DA:238,0
DA:254,1
DA:256,1
DA:265,0
DA:273,0
DA:274,0
DA:275,0
DA:281,0
DA:282,0
DA:291,1
DA:300,0
DA:303,0
DA:304,0
DA:305,0
DA:311,0
DA:312,0
DA:319,0
DA:328,1
DA:329,0
DA:330,0
DA:337,1
DA:338,1
DA:343,0
DA:351,0
DA:364,0
DA:367,1
DA:373,0
DA:376,0
DA:378,0
DA:387,1
DA:389,1
DA:390,1
DA:399,0
DA:403,0
DA:409,0
DA:412,0
DA:418,0
DA:421,0
DA:428,0
DA:436,0
DA:439,0
DA:440,0
DA:449,0
DA:451,0
DA:468,1
DA:477,0
DA:480,0
DA:481,0
DA:482,0
DA:488,0
DA:491,0
DA:497,0
DA:500,0
DA:507,0
DA:515,0
DA:518,0
DA:528,0
DA:530,1
DA:532,1
DA:533,1
DA:542,0
DA:545,0
DA:547,0
DA:553,0
DA:556,0
DA:561,0
DA:563,0
DA:565,0
DA:568,0
DA:575,0
DA:578,0
DA:580,0
DA:581,0
DA:588,0
DA:605,1
DA:614,0
DA:617,0
DA:619,0
DA:620,0
DA:621,0
DA:626,0
DA:629,0
DA:634,0
DA:636,0
DA:638,0
DA:641,0
DA:648,0
DA:651,0
DA:656,0
DA:662,0
DA:673,0
DA:675,1
DA:678,1
DA:684,1
DA:688,1
DA:689,1
DA:693,1
DA:695,1
DA:702,1
DA:706,0
DA:707,0
DA:711,0
DA:716,0
DA:723,1
DA:724,0
DA:748,1
DA:749,1
DA:750,1
DA:755,1
DA:762,0
DA:763,0
DA:767,0
DA:769,0
DA:772,0
DA:775,0
DA:784,0
DA:786,0
DA:788,0
DA:792,1
DA:795,0
DA:797,0
DA:798,0
DA:799,0
DA:800,0
DA:801,0
DA:802,0
DA:803,0
DA:807,1
DA:808,1
DA:809,1
DA:810,1
DA:811,1
DA:825,1
DA:838,1
DA:900,1
DA:907,0
DA:913,0
DA:917,0
DA:919,0
DA:923,0
DA:928,1
DA:936,1
DA:944,1
DA:946,1
DA:951,30
DA:952,30
DA:953,18
DA:956,1
DA:959,3
DA:960,3
DA:965,1
DA:968,9
DA:970,0
DA:972,0
DA:974,0
DA:977,1
DA:980,9
DA:982,0
DA:984,0
DA:988,0
DA:992,1
DA:995,3
DA:996,0
DA:997,0
DA:998,0
DA:1001,1
DA:1004,3
DA:1005,3
DA:1029,3
DA:1033,2
DA:1035,0
DA:1040,0
DA:1045,1
DA:1051,1
DA:1052,1
DA:1054,1
DA:1055,1
DA:1056,1
DA:1060,1
DA:1061,1
DA:1063,3
DA:1064,3
DA:1073,3
DA:1076,3
DA:1078,3
DA:1080,3
DA:1081,3
DA:1087,3
DA:1090,3
DA:1094,3
DA:1098,3
DA:1106,0
DA:1107,0
DA:1111,3
DA:1112,0
DA:1113,0
DA:1119,0
DA:1120,0
DA:1121,0
DA:1122,0
DA:1124,0
DA:1128,3
DA:1132,1
DA:1133,3
DA:1142,0
DA:1145,1
DA:1151,1
DA:1152,0
DA:1155,1
DA:1160,1
DA:1176,0
DA:1177,0
DA:1178,0
DA:1179,0
DA:1180,0
DA:1181,0
DA:1182,0
DA:1183,0
DA:1191,1
DA:1193,0
DA:1194,0
DA:1196,0
DA:1198,0
DA:1199,0
DA:1200,0
DA:1201,0
DA:1204,0
DA:1205,0
DA:1211,0
DA:1214,0
DA:1223,0
DA:1232,1
DA:1234,0
DA:1239,0
DA:1241,0
DA:1244,0
DA:1248,0
DA:1261,0
DA:1273,1
DA:1280,0
DA:1283,0
DA:1286,0
DA:1288,0
DA:1289,0
DA:1293,0
DA:1296,0
DA:1304,0
DA:1309,0
DA:1314,0
DA:1321,0
DA:1324,0
DA:1329,0
DA:1332,0
DA:1337,0
DA:1352,0
DA:1358,0
DA:1362,0
DA:1366,0
DA:1372,1
DA:1374,0
DA:1377,0
DA:1385,1
DA:1389,0
DA:1394,0
DA:1397,0
DA:1400,0
DA:1404,0
DA:1415,0
DA:1418,1
DA:1422,0
DA:1424,0
DA:1428,0
DA:1430,0
DA:1434,0
DA:1440,0
DA:1442,1
DA:1444,1
DA:1445,1
DA:1454,1
DA:1455,1
DA:1456,1
DA:1457,1
DA:1465,39
DA:1466,39
DA:1467,39
DA:1468,39
DA:1469,39
DA:1472,1
DA:1476,0
DA:1484,0
DA:1486,0
DA:1491,1
DA:1493,1
DA:1500,0
DA:1501,0
DA:1502,0
DA:1503,0
DA:1505,1
DA:1507,1
DA:1508,1
DA:1535,1
DA:1557,10021
DA:1559,10021
DA:1560,10021
DA:1562,10021
DA:1563,10021
DA:1564,10021
DA:1565,10021
DA:1568,10021
DA:1569,10021
DA:1570,10021
DA:1572,10021
DA:1573,10021
DA:1574,10021
DA:1576,10021
DA:1579,1
DA:1584,54
DA:1585,0
DA:1587,54
DA:1588,0
DA:1590,54
DA:1591,10
DA:1593,54
DA:1594,9
DA:1596,54
DA:1597,8
DA:1599,54
DA:1600,9
DA:1604,54
DA:1605,5
DA:1607,54
DA:1608,7
DA:1610,54
DA:1611,6
DA:1613,54
DA:1614,0
DA:1617,54
DA:1618,54
DA:1621,54
DA:1622,8
DA:1626,54
DA:1627,0
DA:1630,17
DA:1635,17
DA:1636,17
DA:1638,17
DA:1639,17
DA:1644,2
DA:1645,2
DA:1648,17
DA:1651,17
DA:1652,17
DA:1653,17
DA:1658,17
DA:1660,17
DA:1664,71
DA:1666,71
DA:1669,86
DA:1672,86
DA:1691,86
DA:1693,86
DA:1695,86
DA:1699,1118
DA:1702,1118
DA:1707,86
DA:1708,86
DA:1709,86
DA:1710,86
DA:1711,86
DA:1713,86
DA:1722,1
DA:1725,171
DA:1727,86
DA:1729,86
DA:1734,86
DA:1736,86
DA:1738,1
DA:1748,1
DA:1754,10020
DA:1757,10020
DA:1759,10020
DA:1767,71
DA:1768,71
DA:1770,71
DA:1786,71
DA:1793,0
DA:1794,0
DA:1798,12
DA:1799,12
DA:1803,11
DA:1804,11
DA:1808,10
DA:1809,10
DA:1816,14
DA:1819,14
DA:1823,7
DA:1824,7
DA:1828,9
DA:1829,9
DA:1833,8
DA:1834,8
DA:1838,0
DA:1839,0
DA:1843,71
DA:1844,71
DA:1851,10
DA:1853,10
DA:1860,407
DA:1865,71
DA:1875,0
DA:1879,1
DA:1890,1
DA:1896,0
DA:1897,0
DA:1903,0
DA:1904,0
DA:1905,0
DA:1906,0
DA:1907,0
DA:1908,0
DA:1909,0
DA:1911,0
DA:1912,0
DA:1913,0
DA:1914,0
DA:1915,0
DA:1916,0
DA:1917,0
DA:1920,1
DA:1921,0
DA:1923,0
DA:1926,1
DA:1928,0
DA:1932,1
DA:1933,0
DA:1936,1
DA:1937,0
DA:1940,1
DA:1941,0
DA:1943,1
DA:1951,1
DA:1957,29
DA:1959,29
DA:1961,1
DA:1966,0
DA:1967,0
DA:1968,0
DA:1969,0
DA:1972,1
DA:1973,0
DA:1974,0
DA:1975,0
DA:1976,0
DA:1977,0
DA:1980,1
DA:1981,0
DA:1989,1
DA:1992,0
DA:1993,0
DA:1998,0
DA:2011,1
DA:2012,0
DA:2013,0
DA:2017,1
DA:2018,0
DA:2019,0
DA:2023,1
DA:2024,0
DA:2025,0
DA:2038,1
DA:2043,0
DA:2047,0
DA:2051,0
DA:2052,0
DA:2053,0
DA:2054,0
DA:2056,0
DA:2057,0
DA:2058,0
DA:2067,0
DA:2080,0
DA:2083,0
DA:2093,1
DA:2103,0
DA:2109,0
DA:2111,0
DA:2113,0
DA:2116,0
DA:2122,0
DA:2127,0
DA:2137,0
DA:2141,0
DA:2143,0
DA:2148,1
DA:2153,1
DA:2161,29
DA:2168,29
DA:2175,29
DA:2177,1
DA:2178,0
DA:2180,1
DA:2182,1
DA:2189,1
DA:2195,4
DA:2196,4
DA:2197,4
DA:2198,4
DA:2199,4
DA:2201,1
DA:2203,1
DA:2207,29
DA:2214,29
DA:2217,29
DA:2218,29
DA:2220,29
DA:2222,29
DA:2224,58
DA:2225,29
DA:2226,29
DA:2228,29
DA:2229,29
DA:2236,1
DA:2248,0
DA:2252,0
DA:2255,0
DA:2257,0
DA:2266,1
DA:2267,0
DA:2272,0
DA:2273,0
DA:2274,0
DA:2275,0
DA:2276,0
DA:2277,0
DA:2278,0
DA:2282,0
DA:2289,1
DA:2290,1033611
DA:2298,1
DA:2300,1
DA:2312,1
DA:2314,90
DA:2320,90
DA:2322,90
DA:2323,262
DA:2324,86
DA:2328,90
DA:2334,90
DA:2342,1
DA:2343,46
DA:2344,2
DA:2348,22
DA:2356,1
DA:2357,22
DA:2366,1
DA:2370,28
DA:2371,2
DA:2372,2
DA:2374,4
DA:2375,2
DA:2378,2
DA:2381,77
DA:2385,2
DA:2389,11
DA:2402,1
DA:2404,10006
DA:2407,10006
DA:2411,0
DA:2412,0
DA:2415,88
DA:2417,88
DA:2418,88
DA:2420,88
DA:2421,88
DA:2432,0
DA:2445,0
DA:2449,88
DA:2450,88
DA:2452,88
DA:2455,1
DA:2456,11
DA:2460,0
DA:2461,0
DA:2465,143
DA:2466,66
DA:2467,121
DA:2468,22
DA:2470,56
DA:2472,108
DA:2474,1
DA:2477,2
DA:2482,11
DA:2493,1
DA:2498,10020
DA:2500,10020
DA:2501,10020
DA:2502,10020
DA:2504,20026
DA:2506,28
DA:2510,10020
DA:2513,10020
DA:2515,10020
DA:2516,20040
DA:2517,10020
DA:2519,10020
DA:2521,10020
DA:2531,1
DA:2535,71
DA:2541,0
DA:2547,0
DA:2551,71
DA:2554,71
DA:2556,71
DA:2560,0
DA:2564,0
DA:2570,0
DA:2573,71
DA:2575,71
DA:2577,71
DA:2579,142
DA:2582,71
DA:2587,71
DA:2588,142
DA:2591,71
DA:2593,71
DA:2601,1
DA:2602,3
DA:2604,3
DA:2605,3
DA:2606,3
DA:2608,3
DA:2609,3
DA:2614,3
DA:2615,3
DA:2616,3
DA:2618,6
DA:2621,3
DA:2626,1
DA:2627,5
DA:2628,4
DA:2635,1
DA:2636,1
DA:2637,1
DA:2641,4
DA:2643,4
DA:2645,4
DA:2647,4
DA:2653,1
DA:2654,1
DA:2657,1
DA:2669,1
DA:2673,0
DA:2683,0
DA:2689,0
DA:2695,0
DA:2696,0
DA:2703,0
DA:2706,0
DA:2714,0
DA:2715,0
DA:2726,0
DA:2728,1
DA:2730,1
DA:2732,1
DA:2734,1
DA:2755,0
DA:2756,0
DA:2757,0
DA:2758,0
DA:2759,0
DA:2762,1
DA:2769,0
DA:2778,1
DA:2779,0
DA:2780,0
DA:2789,1
DA:2790,0
DA:2793,1
DA:2794,0
DA:2797,1
DA:2798,0
DA:2801,1
DA:2802,0
DA:2805,1
DA:2808,0
DA:2811,1
DA:2812,0
DA:2814,1
DA:2816,1
DA:2817,1
DA:2818,1
DA:2819,1
DA:2820,1
DA:2821,1
DA:2832,1
DA:2833,0
DA:2838,1
DA:2839,0
DA:2847,0
DA:2849,0
DA:2852,1
DA:2853,0
DA:2855,0
DA:2857,0
DA:2860,1
DA:2869,0
DA:2871,0
DA:2872,0
DA:2873,0
DA:2878,0
DA:2886,0
DA:2890,1
DA:2892,0
DA:2894,0
DA:2895,0
DA:2898,0
DA:2899,0
DA:2900,0
DA:2904,1
DA:2905,0
DA:2907,0
DA:2909,0
DA:2917,1
DA:2918,0
DA:2920,0
DA:2922,0
DA:2930,1
DA:2934,0
DA:2936,0
DA:2937,0
DA:2938,0
DA:2940,0
DA:2942,0
DA:2944,1
DA:2949,1
DA:2955,1
DA:2960,0
DA:2971,1
DA:2976,0
DA:2978,0
DA:2980,0
DA:2981,0
DA:2984,0
DA:2985,0
DA:2986,0
DA:2987,0
DA:2991,0
DA:2994,0
DA:2995,0
DA:2997,0
DA:2998,0
DA:3005,0
DA:3009,0
DA:3016,0
DA:3019,0
DA:3022,0
DA:3027,0
DA:3030,0
DA:3033,0
DA:3034,0
DA:3046,0
DA:3048,1
DA:3052,1
DA:3063,1
LF:823
LH:428
BRDA:27,0,0,0
BRDA:51,1,0,0
BRDA:52,2,0,0
BRDA:85,3,0,0
BRDA:85,3,1,0
BRDA:153,4,0,0
BRDA:153,4,1,0
BRDA:153,5,0,0
BRDA:153,5,1,0
BRDA:154,6,0,0
BRDA:154,6,1,0
BRDA:154,7,0,0
BRDA:154,7,1,0
BRDA:198,8,0,0
BRDA:198,8,1,0
BRDA:241,9,0,0
BRDA:241,9,1,0
BRDA:245,10,0,0
BRDA:245,10,1,0
BRDA:268,11,0,0
BRDA:268,11,1,0
BRDA:274,12,0,0
BRDA:274,12,1,0
BRDA:304,13,0,0
BRDA:304,13,1,0
BRDA:409,14,0,0
BRDA:418,15,0,0
BRDA:454,16,0,0
BRDA:454,16,1,0
BRDA:458,17,0,0
BRDA:458,17,1,0
BRDA:488,18,0,0
BRDA:497,19,0,0
BRDA:553,20,0,0
BRDA:565,21,0,0
BRDA:591,22,0,0
BRDA:591,22,1,0
BRDA:595,23,0,0
BRDA:595,23,1,0
BRDA:626,24,0,0
BRDA:638,25,0,0
BRDA:661,26,0,0
BRDA:661,26,1,0
BRDA:14,27,0,1
BRDA:14,27,1,1
BRDA:688,28,0,1
BRDA:688,28,1,1
BRDA:706,29,0,0
BRDA:678,30,0,1
BRDA:678,30,1,1
BRDA:749,31,0,1
BRDA:749,31,1,1
BRDA:784,32,0,0
BRDA:748,33,0,1
BRDA:748,33,1,1
BRDA:808,34,0,1
BRDA:808,34,1,1
BRDA:917,35,0,0
BRDA:917,35,1,0
BRDA:917,36,0,0
BRDA:917,36,1,0
BRDA:917,37,0,0
BRDA:917,37,1,0
BRDA:917,38,0,0
BRDA:917,38,1,0
BRDA:917,39,0,0
BRDA:917,39,1,0
BRDA:917,40,0,0
BRDA:917,40,1,0
BRDA:944,41,0,0
BRDA:951,42,0,18
BRDA:951,42,1,12
BRDA:951,43,0,30
BRDA:951,43,1,30
BRDA:952,44,0,12
BRDA:952,45,0,30
BRDA:952,45,1,18
BRDA:959,46,0,0
BRDA:959,47,0,3
BRDA:959,47,1,3
BRDA:961,48,0,3
BRDA:961,48,1,0
BRDA:961,49,0,3
BRDA:961,49,1,3
BRDA:968,50,0,9
BRDA:968,51,0,9
BRDA:968,51,1,0
BRDA:972,52,0,0
BRDA:980,53,0,9
BRDA:980,54,0,9
BRDA:980,54,1,0
BRDA:995,55,0,3
BRDA:995,56,0,3
BRDA:995,56,1,0
BRDA:1073,57,0,3
BRDA:1073,57,1,0
BRDA:1073,58,0,3
BRDA:1073,58,1,3
BRDA:1077,59,0,3
BRDA:1077,59,1,0
BRDA:1077,60,0,3
BRDA:1077,60,1,3
BRDA:1079,61,0,3
BRDA:1079,61,1,0
BRDA:1079,62,0,3
BRDA:1079,62,1,3
BRDA:1080,63,0,3
BRDA:1082,64,0,3
BRDA:1082,64,1,0
BRDA:1082,65,0,3
BRDA:1082,65,1,3
BRDA:1082,66,0,0
BRDA:1082,66,1,3
BRDA:1082,67,0,3
BRDA:1082,67,1,3
BRDA:1087,68,0,3
BRDA:1087,68,1,0
BRDA:1087,69,0,3
BRDA:1087,69,1,3
BRDA:1090,70,0,3
BRDA:1090,70,1,0
BRDA:1094,71,0,0
BRDA:1094,71,1,3
BRDA:1099,72,0,0
BRDA:1099,72,1,3
BRDA:1099,73,0,3
BRDA:1099,73,1,0
BRDA:1105,74,0,0
BRDA:1105,74,1,3
BRDA:1105,75,0,3
BRDA:1105,75,1,3
BRDA:1111,76,0,3
BRDA:1111,76,1,0
BRDA:1111,77,0,3
BRDA:1111,77,1,3
BRDA:1112,78,0,0
BRDA:807,79,0,1
BRDA:807,79,1,1
BRDA:1193,80,0,0
BRDA:1194,81,0,0
BRDA:1239,82,0,0
BRDA:1292,83,0,0
BRDA:1292,83,1,0
BRDA:1425,84,0,0
BRDA:1425,84,1,0
BRDA:1425,85,0,0
BRDA:1425,85,1,0
BRDA:1430,86,0,0
BRDA:1557,87,0,12
BRDA:1557,87,1,10009
BRDA:1557,88,0,1
BRDA:1557,88,1,10020
BRDA:1557,89,0,10021
BRDA:1557,89,1,10021
BRDA:1559,90,0,10017
BRDA:1559,90,1,4
BRDA:1559,91,0,10021
BRDA:1559,91,1,10021
BRDA:1559,92,0,1
BRDA:1559,92,1,10020
BRDA:1559,93,0,10021
BRDA:1559,93,1,10021
BRDA:1560,94,0,3
BRDA:1560,94,1,10018
BRDA:1560,95,0,1
BRDA:1560,95,1,10020
BRDA:1560,96,0,10021
BRDA:1560,96,1,10021
BRDA:1562,97,0,10020
BRDA:1562,97,1,1
BRDA:1562,98,0,1
BRDA:1562,98,1,10020
BRDA:1562,99,0,10021
BRDA:1562,99,1,10021
BRDA:1563,100,0,10007
BRDA:1563,100,1,14
BRDA:1563,101,0,1
BRDA:1563,101,1,10020
BRDA:1563,102,0,10021
BRDA:1563,102,1,10021
BRDA:1564,103,0,10007
BRDA:1564,103,1,14
BRDA:1564,104,0,1
BRDA:1564,104,1,10020
BRDA:1564,105,0,10021
BRDA:1564,105,1,10021
BRDA:1565,106,0,12
BRDA:1565,106,1,10009
BRDA:1565,107,0,1
BRDA:1565,107,1,10020
BRDA:1565,108,0,10021
BRDA:1565,108,1,10021
BRDA:1568,109,0,4
BRDA:1568,109,1,10017
BRDA:1568,110,0,1
BRDA:1568,110,1,10020
BRDA:1568,111,0,10021
BRDA:1568,111,1,10021
BRDA:1569,112,0,7
BRDA:1569,112,1,10014
BRDA:1569,113,0,1
BRDA:1569,113,1,10020
BRDA:1569,114,0,10021
BRDA:1569,114,1,10021
BRDA:1570,115,0,7
BRDA:1570,115,1,10014
BRDA:1570,116,0,1
BRDA:1570,116,1,10020
BRDA:1570,117,0,10021
BRDA:1570,117,1,10021
BRDA:1572,118,0,15
BRDA:1572,118,1,10006
BRDA:1572,119,0,10021
BRDA:1572,119,1,10021
BRDA:1572,120,0,1
BRDA:1572,120,1,10020
BRDA:1572,121,0,10021
BRDA:1572,121,1,10021
BRDA:1573,122,0,1
BRDA:1573,122,1,10020
BRDA:1573,123,0,10021
BRDA:1573,123,1,10021
BRDA:1573,124,0,1
BRDA:1573,124,1,10020
BRDA:1573,125,0,10021
BRDA:1573,125,1,10021
BRDA:1574,126,0,1
BRDA:1574,126,1,10020
BRDA:1574,127,0,10021
BRDA:1574,127,1,10021
BRDA:1574,128,0,1
BRDA:1574,128,1,10020
BRDA:1574,129,0,10021
BRDA:1574,129,1,10021
BRDA:1576,130,0,10020
BRDA:1576,130,1,1
BRDA:1576,131,0,10021
BRDA:1576,131,1,10021
BRDA:1576,132,0,1
BRDA:1576,132,1,10020
BRDA:1576,133,0,10021
BRDA:1576,133,1,10021
BRDA:1583,134,0,71
BRDA:1583,134,1,54
BRDA:1583,134,2,54
BRDA:1584,135,0,0
BRDA:1585,136,0,0
BRDA:1585,136,1,0
BRDA:1585,137,0,0
BRDA:1585,137,1,0
BRDA:1587,138,0,0
BRDA:1588,139,0,0
BRDA:1588,139,1,0
BRDA:1588,140,0,0
BRDA:1588,140,1,0
BRDA:1590,141,0,10
BRDA:1591,142,0,10
BRDA:1591,142,1,0
BRDA:1591,143,0,10
BRDA:1591,143,1,10
BRDA:1593,144,0,9
BRDA:1594,145,0,9
BRDA:1594,145,1,0
BRDA:1594,146,0,9
BRDA:1594,146,1,9
BRDA:1596,147,0,8
BRDA:1597,148,0,8
BRDA:1597,148,1,0
BRDA:1597,149,0,8
BRDA:1597,149,1,8
BRDA:1599,150,0,9
BRDA:1600,151,0,7
BRDA:1600,151,1,2
BRDA:1604,152,0,5
BRDA:1605,153,0,5
BRDA:1605,153,1,0
BRDA:1605,154,0,5
BRDA:1605,154,1,5
BRDA:1607,155,0,7
BRDA:1608,156,0,7
BRDA:1608,156,1,0
BRDA:1608,157,0,7
BRDA:1608,157,1,7
BRDA:1610,158,0,6
BRDA:1611,159,0,6
BRDA:1611,159,1,0
BRDA:1611,160,0,6
BRDA:1611,160,1,6
BRDA:1613,161,0,0
BRDA:1615,162,0,0
BRDA:1615,162,1,0
BRDA:1615,163,0,0
BRDA:1615,163,1,0
BRDA:1617,164,0,54
BRDA:1619,165,0,54
BRDA:1619,165,1,0
BRDA:1619,166,0,54
BRDA:1619,166,1,54
BRDA:1621,167,0,8
BRDA:1623,168,0,8
BRDA:1623,168,1,0
BRDA:1623,169,0,8
BRDA:1623,169,1,8
BRDA:1626,170,0,0
BRDA:1628,171,0,0
BRDA:1628,171,1,0
BRDA:1628,172,0,0
BRDA:1628,172,1,0
BRDA:1635,173,0,17
BRDA:1635,173,1,0
BRDA:1635,174,0,17
BRDA:1635,174,1,17
BRDA:1636,175,0,17
BRDA:1636,175,1,0
BRDA:1636,176,0,17
BRDA:1636,176,1,17
BRDA:1638,177,0,17
BRDA:1638,177,1,0
BRDA:1638,178,0,17
BRDA:1638,178,1,17
BRDA:1639,179,0,17
BRDA:1639,179,1,0
BRDA:1639,180,0,17
BRDA:1639,180,1,17
BRDA:1643,181,0,17
BRDA:1643,181,1,0
BRDA:1643,182,0,17
BRDA:1643,182,1,17
BRDA:1644,183,0,2
BRDA:1644,183,1,0
BRDA:1644,184,0,2
BRDA:1644,184,1,2
BRDA:1648,185,0,9
BRDA:1648,185,1,8
BRDA:1651,186,0,17
BRDA:1651,186,1,0
BRDA:1651,187,0,17
BRDA:1651,187,1,17
BRDA:1652,188,0,17
BRDA:1652,188,1,0
BRDA:1652,189,0,17
BRDA:1652,189,1,17
BRDA:1653,190,0,17
BRDA:1653,190,1,0
BRDA:1653,191,0,17
BRDA:1653,191,1,17
BRDA:1660,192,0,17
BRDA:1660,192,1,0
BRDA:1660,193,0,17
BRDA:1660,193,1,17
BRDA:1702,194,0,1067
BRDA:1702,194,1,51
BRDA:1702,195,0,1118
BRDA:1702,195,1,1118
BRDA:1707,196,0,73
BRDA:1707,196,1,13
BRDA:1707,197,0,86
BRDA:1707,197,1,86
BRDA:1707,198,0,13
BRDA:1707,198,1,73
BRDA:1707,199,0,86
BRDA:1707,199,1,86
BRDA:1708,200,0,73
BRDA:1708,200,1,13
BRDA:1708,201,0,86
BRDA:1708,201,1,86
BRDA:1708,202,0,13
BRDA:1708,202,1,73
BRDA:1708,203,0,86
BRDA:1708,203,1,86
BRDA:1709,204,0,73
BRDA:1709,204,1,13
BRDA:1709,205,0,86
BRDA:1709,205,1,86
BRDA:1709,206,0,13
BRDA:1709,206,1,73
BRDA:1709,207,0,86
BRDA:1709,207,1,86
BRDA:1710,208,0,73
BRDA:1710,208,1,13
BRDA:1710,209,0,86
BRDA:1710,209,1,86
BRDA:1710,210,0,13
BRDA:1710,210,1,73
BRDA:1710,211,0,86
BRDA:1710,211,1,86
BRDA:1711,212,0,73
BRDA:1711,212,1,13
BRDA:1711,213,0,86
BRDA:1711,213,1,86
BRDA:1711,214,0,13
BRDA:1711,214,1,73
BRDA:1711,215,0,86
BRDA:1711,215,1,86
BRDA:1725,216,0,85
BRDA:1816,217,0,10
BRDA:1816,217,1,4
BRDA:1444,218,0,1
BRDA:1444,218,1,1
BRDA:1903,219,0,0
BRDA:1904,220,0,0
BRDA:1905,221,0,0
BRDA:1906,222,0,0
BRDA:1907,223,0,0
BRDA:1908,224,0,0
BRDA:1909,225,0,0
BRDA:1982,226,0,0
BRDA:1982,226,1,0
BRDA:1982,226,2,0
BRDA:1992,227,0,0
BRDA:1993,228,0,0
BRDA:2019,229,0,0
BRDA:2019,229,1,0
BRDA:2019,230,0,0
BRDA:2019,230,1,0
BRDA:2023,231,0,0
BRDA:2046,232,0,0
BRDA:2046,232,1,0
BRDA:2046,232,2,0
BRDA:2061,233,0,0
BRDA:2061,233,1,0
BRDA:2073,234,0,0
BRDA:2073,234,1,0
BRDA:2073,234,2,0
BRDA:2073,234,3,0
BRDA:2073,234,4,0
BRDA:2073,234,5,0
BRDA:2102,235,0,0
BRDA:2102,235,1,0
BRDA:2102,235,2,0
BRDA:2195,236,0,0
BRDA:2195,237,0,0
BRDA:2195,238,0,0
BRDA:2224,239,0,29
BRDA:2224,240,0,29
BRDA:2224,241,0,29
BRDA:2229,242,0,0
BRDA:2229,242,1,29
BRDA:2247,243,0,0
BRDA:2247,243,1,0
BRDA:2323,244,0,90
BRDA:2343,245,0,22
BRDA:2348,246,0,22
BRDA:2348,246,1,0
BRDA:2348,247,0,22
BRDA:2348,247,1,22
BRDA:2348,248,0,0
BRDA:2348,248,1,22
BRDA:2348,249,0,22
BRDA:2348,249,1,22
BRDA:2370,250,0,13
BRDA:2374,251,0,2
BRDA:2441,252,0,88
BRDA:2441,252,1,88
BRDA:2465,253,0,11
BRDA:2466,254,0,0
BRDA:2466,255,0,66
BRDA:2466,255,1,66
BRDA:2467,256,0,55
BRDA:2470,257,0,1
BRDA:2474,258,0,0
BRDA:2504,259,0,10006
BRDA:2538,260,0,71
BRDA:2538,260,1,17
BRDA:2538,260,2,17
BRDA:2538,260,3,71
BRDA:2538,260,4,54
BRDA:2538,260,5,54
BRDA:2538,261,0,0
BRDA:2538,261,1,17
BRDA:2538,262,0,17
BRDA:2538,262,1,17
BRDA:2539,263,0,0
BRDA:2539,263,1,54
BRDA:2539,264,0,54
BRDA:2539,264,1,54
BRDA:2551,265,0,17
BRDA:2551,265,1,54
BRDA:2551,266,0,71
BRDA:2551,266,1,71
BRDA:2551,267,0,54
BRDA:2551,267,1,17
BRDA:2551,268,0,71
BRDA:2551,268,1,71
BRDA:2551,269,0,0
BRDA:2551,269,1,54
BRDA:2551,270,0,54
BRDA:2551,270,1,54
BRDA:2556,271,0,0
BRDA:2556,271,1,71
BRDA:2556,272,0,71
BRDA:2556,272,1,71
BRDA:2577,273,0,0
BRDA:2587,274,0,0
BRDA:2608,275,0,0
BRDA:2635,276,0,1
BRDA:2636,277,0,1
BRDA:2637,278,0,1
BRDA:2643,279,0,3
BRDA:2643,279,1,1
BRDA:2643,280,0,4
BRDA:2643,280,1,3
BRDA:2643,281,0,0
BRDA:2643,281,1,4
BRDA:2643,282,0,4
BRDA:2643,282,1,4
BRDA:2645,283,0,3
BRDA:2672,284,0,0
BRDA:2672,284,1,0
BRDA:2679,285,0,0
BRDA:2679,285,1,0
BRDA:2679,285,2,0
BRDA:2758,286,0,0
BRDA:2758,286,1,0
BRDA:2758,287,0,0
BRDA:2758,287,1,0
BRDA:2759,288,0,0
BRDA:2759,288,1,0
BRDA:2759,289,0,0
BRDA:2759,289,1,0
BRDA:2794,290,0,0
BRDA:2794,290,1,0
BRDA:2794,291,0,0
BRDA:2794,291,1,0
BRDA:2798,292,0,0
BRDA:2798,292,1,0
BRDA:2798,293,0,0
BRDA:2798,293,1,0
BRDA:2816,294,0,1
BRDA:2816,294,1,1
BRDA:2894,295,0,0
BRDA:2894,295,1,0
BRDA:2894,296,0,0
BRDA:2894,296,1,0
BRDA:2895,297,0,0
BRDA:2895,297,1,0
BRDA:2895,298,0,0
BRDA:2895,298,1,0
BRDA:2937,299,0,0
BRDA:2937,299,1,0
BRDA:2937,300,0,0
BRDA:2937,300,1,0
BRDA:2938,301,0,0
BRDA:2938,301,1,0
BRDA:2938,302,0,0
BRDA:2938,302,1,0
BRDA:2976,303,0,0
BRDA:3002,304,0,0
BRDA:3002,304,1,0
BRDA:3005,305,0,0
BRDA:3005,305,1,0
BRDA:3019,306,0,0
BRDA:3019,306,1,0
BRDA:3022,307,0,0
BRDA:3022,307,1,0
BRDA:2730,308,0,1
BRDA:2730,308,1,1
BRF:557
BRH:337
end_of_record
TN:
SF:src/app_lib/proto/vault.ts
FN:7,(anonymous_1)
FN:12,(anonymous_2)
FN:17,(anonymous_3)
FN:24,(anonymous_4)
FN:31,(anonymous_5)
FN:37,(anonymous_6)
FN:44,(anonymous_7)
FN:229,createBaseKeyDerivationConfigArgon2ID
FN:234,(anonymous_9)
FN:247,(anonymous_10)
FN:281,(anonymous_11)
FN:286,(anonymous_12)
FN:296,createBaseKeyDerivationConfigPBKDF2
FN:301,(anonymous_14)
FN:311,(anonymous_15)
FN:338,(anonymous_16)
FN:343,(anonymous_17)
FN:352,createBaseVaultMetadata
FN:364,(anonymous_19)
FN:401,(anonymous_20)
FN:484,(anonymous_21)
FN:489,(anonymous_22)
FN:509,createBaseEncryptedBlob
FN:524,(anonymous_24)
FN:564,(anonymous_25)
FN:651,(anonymous_26)
FN:656,(anonymous_27)
FN:683,createBaseGroup
FN:688,(anonymous_29)
FN:707,(anonymous_30)
FN:752,(anonymous_31)
FN:755,(anonymous_32)
FN:765,createBaseCustomField
FN:770,(anonymous_34)
FN:789,(anonymous_35)
FN:834,(anonymous_36)
FN:839,(anonymous_37)
FN:851,createBaseVault
FN:864,(anonymous_39)
FN:898,(anonymous_40)
FN:972,(anonymous_41)
FN:975,(anonymous_42)
FN:988,(anonymous_43)
FN:990,(anonymous_44)
FN:991,(anonymous_45)
FN:996,createBaseConfiguration
FN:1001,(anonymous_47)
FN:1011,(anonymous_48)
FN:1035,(anonymous_49)
FN:1040,(anonymous_50)
FN:1049,createBaseOnlineServices
FN:1054,(anonymous_52)
FN:1076,(anonymous_53)
FN:1132,(anonymous_54)
FN:1137,(anonymous_55)
FN:1146,(anonymous_56)
FN:1151,createBaseLinkedDevice
FN:1164,(anonymous_58)
FN:1195,(anonymous_59)
FN:1270,(anonymous_60)
FN:1275,(anonymous_61)
FN:1291,createBaseCredential
FN:1307,(anonymous_63)
FN:1359,(anonymous_64)
FN:1483,(anonymous_65)
FN:1486,(anonymous_66)
FN:1507,(anonymous_67)
FN:1513,createBasePartialCredential
FN:1518,(anonymous_69)
FN:1573,(anonymous_70)
FN:1700,(anonymous_71)
FN:1705,(anonymous_72)
FN:1726,(anonymous_73)
FN:1735,createBasePartialCredentialChanges
FN:1754,(anonymous_75)
FN:1800,(anonymous_76)
FN:1911,(anonymous_77)
FN:1916,(anonymous_78)
FN:1938,createBaseTOTP
FN:1943,(anonymous_80)
FN:1965,(anonymous_81)
FN:2017,(anonymous_82)
FN:2020,(anonymous_83)
FN:2031,createBaseDiff
FN:2036,(anonymous_85)
FN:2052,(anonymous_86)
FN:2086,(anonymous_87)
FN:2089,(anonymous_88)
FN:2100,createBaseDiffChange
FN:2105,(anonymous_90)
FN:2124,(anonymous_91)
FN:2165,(anonymous_92)
FN:2168,(anonymous_93)
FN:2182,createBaseSynchronizationMessage
FN:2187,(anonymous_95)
FN:2209,(anonymous_96)
FN:2266,(anonymous_97)
FN:2271,(anonymous_98)
FN:2278,(anonymous_99)
FN:2280,(anonymous_100)
FN:2315,longToNumber
FNF:101
FNH:7
FNDA:1,(anonymous_1)
FNDA:1,(anonymous_2)
FNDA:1,(anonymous_3)
FNDA:1,(anonymous_4)
FNDA:1,(anonymous_5)
FNDA:1,(anonymous_6)
FNDA:1,(anonymous_7)
FNDA:0,createBaseKeyDerivationConfigArgon2ID
FNDA:0,(anonymous_9)
FNDA:0,(anonymous_10)
FNDA:0,(anonymous_11)
FNDA:0,(anonymous_12)
FNDA:0,createBaseKeyDerivationConfigPBKDF2
FNDA:0,(anonymous_14)
FNDA:0,(anonymous_15)
FNDA:0,(anonymous_16)
FNDA:0,(anonymous_17)
FNDA:0,createBaseVaultMetadata
FNDA:0,(anonymous_19)
FNDA:0,(anonymous_20)
FNDA:0,(anonymous_21)
FNDA:0,(anonymous_22)
FNDA:0,createBaseEncryptedBlob
FNDA:0,(anonymous_24)
FNDA:0,(anonymous_25)
FNDA:0,(anonymous_26)
FNDA:0,(anonymous_27)
FNDA:0,createBaseGroup
FNDA:0,(anonymous_29)
FNDA:0,(anonymous_30)
FNDA:0,(anonymous_31)
FNDA:0,(anonymous_32)
FNDA:0,createBaseCustomField
FNDA:0,(anonymous_34)
FNDA:0,(anonymous_35)
FNDA:0,(anonymous_36)
FNDA:0,(anonymous_37)
FNDA:0,createBaseVault
FNDA:0,(anonymous_39)
FNDA:0,(anonymous_40)
FNDA:0,(anonymous_41)
FNDA:0,(anonymous_42)
FNDA:0,(anonymous_43)
FNDA:0,(anonymous_44)
FNDA:0,(anonymous_45)
FNDA:0,createBaseConfiguration
FNDA:0,(anonymous_47)
FNDA:0,(anonymous_48)
FNDA:0,(anonymous_49)
FNDA:0,(anonymous_50)
FNDA:0,createBaseOnlineServices
FNDA:0,(anonymous_52)
FNDA:0,(anonymous_53)
FNDA:0,(anonymous_54)
FNDA:0,(anonymous_55)
FNDA:0,(anonymous_56)
FNDA:0,createBaseLinkedDevice
FNDA:0,(anonymous_58)
FNDA:0,(anonymous_59)
FNDA:0,(anonymous_60)
FNDA:0,(anonymous_61)
FNDA:0,createBaseCredential
FNDA:0,(anonymous_63)
FNDA:0,(anonymous_64)
FNDA:0,(anonymous_65)
FNDA:0,(anonymous_66)
FNDA:0,(anonymous_67)
FNDA:0,createBasePartialCredential
FNDA:0,(anonymous_69)
FNDA:0,(anonymous_70)
FNDA:0,(anonymous_71)
FNDA:0,(anonymous_72)
FNDA:0,(anonymous_73)
FNDA:0,createBasePartialCredentialChanges
FNDA:0,(anonymous_75)
FNDA:0,(anonymous_76)
FNDA:0,(anonymous_77)
FNDA:0,(anonymous_78)
FNDA:0,createBaseTOTP
FNDA:0,(anonymous_80)
FNDA:0,(anonymous_81)
FNDA:0,(anonymous_82)
FNDA:0,(anonymous_83)
FNDA:0,createBaseDiff
FNDA:0,(anonymous_85)
FNDA:0,(anonymous_86)
FNDA:0,(anonymous_87)
FNDA:0,(anonymous_88)
FNDA:0,createBaseDiffChange
FNDA:0,(anonymous_90)
FNDA:0,(anonymous_91)
FNDA:0,(anonymous_92)
FNDA:0,(anonymous_93)
FNDA:0,createBaseSynchronizationMessage
FNDA:0,(anonymous_95)
FNDA:0,(anonymous_96)
FNDA:0,(anonymous_97)
FNDA:0,(anonymous_98)
FNDA:0,(anonymous_99)
FNDA:0,(anonymous_100)
FNDA:0,longToNumber
DA:2,1
DA:3,1
DA:5,1
DA:7,1
DA:8,1
DA:9,1
DA:12,1
DA:13,1
DA:14,1
DA:17,1
DA:18,1
DA:19,1
DA:20,1
DA:21,1
DA:24,1
DA:25,1
DA:26,1
DA:27,1
DA:28,1
DA:31,1
DA:32,1
DA:33,1
DA:34,1
DA:37,1
DA:38,1
DA:39,1
DA:40,1
DA:44,1
DA:45,1
DA:46,1
DA:47,1
DA:48,1
DA:49,1
DA:50,1
DA:230,0
DA:233,1
DA:236,0
DA:239,0
DA:242,0
DA:244,0
DA:252,0
DA:253,0
DA:254,0
DA:256,0
DA:260,0
DA:263,0
DA:264,0
DA:267,0
DA:270,0
DA:271,0
DA:274,0
DA:276,0
DA:278,0
DA:284,0
DA:289,0
DA:290,0
DA:291,0
DA:292,0
DA:297,0
DA:300,1
DA:303,0
DA:306,0
DA:308,0
DA:316,0
DA:317,0
DA:318,0
DA:320,0
DA:324,0
DA:327,0
DA:328,0
DA:331,0
DA:333,0
DA:335,0
DA:341,0
DA:346,0
DA:347,0
DA:348,0
DA:353,0
DA:363,1
DA:366,0
DA:369,0
DA:372,0
DA:375,0
DA:378,0
DA:381,0
DA:384,0
DA:387,0
DA:390,0
DA:393,0
DA:398,0
DA:403,0
DA:404,0
DA:405,0
DA:407,0
DA:411,0
DA:414,0
DA:415,0
DA:418,0
DA:421,0
DA:422,0
DA:425,0
DA:428,0
DA:429,0
DA:432,0
DA:435,0
DA:436,0
DA:439,0
DA:442,0
DA:443,0
DA:446,0
DA:449,0
DA:450,0
DA:453,0
DA:456,0
DA:457,0
DA:460,0
DA:463,0
DA:464,0
DA:467,0
DA:470,0
DA:474,0
DA:477,0
DA:479,0
DA:481,0
DA:487,0
DA:492,0
DA:493,0
DA:494,0
DA:495,0
DA:496,0
DA:497,0
DA:498,0
DA:499,0
DA:500,0
DA:501,0
DA:505,0
DA:510,0
DA:523,1
DA:526,0
DA:529,0
DA:532,0
DA:535,0
DA:538,0
DA:541,0
DA:547,0
DA:553,0
DA:556,0
DA:559,0
DA:561,0
DA:566,0
DA:567,0
DA:568,0
DA:570,0
DA:574,0
DA:577,0
DA:578,0
DA:581,0
DA:584,0
DA:585,0
DA:588,0
DA:591,0
DA:592,0
DA:595,0
DA:598,0
DA:599,0
DA:602,0
DA:605,0
DA:610,0
DA:613,0
DA:616,0
DA:620,0
DA:623,0
DA:626,0
DA:627,0
DA:630,0
DA:633,0
DA:634,0
DA:637,0
DA:640,0
DA:641,0
DA:644,0
DA:646,0
DA:648,0
DA:654,0
DA:659,0
DA:660,0
DA:661,0
DA:662,0
DA:663,0
DA:664,0
DA:671,0
DA:676,0
DA:677,0
DA:678,0
DA:679,0
DA:684,0
DA:687,1
DA:690,0
DA:693,0
DA:696,0
DA:699,0
DA:702,0
DA:704,0
DA:709,0
DA:710,0
DA:711,0
DA:713,0
DA:717,0
DA:720,0
DA:721,0
DA:724,0
DA:727,0
DA:728,0
DA:731,0
DA:734,0
DA:735,0
DA:738,0
DA:741,0
DA:742,0
DA:745,0
DA:747,0
DA:749,0
DA:753,0
DA:756,0
DA:757,0
DA:758,0
DA:759,0
DA:760,0
DA:761,0
DA:766,0
DA:769,1
DA:772,0
DA:775,0
DA:778,0
DA:781,0
DA:784,0
DA:786,0
DA:791,0
DA:792,0
DA:793,0
DA:795,0
DA:799,0
DA:802,0
DA:803,0
DA:806,0
DA:809,0
DA:810,0
DA:813,0
DA:816,0
DA:817,0
DA:820,0
DA:823,0
DA:824,0
DA:827,0
DA:829,0
DA:831,0
DA:837,0
DA:842,0
DA:843,0
DA:844,0
DA:845,0
DA:846,0
DA:847,0
DA:852,0
DA:863,1
DA:866,0
DA:869,0
DA:872,0
DA:875,0
DA:881,0
DA:886,0
DA:887,0
DA:889,0
DA:890,0
DA:892,0
DA:893,0
DA:895,0
DA:900,0
DA:901,0
DA:902,0
DA:904,0
DA:908,0
DA:911,0
DA:912,0
DA:915,0
DA:918,0
DA:919,0
DA:922,0
DA:925,0
DA:929,0
DA:932,0
DA:935,0
DA:939,0
DA:942,0
DA:945,0
DA:946,0
DA:949,0
DA:952,0
DA:955,0
DA:958,0
DA:961,0
DA:962,0
DA:965,0
DA:967,0
DA:969,0
DA:973,0
DA:976,0
DA:977,0
DA:978,0
DA:979,0
DA:983,0
DA:988,0
DA:989,0
DA:990,0
DA:991,0
DA:992,0
DA:997,0
DA:1000,1
DA:1003,0
DA:1006,0
DA:1008,0
DA:1013,0
DA:1014,0
DA:1015,0
DA:1017,0
DA:1021,0
DA:1024,0
DA:1025,0
DA:1028,0
DA:1030,0
DA:1032,0
DA:1038,0
DA:1043,0
DA:1044,0
DA:1045,0
DA:1050,0
DA:1053,1
DA:1056,0
DA:1059,0
DA:1062,0
DA:1065,0
DA:1068,0
DA:1070,0
DA:1071,0
DA:1073,0
DA:1078,0
DA:1079,0
DA:1080,0
DA:1082,0
DA:1086,0
DA:1089,0
DA:1090,0
DA:1093,0
DA:1096,0
DA:1097,0
DA:1100,0
DA:1103,0
DA:1104,0
DA:1107,0
DA:1110,0
DA:1113,0
DA:1116,0
DA:1119,0
DA:1122,0
DA:1125,0
DA:1127,0
DA:1129,0
DA:1135,0
DA:1140,0
DA:1141,0
DA:1142,0
DA:1143,0
DA:1144,0
DA:1145,0
DA:1146,0
DA:1147,0
DA:1152,0
DA:1163,1
DA:1166,0
DA:1169,0
DA:1172,0
DA:1175,0
DA:1178,0
DA:1181,0
DA:1184,0
DA:1187,0
DA:1190,0
DA:1192,0
DA:1197,0
DA:1198,0
DA:1199,0
DA:1201,0
DA:1205,0
DA:1208,0
DA:1209,0
DA:1212,0
DA:1215,0
DA:1216,0
DA:1219,0
DA:1222,0
DA:1223,0
DA:1226,0
DA:1229,0
DA:1230,0
DA:1233,0
DA:1236,0
DA:1239,0
DA:1242,0
DA:1245,0
DA:1246,0
DA:1249,0
DA:1252,0
DA:1253,0
DA:1256,0
DA:1259,0
DA:1260,0
DA:1263,0
DA:1265,0
DA:1267,0
DA:1273,0
DA:1278,0
DA:1279,0
DA:1280,0
DA:1281,0
DA:1282,0
DA:1283,0
DA:1284,0
DA:1285,0
DA:1286,0
DA:1287,0
DA:1292,0
DA:1306,1
DA:1309,0
DA:1312,0
DA:1315,0
DA:1318,0
DA:1321,0
DA:1324,0
DA:1327,0
DA:1330,0
DA:1333,0
DA:1336,0
DA:1339,0
DA:1342,0
DA:1345,0
DA:1348,0
DA:1350,0
DA:1351,0
DA:1354,0
DA:1356,0
DA:1361,0
DA:1362,0
DA:1363,0
DA:1365,0
DA:1369,0
DA:1372,0
DA:1373,0
DA:1376,0
DA:1379,0
DA:1380,0
DA:1383,0
DA:1386,0
DA:1387,0
DA:1390,0
DA:1393,0
DA:1394,0
DA:1397,0
DA:1400,0
DA:1401,0
DA:1404,0
DA:1407,0
DA:1408,0
DA:1411,0
DA:1414,0
DA:1415,0
DA:1418,0
DA:1421,0
DA:1422,0
DA:1425,0
DA:1428,0
DA:1429,0
DA:1432,0
DA:1435,0
DA:1436,0
DA:1439,0
DA:1442,0
DA:1443,0
DA:1446,0
DA:1449,0
DA:1450,0
DA:1453,0
DA:1456,0
DA:1457,0
DA:1460,0
DA:1463,0
DA:1466,0
DA:1469,0
DA:1472,0
DA:1473,0
DA:1476,0
DA:1478,0
DA:1480,0
DA:1484,0
DA:1489,0
DA:1490,0
DA:1491,0
DA:1492,0
DA:1493,0
DA:1494,0
DA:1495,0
DA:1496,0
DA:1500,0
DA:1501,0
DA:1502,0
DA:1503,0
DA:1504,0
DA:1505,0
DA:1506,0
DA:1507,0
DA:1508,0
DA:1509,0
DA:1514,0
DA:1517,1
DA:1520,0
DA:1523,0
DA:1526,0
DA:1529,0
DA:1532,0
DA:1535,0
DA:1538,0
DA:1541,0
DA:1544,0
DA:1547,0
DA:1550,0
DA:1553,0
DA:1556,0
DA:1559,0
DA:1561,0
DA:1562,0
DA:1565,0
DA:1570,0
DA:1575,0
DA:1576,0
DA:1577,0
DA:1579,0
DA:1583,0
DA:1586,0
DA:1587,0
DA:1590,0
DA:1593,0
DA:1594,0
DA:1597,0
DA:1600,0
DA:1601,0
DA:1604,0
DA:1607,0
DA:1608,0
DA:1611,0
DA:1614,0
DA:1615,0
DA:1618,0
DA:1621,0
DA:1622,0
DA:1625,0
DA:1628,0
DA:1629,0
DA:1632,0
DA:1635,0
DA:1636,0
DA:1639,0
DA:1642,0
DA:1643,0
DA:1646,0
DA:1649,0
DA:1650,0
DA:1653,0
DA:1656,0
DA:1657,0
DA:1660,0
DA:1663,0
DA:1664,0
DA:1667,0
DA:1670,0
DA:1671,0
DA:1674,0
DA:1677,0
DA:1680,0
DA:1683,0
DA:1686,0
DA:1690,0
DA:1693,0
DA:1695,0
DA:1697,0
DA:1703,0
DA:1708,0
DA:1709,0
DA:1710,0
DA:1711,0
DA:1712,0
DA:1713,0
DA:1714,0
DA:1715,0
DA:1719,0
DA:1720,0
DA:1721,0
DA:1722,0
DA:1723,0
DA:1724,0
DA:1725,0
DA:1726,0
DA:1727,0
DA:1731,0
DA:1736,0
DA:1753,1
DA:1756,0
DA:1759,0
DA:1762,0
DA:1765,0
DA:1768,0
DA:1771,0
DA:1774,0
DA:1777,0
DA:1780,0
DA:1783,0
DA:1786,0
DA:1789,0
DA:1792,0
DA:1795,0
DA:1797,0
DA:1805,0
DA:1806,0
DA:1807,0
DA:1809,0
DA:1813,0
DA:1816,0
DA:1817,0
DA:1820,0
DA:1823,0
DA:1824,0
DA:1827,0
DA:1830,0
DA:1831,0
DA:1834,0
DA:1837,0
DA:1838,0
DA:1841,0
DA:1844,0
DA:1845,0
DA:1848,0
DA:1851,0
DA:1852,0
DA:1855,0
DA:1858,0
DA:1859,0
DA:1862,0
DA:1865,0
DA:1866,0
DA:1869,0
DA:1872,0
DA:1873,0
DA:1876,0
DA:1879,0
DA:1880,0
DA:1883,0
DA:1886,0
DA:1887,0
DA:1890,0
DA:1893,0
DA:1894,0
DA:1897,0
DA:1900,0
DA:1901,0
DA:1904,0
DA:1906,0
DA:1908,0
DA:1914,0
DA:1919,0
DA:1920,0
DA:1921,0
DA:1922,0
DA:1923,0
DA:1924,0
DA:1925,0
DA:1926,0
DA:1927,0
DA:1928,0
DA:1929,0
DA:1930,0
DA:1931,0
DA:1933,0
DA:1934,0
DA:1939,0
DA:1942,1
DA:1945,0
DA:1948,0
DA:1951,0
DA:1954,0
DA:1957,0
DA:1960,0
DA:1962,0
DA:1967,0
DA:1968,0
DA:1969,0
DA:1971,0
DA:1975,0
DA:1978,0
DA:1979,0
DA:1982,0
DA:1985,0
DA:1986,0
DA:1989,0
DA:1992,0
DA:1993,0
DA:1996,0
DA:1999,0
DA:2000,0
DA:2003,0
DA:2006,0
DA:2007,0
DA:2010,0
DA:2012,0
DA:2014,0
DA:2018,0
DA:2021,0
DA:2022,0
DA:2023,0
DA:2024,0
DA:2025,0
DA:2026,0
DA:2027,0
DA:2032,0
DA:2035,1
DA:2038,0
DA:2041,0
DA:2044,0
DA:2049,0
DA:2054,0
DA:2055,0
DA:2056,0
DA:2058,0
DA:2062,0
DA:2065,0
DA:2066,0
DA:2069,0
DA:2072,0
DA:2076,0
DA:2079,0
DA:2081,0
DA:2083,0
DA:2087,0
DA:2090,0
DA:2091,0
DA:2092,0
DA:2096,0
DA:2101,0
DA:2104,1
DA:2107,0
DA:2110,0
DA:2113,0
DA:2116,0
DA:2121,0
DA:2126,0
DA:2127,0
DA:2128,0
DA:2130,0
DA:2134,0
DA:2137,0
DA:2138,0
DA:2141,0
DA:2144,0
DA:2145,0
DA:2148,0
DA:2151,0
DA:2155,0
DA:2158,0
DA:2160,0
DA:2162,0
DA:2166,0
DA:2171,0
DA:2172,0
DA:2173,0
DA:2174,0
DA:2178,0
DA:2183,0
DA:2186,1
DA:2189,0
DA:2192,0
DA:2195,0
DA:2198,0
DA:2200,0
DA:2201,0
DA:2203,0
DA:2204,0
DA:2206,0
DA:2214,0
DA:2215,0
DA:2216,0
DA:2218,0
DA:2222,0
DA:2225,0
DA:2226,0
DA:2229,0
DA:2232,0
DA:2233,0
DA:2236,0
DA:2239,0
DA:2240,0
DA:2243,0
DA:2246,0
DA:2247,0
DA:2250,0
DA:2253,0
DA:2256,0
DA:2259,0
DA:2261,0
DA:2263,0
DA:2269,0
DA:2274,0
DA:2275,0
DA:2276,0
DA:2277,0
DA:2278,0
DA:2279,0
DA:2280,0
DA:2281,0
DA:2317,0
DA:2321,0
DA:2325,0
DA:2326,0
LF:829
LH:51
BRDA:7,0,0,1
BRDA:7,0,1,1
BRDA:12,1,0,1
BRDA:12,1,1,1
BRDA:17,2,0,1
BRDA:17,2,1,1
BRDA:24,3,0,1
BRDA:24,3,1,1
BRDA:31,4,0,1
BRDA:31,4,1,1
BRDA:37,5,0,1
BRDA:37,5,1,1
BRDA:44,6,0,1
BRDA:44,6,1,1
BRDA:236,7,0,0
BRDA:252,8,0,0
BRDA:252,8,1,0
BRDA:253,9,0,0
BRDA:253,9,1,0
BRDA:258,10,0,0
BRDA:258,10,1,0
BRDA:273,11,0,0
BRDA:273,11,1,0
BRDA:284,12,0,0
BRDA:284,12,1,0
BRDA:284,13,0,0
BRDA:284,13,1,0
BRDA:290,14,0,0
BRDA:290,14,1,0
BRDA:290,15,0,0
BRDA:290,15,1,0
BRDA:291,16,0,0
BRDA:291,16,1,0
BRDA:291,17,0,0
BRDA:291,17,1,0
BRDA:303,18,0,0
BRDA:316,19,0,0
BRDA:316,19,1,0
BRDA:317,20,0,0
BRDA:317,20,1,0
BRDA:322,21,0,0
BRDA:330,22,0,0
BRDA:330,22,1,0
BRDA:341,23,0,0
BRDA:341,23,1,0
BRDA:341,24,0,0
BRDA:341,24,1,0
BRDA:347,25,0,0
BRDA:347,25,1,0
BRDA:347,26,0,0
BRDA:347,26,1,0
BRDA:366,27,0,0
BRDA:403,28,0,0
BRDA:403,28,1,0
BRDA:404,29,0,0
BRDA:404,29,1,0
BRDA:409,30,0,0
BRDA:409,30,1,0
BRDA:409,30,2,0
BRDA:409,30,3,0
BRDA:409,30,4,0
BRDA:409,30,5,0
BRDA:409,30,6,0
BRDA:409,30,7,0
BRDA:409,30,8,0
BRDA:476,31,0,0
BRDA:476,31,1,0
BRDA:487,32,0,0
BRDA:487,32,1,0
BRDA:487,33,0,0
BRDA:487,33,1,0
BRDA:493,34,0,0
BRDA:493,34,1,0
BRDA:493,35,0,0
BRDA:493,35,1,0
BRDA:494,36,0,0
BRDA:494,36,1,0
BRDA:494,37,0,0
BRDA:494,37,1,0
BRDA:495,38,0,0
BRDA:495,38,1,0
BRDA:495,39,0,0
BRDA:495,39,1,0
BRDA:496,40,0,0
BRDA:496,40,1,0
BRDA:496,41,0,0
BRDA:496,41,1,0
BRDA:497,42,0,0
BRDA:497,42,1,0
BRDA:497,43,0,0
BRDA:497,43,1,0
BRDA:498,44,0,0
BRDA:498,44,1,0
BRDA:498,45,0,0
BRDA:498,45,1,0
BRDA:499,46,0,0
BRDA:499,46,1,0
BRDA:499,47,0,0
BRDA:499,47,1,0
BRDA:500,48,0,0
BRDA:500,48,1,0
BRDA:500,49,0,0
BRDA:500,49,1,0
BRDA:502,50,0,0
BRDA:502,50,1,0
BRDA:502,51,0,0
BRDA:502,51,1,0
BRDA:526,52,0,0
BRDA:566,53,0,0
BRDA:566,53,1,0
BRDA:567,54,0,0
BRDA:567,54,1,0
BRDA:572,55,0,0
BRDA:572,55,1,0
BRDA:572,55,2,0
BRDA:572,55,3,0
BRDA:572,55,4,0
BRDA:572,55,5,0
BRDA:572,55,6,0
BRDA:572,55,7,0
BRDA:572,55,8,0
BRDA:643,56,0,0
BRDA:643,56,1,0
BRDA:654,57,0,0
BRDA:654,57,1,0
BRDA:654,58,0,0
BRDA:654,58,1,0
BRDA:660,59,0,0
BRDA:660,59,1,0
BRDA:660,60,0,0
BRDA:660,60,1,0
BRDA:661,61,0,0
BRDA:661,61,1,0
BRDA:661,62,0,0
BRDA:661,62,1,0
BRDA:662,63,0,0
BRDA:662,63,1,0
BRDA:662,64,0,0
BRDA:662,64,1,0
BRDA:663,65,0,0
BRDA:663,65,1,0
BRDA:663,66,0,0
BRDA:663,66,1,0
BRDA:665,67,0,0
BRDA:665,67,1,0
BRDA:665,68,0,0
BRDA:665,68,1,0
BRDA:672,69,0,0
BRDA:672,69,1,0
BRDA:672,70,0,0
BRDA:672,70,1,0
BRDA:676,71,0,0
BRDA:676,71,1,0
BRDA:676,72,0,0
BRDA:676,72,1,0
BRDA:677,73,0,0
BRDA:677,73,1,0
BRDA:677,74,0,0
BRDA:677,74,1,0
BRDA:678,75,0,0
BRDA:678,75,1,0
BRDA:678,76,0,0
BRDA:678,76,1,0
BRDA:690,77,0,0
BRDA:709,78,0,0
BRDA:709,78,1,0
BRDA:710,79,0,0
BRDA:710,79,1,0
BRDA:715,80,0,0
BRDA:715,80,1,0
BRDA:715,80,2,0
BRDA:715,80,3,0
BRDA:744,81,0,0
BRDA:744,81,1,0
BRDA:753,82,0,0
BRDA:753,82,1,0
BRDA:753,83,0,0
BRDA:753,83,1,0
BRDA:757,84,0,0
BRDA:757,84,1,0
BRDA:757,85,0,0
BRDA:757,85,1,0
BRDA:758,86,0,0
BRDA:758,86,1,0
BRDA:758,87,0,0
BRDA:758,87,1,0
BRDA:759,88,0,0
BRDA:759,88,1,0
BRDA:759,89,0,0
BRDA:759,89,1,0
BRDA:760,90,0,0
BRDA:760,90,1,0
BRDA:760,91,0,0
BRDA:760,91,1,0
BRDA:772,92,0,0
BRDA:791,93,0,0
BRDA:791,93,1,0
BRDA:792,94,0,0
BRDA:792,94,1,0
BRDA:797,95,0,0
BRDA:797,95,1,0
BRDA:797,95,2,0
BRDA:797,95,3,0
BRDA:826,96,0,0
BRDA:826,96,1,0
BRDA:837,97,0,0
BRDA:837,97,1,0
BRDA:837,98,0,0
BRDA:837,98,1,0
BRDA:843,99,0,0
BRDA:843,99,1,0
BRDA:843,100,0,0
BRDA:843,100,1,0
BRDA:844,101,0,0
BRDA:844,101,1,0
BRDA:844,102,0,0
BRDA:844,102,1,0
BRDA:845,103,0,0
BRDA:845,103,1,0
BRDA:845,104,0,0
BRDA:845,104,1,0
BRDA:846,105,0,0
BRDA:846,105,1,0
BRDA:846,106,0,0
BRDA:846,106,1,0
BRDA:866,107,0,0
BRDA:900,108,0,0
BRDA:900,108,1,0
BRDA:901,109,0,0
BRDA:901,109,1,0
BRDA:906,110,0,0
BRDA:906,110,1,0
BRDA:906,110,2,0
BRDA:906,110,3,0
BRDA:906,110,4,0
BRDA:906,110,5,0
BRDA:906,110,6,0
BRDA:964,111,0,0
BRDA:964,111,1,0
BRDA:973,112,0,0
BRDA:973,112,1,0
BRDA:973,113,0,0
BRDA:973,113,1,0
BRDA:977,114,0,0
BRDA:977,114,1,0
BRDA:977,115,0,0
BRDA:977,115,1,0
BRDA:978,116,0,0
BRDA:978,116,1,0
BRDA:978,117,0,0
BRDA:978,117,1,0
BRDA:980,118,0,0
BRDA:980,118,1,0
BRDA:980,119,0,0
BRDA:980,119,1,0
BRDA:984,120,0,0
BRDA:984,120,1,0
BRDA:984,121,0,0
BRDA:984,121,1,0
BRDA:988,122,0,0
BRDA:988,122,1,0
BRDA:988,123,0,0
BRDA:988,123,1,0
BRDA:988,124,0,0
BRDA:988,124,1,0
BRDA:990,125,0,0
BRDA:990,125,1,0
BRDA:990,126,0,0
BRDA:990,126,1,0
BRDA:990,127,0,0
BRDA:990,127,1,0
BRDA:991,128,0,0
BRDA:991,128,1,0
BRDA:991,129,0,0
BRDA:991,129,1,0
BRDA:991,130,0,0
BRDA:991,130,1,0
BRDA:1003,131,0,0
BRDA:1013,132,0,0
BRDA:1013,132,1,0
BRDA:1014,133,0,0
BRDA:1014,133,1,0
BRDA:1019,134,0,0
BRDA:1027,135,0,0
BRDA:1027,135,1,0
BRDA:1038,136,0,0
BRDA:1038,136,1,0
BRDA:1038,137,0,0
BRDA:1038,137,1,0
BRDA:1044,138,0,0
BRDA:1044,138,1,0
BRDA:1044,139,0,0
BRDA:1044,139,1,0
BRDA:1056,140,0,0
BRDA:1078,141,0,0
BRDA:1078,141,1,0
BRDA:1079,142,0,0
BRDA:1079,142,1,0
BRDA:1084,143,0,0
BRDA:1084,143,1,0
BRDA:1084,143,2,0
BRDA:1084,143,3,0
BRDA:1084,143,4,0
BRDA:1124,144,0,0
BRDA:1124,144,1,0
BRDA:1135,145,0,0
BRDA:1135,145,1,0
BRDA:1135,146,0,0
BRDA:1135,146,1,0
BRDA:1141,147,0,0
BRDA:1141,147,1,0
BRDA:1141,148,0,0
BRDA:1141,148,1,0
BRDA:1142,149,0,0
BRDA:1142,149,1,0
BRDA:1142,150,0,0
BRDA:1142,150,1,0
BRDA:1143,151,0,0
BRDA:1143,151,1,0
BRDA:1143,152,0,0
BRDA:1143,152,1,0
BRDA:1144,153,0,0
BRDA:1144,153,1,0
BRDA:1144,154,0,0
BRDA:1144,154,1,0
BRDA:1146,155,0,0
BRDA:1146,155,1,0
BRDA:1146,156,0,0
BRDA:1146,156,1,0
BRDA:1146,157,0,0
BRDA:1146,157,1,0
BRDA:1166,158,0,0
BRDA:1197,159,0,0
BRDA:1197,159,1,0
BRDA:1198,160,0,0
BRDA:1198,160,1,0
BRDA:1203,161,0,0
BRDA:1203,161,1,0
BRDA:1203,161,2,0
BRDA:1203,161,3,0
BRDA:1203,161,4,0
BRDA:1203,161,5,0
BRDA:1203,161,6,0
BRDA:1203,161,7,0
BRDA:1262,162,0,0
BRDA:1262,162,1,0
BRDA:1273,163,0,0
BRDA:1273,163,1,0
BRDA:1273,164,0,0
BRDA:1273,164,1,0
BRDA:1279,165,0,0
BRDA:1279,165,1,0
BRDA:1279,166,0,0
BRDA:1279,166,1,0
BRDA:1280,167,0,0
BRDA:1280,167,1,0
BRDA:1280,168,0,0
BRDA:1280,168,1,0
BRDA:1281,169,0,0
BRDA:1281,169,1,0
BRDA:1281,170,0,0
BRDA:1281,170,1,0
BRDA:1282,171,0,0
BRDA:1282,171,1,0
BRDA:1282,172,0,0
BRDA:1282,172,1,0
BRDA:1283,173,0,0
BRDA:1283,173,1,0
BRDA:1283,174,0,0
BRDA:1283,174,1,0
BRDA:1284,175,0,0
BRDA:1284,175,1,0
BRDA:1284,176,0,0
BRDA:1284,176,1,0
BRDA:1285,177,0,0
BRDA:1285,177,1,0
BRDA:1285,178,0,0
BRDA:1285,178,1,0
BRDA:1286,179,0,0
BRDA:1286,179,1,0
BRDA:1286,180,0,0
BRDA:1286,180,1,0
BRDA:1309,181,0,0
BRDA:1361,182,0,0
BRDA:1361,182,1,0
BRDA:1362,183,0,0
BRDA:1362,183,1,0
BRDA:1367,184,0,0
BRDA:1367,184,1,0
BRDA:1367,184,2,0
BRDA:1367,184,3,0
BRDA:1367,184,4,0
BRDA:1367,184,5,0
BRDA:1367,184,6,0
BRDA:1367,184,7,0
BRDA:1367,184,8,0
BRDA:1367,184,9,0
BRDA:1367,184,10,0
BRDA:1367,184,11,0
BRDA:1367,184,12,0
BRDA:1367,184,13,0
BRDA:1367,184,14,0
BRDA:1475,185,0,0
BRDA:1475,185,1,0
BRDA:1484,186,0,0
BRDA:1484,186,1,0
BRDA:1484,187,0,0
BRDA:1484,187,1,0
BRDA:1490,188,0,0
BRDA:1490,188,1,0
BRDA:1490,189,0,0
BRDA:1490,189,1,0
BRDA:1491,190,0,0
BRDA:1491,190,1,0
BRDA:1491,191,0,0
BRDA:1491,191,1,0
BRDA:1492,192,0,0
BRDA:1492,192,1,0
BRDA:1492,193,0,0
BRDA:1492,193,1,0
BRDA:1493,194,0,0
BRDA:1493,194,1,0
BRDA:1493,195,0,0
BRDA:1493,195,1,0
BRDA:1494,196,0,0
BRDA:1494,196,1,0
BRDA:1494,197,0,0
BRDA:1494,197,1,0
BRDA:1495,198,0,0
BRDA:1495,198,1,0
BRDA:1495,199,0,0
BRDA:1495,199,1,0
BRDA:1497,200,0,0
BRDA:1497,200,1,0
BRDA:1497,201,0,0
BRDA:1497,201,1,0
BRDA:1500,202,0,0
BRDA:1500,202,1,0
BRDA:1500,203,0,0
BRDA:1500,203,1,0
BRDA:1501,204,0,0
BRDA:1501,204,1,0
BRDA:1501,205,0,0
BRDA:1501,205,1,0
BRDA:1502,206,0,0
BRDA:1502,206,1,0
BRDA:1502,207,0,0
BRDA:1502,207,1,0
BRDA:1503,208,0,0
BRDA:1503,208,1,0
BRDA:1503,209,0,0
BRDA:1503,209,1,0
BRDA:1504,210,0,0
BRDA:1504,210,1,0
BRDA:1504,211,0,0
BRDA:1504,211,1,0
BRDA:1505,212,0,0
BRDA:1505,212,1,0
BRDA:1505,213,0,0
BRDA:1505,213,1,0
BRDA:1507,214,0,0
BRDA:1507,214,1,0
BRDA:1507,215,0,0
BRDA:1507,215,1,0
BRDA:1507,216,0,0
BRDA:1507,216,1,0
BRDA:1508,217,0,0
BRDA:1508,217,1,0
BRDA:1508,218,0,0
BRDA:1508,218,1,0
BRDA:1520,219,0,0
BRDA:1575,220,0,0
BRDA:1575,220,1,0
BRDA:1576,221,0,0
BRDA:1576,221,1,0
BRDA:1581,222,0,0
BRDA:1581,222,1,0
BRDA:1581,222,2,0
BRDA:1581,222,3,0
BRDA:1581,222,4,0
BRDA:1581,222,5,0
BRDA:1581,222,6,0
BRDA:1581,222,7,0
BRDA:1581,222,8,0
BRDA:1581,222,9,0
BRDA:1581,222,10,0
BRDA:1581,222,11,0
BRDA:1581,222,12,0
BRDA:1581,222,13,0
BRDA:1581,222,14,0
BRDA:1692,223,0,0
BRDA:1692,223,1,0
BRDA:1703,224,0,0
BRDA:1703,224,1,0
BRDA:1703,225,0,0
BRDA:1703,225,1,0
BRDA:1709,226,0,0
BRDA:1709,226,1,0
BRDA:1709,227,0,0
BRDA:1709,227,1,0
BRDA:1710,228,0,0
BRDA:1710,228,1,0
BRDA:1710,229,0,0
BRDA:1710,229,1,0
BRDA:1711,230,0,0
BRDA:1711,230,1,0
BRDA:1711,231,0,0
BRDA:1711,231,1,0
BRDA:1712,232,0,0
BRDA:1712,232,1,0
BRDA:1712,233,0,0
BRDA:1712,233,1,0
BRDA:1713,234,0,0
BRDA:1713,234,1,0
BRDA:1713,235,0,0
BRDA:1713,235,1,0
BRDA:1714,236,0,0
BRDA:1714,236,1,0
BRDA:1714,237,0,0
BRDA:1714,237,1,0
BRDA:1716,238,0,0
BRDA:1716,238,1,0
BRDA:1716,239,0,0
BRDA:1716,239,1,0
BRDA:1719,240,0,0
BRDA:1719,240,1,0
BRDA:1719,241,0,0
BRDA:1719,241,1,0
BRDA:1720,242,0,0
BRDA:1720,242,1,0
BRDA:1720,243,0,0
BRDA:1720,243,1,0
BRDA:1721,244,0,0
BRDA:1721,244,1,0
BRDA:1721,245,0,0
BRDA:1721,245,1,0
BRDA:1722,246,0,0
BRDA:1722,246,1,0
BRDA:1722,247,0,0
BRDA:1722,247,1,0
BRDA:1723,248,0,0
BRDA:1723,248,1,0
BRDA:1723,249,0,0
BRDA:1723,249,1,0
BRDA:1724,250,0,0
BRDA:1724,250,1,0
BRDA:1724,251,0,0
BRDA:1724,251,1,0
BRDA:1726,252,0,0
BRDA:1726,252,1,0
BRDA:1726,253,0,0
BRDA:1726,253,1,0
BRDA:1726,254,0,0
BRDA:1726,254,1,0
BRDA:1728,255,0,0
BRDA:1728,255,1,0
BRDA:1728,256,0,0
BRDA:1728,256,1,0
BRDA:1756,257,0,0
BRDA:1805,258,0,0
BRDA:1805,258,1,0
BRDA:1806,259,0,0
BRDA:1806,259,1,0
BRDA:1811,260,0,0
BRDA:1811,260,1,0
BRDA:1811,260,2,0
BRDA:1811,260,3,0
BRDA:1811,260,4,0
BRDA:1811,260,5,0
BRDA:1811,260,6,0
BRDA:1811,260,7,0
BRDA:1811,260,8,0
BRDA:1811,260,9,0
BRDA:1811,260,10,0
BRDA:1811,260,11,0
BRDA:1811,260,12,0
BRDA:1903,261,0,0
BRDA:1903,261,1,0
BRDA:1914,262,0,0
BRDA:1914,262,1,0
BRDA:1914,263,0,0
BRDA:1914,263,1,0
BRDA:1920,264,0,0
BRDA:1920,264,1,0
BRDA:1920,265,0,0
BRDA:1920,265,1,0
BRDA:1921,266,0,0
BRDA:1921,266,1,0
BRDA:1921,267,0,0
BRDA:1921,267,1,0
BRDA:1922,268,0,0
BRDA:1922,268,1,0
BRDA:1922,269,0,0
BRDA:1922,269,1,0
BRDA:1923,270,0,0
BRDA:1923,270,1,0
BRDA:1923,271,0,0
BRDA:1923,271,1,0
BRDA:1924,272,0,0
BRDA:1924,272,1,0
BRDA:1924,273,0,0
BRDA:1924,273,1,0
BRDA:1925,274,0,0
BRDA:1925,274,1,0
BRDA:1925,275,0,0
BRDA:1925,275,1,0
BRDA:1926,276,0,0
BRDA:1926,276,1,0
BRDA:1926,277,0,0
BRDA:1926,277,1,0
BRDA:1927,278,0,0
BRDA:1927,278,1,0
BRDA:1927,279,0,0
BRDA:1927,279,1,0
BRDA:1928,280,0,0
BRDA:1928,280,1,0
BRDA:1928,281,0,0
BRDA:1928,281,1,0
BRDA:1929,282,0,0
BRDA:1929,282,1,0
BRDA:1929,283,0,0
BRDA:1929,283,1,0
BRDA:1930,284,0,0
BRDA:1930,284,1,0
BRDA:1930,285,0,0
BRDA:1930,285,1,0
BRDA:1932,286,0,0
BRDA:1932,286,1,0
BRDA:1932,287,0,0
BRDA:1932,287,1,0
BRDA:1933,288,0,0
BRDA:1933,288,1,0
BRDA:1933,289,0,0
BRDA:1933,289,1,0
BRDA:1945,290,0,0
BRDA:1967,291,0,0
BRDA:1967,291,1,0
BRDA:1968,292,0,0
BRDA:1968,292,1,0
BRDA:1973,293,0,0
BRDA:1973,293,1,0
BRDA:1973,293,2,0
BRDA:1973,293,3,0
BRDA:1973,293,4,0
BRDA:2009,294,0,0
BRDA:2009,294,1,0
BRDA:2018,295,0,0
BRDA:2018,295,1,0
BRDA:2018,296,0,0
BRDA:2018,296,1,0
BRDA:2022,297,0,0
BRDA:2022,297,1,0
BRDA:2022,298,0,0
BRDA:2022,298,1,0
BRDA:2023,299,0,0
BRDA:2023,299,1,0
BRDA:2023,300,0,0
BRDA:2023,300,1,0
BRDA:2024,301,0,0
BRDA:2024,301,1,0
BRDA:2024,302,0,0
BRDA:2024,302,1,0
BRDA:2025,303,0,0
BRDA:2025,303,1,0
BRDA:2025,304,0,0
BRDA:2025,304,1,0
BRDA:2026,305,0,0
BRDA:2026,305,1,0
BRDA:2026,306,0,0
BRDA:2026,306,1,0
BRDA:2038,307,0,0
BRDA:2054,308,0,0
BRDA:2054,308,1,0
BRDA:2055,309,0,0
BRDA:2055,309,1,0
BRDA:2060,310,0,0
BRDA:2060,310,1,0
BRDA:2078,311,0,0
BRDA:2078,311,1,0
BRDA:2087,312,0,0
BRDA:2087,312,1,0
BRDA:2087,313,0,0
BRDA:2087,313,1,0
BRDA:2091,314,0,0
BRDA:2091,314,1,0
BRDA:2091,315,0,0
BRDA:2091,315,1,0
BRDA:2093,316,0,0
BRDA:2093,316,1,0
BRDA:2093,317,0,0
BRDA:2093,317,1,0
BRDA:2107,318,0,0
BRDA:2126,319,0,0
BRDA:2126,319,1,0
BRDA:2127,320,0,0
BRDA:2127,320,1,0
BRDA:2132,321,0,0
BRDA:2132,321,1,0
BRDA:2132,321,2,0
BRDA:2157,322,0,0
BRDA:2157,322,1,0
BRDA:2166,323,0,0
BRDA:2166,323,1,0
BRDA:2166,324,0,0
BRDA:2166,324,1,0
BRDA:2172,325,0,0
BRDA:2172,325,1,0
BRDA:2172,326,0,0
BRDA:2172,326,1,0
BRDA:2173,327,0,0
BRDA:2173,327,1,0
BRDA:2173,328,0,0
BRDA:2173,328,1,0
BRDA:2175,329,0,0
BRDA:2175,329,1,0
BRDA:2175,330,0,0
BRDA:2175,330,1,0
BRDA:2189,331,0,0
BRDA:2214,332,0,0
BRDA:2214,332,1,0
BRDA:2215,333,0,0
BRDA:2215,333,1,0
BRDA:2220,334,0,0
BRDA:2220,334,1,0
BRDA:2220,334,2,0
BRDA:2220,334,3,0
BRDA:2220,334,4,0
BRDA:2258,335,0,0
BRDA:2258,335,1,0
BRDA:2269,336,0,0
BRDA:2269,336,1,0
BRDA:2269,337,0,0
BRDA:2269,337,1,0
BRDA:2275,338,0,0
BRDA:2275,338,1,0
BRDA:2275,339,0,0
BRDA:2275,339,1,0
BRDA:2276,340,0,0
BRDA:2276,340,1,0
BRDA:2276,341,0,0
BRDA:2276,341,1,0
BRDA:2277,342,0,0
BRDA:2277,342,1,0
BRDA:2277,343,0,0
BRDA:2277,343,1,0
BRDA:2278,344,0,0
BRDA:2278,344,1,0
BRDA:2278,345,0,0
BRDA:2278,345,1,0
BRDA:2278,346,0,0
BRDA:2278,346,1,0
BRDA:2280,347,0,0
BRDA:2280,347,1,0
BRDA:2280,348,0,0
BRDA:2280,348,1,0
BRDA:2280,349,0,0
BRDA:2280,349,1,0
BRF:757
BRH:14
end_of_record
